[ 2017-05-31T08:49:40+08:00 ] 127.0.0.1 /favicon.ico
INFO: [ app_init ] --START--
INFO: Run Behavior\BuildLiteBehavior [ RunTime:0.000020s ]
INFO: [ app_init ] --END-- [ RunTime:0.000358s ]
ERR: 无法加载模块:Favicon

[ 2017-05-31T09:10:03+08:00 ] 127.0.0.1 /favicon.ico
INFO: [ app_init ] --START--
INFO: Run Behavior\BuildLiteBehavior [ RunTime:0.000038s ]
INFO: [ app_init ] --END-- [ RunTime:0.000850s ]
ERR: 无法加载模块:Favicon

[ 2017-05-31T09:10:03+08:00 ] 127.0.0.1 /favicon.ico
INFO: [ app_init ] --START--
INFO: Run Behavior\BuildLiteBehavior [ RunTime:0.000023s ]
INFO: [ app_init ] --END-- [ RunTime:0.000452s ]
ERR: 无法加载模块:Favicon

[ 2017-05-31T09:10:23+08:00 ] 127.0.0.1 /Public/admin/lib/webuploader/0.1.5/webuploader.css
INFO: [ app_init ] --START--
INFO: Run Behavior\BuildLiteBehavior [ RunTime:0.000022s ]
INFO: [ app_init ] --END-- [ RunTime:0.000492s ]
ERR: 无法加载模块:Public

[ 2017-05-31T09:10:33+08:00 ] 127.0.0.1 /Public/admin/lib/webuploader/0.1.5/webuploader.css
INFO: [ app_init ] --START--
INFO: Run Behavior\BuildLiteBehavior [ RunTime:0.000042s ]
INFO: [ app_init ] --END-- [ RunTime:0.000688s ]
ERR: 无法加载模块:Public

[ 2017-05-31T09:10:43+08:00 ] 127.0.0.1 /Public/admin/css/skin_icons.png
INFO: [ app_init ] --START--
INFO: Run Behavior\BuildLiteBehavior [ RunTime:0.000037s ]
INFO: [ app_init ] --END-- [ RunTime:0.000674s ]
ERR: 无法加载模块:Public

[ 2017-05-31T09:33:53+08:00 ] 127.0.0.1 /Public/admin/lib/webuploader/0.1.5/webuploader.css
INFO: [ app_init ] --START--
INFO: Run Behavior\BuildLiteBehavior [ RunTime:0.000026s ]
INFO: [ app_init ] --END-- [ RunTime:0.000797s ]
ERR: 无法加载模块:Public

[ 2017-05-31T09:51:04+08:00 ] 127.0.0.1 /Public/admin/lib/jquery/1.9.1/jquery.min.map
INFO: [ app_init ] --START--
INFO: Run Behavior\BuildLiteBehavior [ RunTime:0.000022s ]
INFO: [ app_init ] --END-- [ RunTime:0.000420s ]
ERR: 无法加载模块:Public

[ 2017-05-31T10:00:18+08:00 ] 127.0.0.1 /Public/admin/lib/webuploader/0.1.5/webuploader.css
INFO: [ app_init ] --START--
INFO: Run Behavior\BuildLiteBehavior [ RunTime:0.000022s ]
INFO: [ app_init ] --END-- [ RunTime:0.000500s ]
ERR: 无法加载模块:Public

[ 2017-05-31T10:00:36+08:00 ] 127.0.0.1 /Public/admin/css/skin_icons.png
INFO: [ app_init ] --START--
INFO: Run Behavior\BuildLiteBehavior [ RunTime:0.000024s ]
INFO: [ app_init ] --END-- [ RunTime:0.000470s ]
ERR: 无法加载模块:Public

[ 2017-05-31T10:16:33+08:00 ] 127.0.0.1 /Public/admin/lib/jquery/1.9.1/jquery.min.map
INFO: [ app_init ] --START--
INFO: Run Behavior\BuildLiteBehavior [ RunTime:0.000022s ]
INFO: [ app_init ] --END-- [ RunTime:0.000416s ]
ERR: 无法加载模块:Public

[ 2017-05-31T10:23:20+08:00 ] 127.0.0.1 /Public/admin/lib/webuploader/0.1.5/webuploader.css
INFO: [ app_init ] --START--
INFO: Run Behavior\BuildLiteBehavior [ RunTime:0.000022s ]
INFO: [ app_init ] --END-- [ RunTime:0.000422s ]
ERR: 无法加载模块:Public

[ 2017-05-31T10:23:46+08:00 ] 127.0.0.1 /Public/admin/css/skin_icons.png
INFO: [ app_init ] --START--
INFO: Run Behavior\BuildLiteBehavior [ RunTime:0.000024s ]
INFO: [ app_init ] --END-- [ RunTime:0.000453s ]
ERR: 无法加载模块:Public

[ 2017-05-31T10:29:10+08:00 ] 127.0.0.1 /Public/admin/lib/webuploader/0.1.5/webuploader.css
INFO: [ app_init ] --START--
INFO: Run Behavior\BuildLiteBehavior [ RunTime:0.000024s ]
INFO: [ app_init ] --END-- [ RunTime:0.000518s ]
ERR: 无法加载模块:Public

[ 2017-05-31T10:29:46+08:00 ] 127.0.0.1 /Public/admin/lib/webuploader/0.1.5/webuploader.css
INFO: [ app_init ] --START--
INFO: Run Behavior\BuildLiteBehavior [ RunTime:0.000021s ]
INFO: [ app_init ] --END-- [ RunTime:0.000408s ]
ERR: 无法加载模块:Public

[ 2017-05-31T10:30:39+08:00 ] 127.0.0.1 /Public/admin/lib/webuploader/0.1.5/webuploader.css
INFO: [ app_init ] --START--
INFO: Run Behavior\BuildLiteBehavior [ RunTime:0.000021s ]
INFO: [ app_init ] --END-- [ RunTime:0.000393s ]
ERR: 无法加载模块:Public

[ 2017-05-31T10:35:01+08:00 ] 127.0.0.1 /Public/admin/lib/webuploader/0.1.5/webuploader.css
INFO: [ app_init ] --START--
INFO: Run Behavior\BuildLiteBehavior [ RunTime:0.000038s ]
INFO: [ app_init ] --END-- [ RunTime:0.000672s ]
ERR: 无法加载模块:Public

[ 2017-05-31T10:35:22+08:00 ] 127.0.0.1 /Public/admin/lib/webuploader/0.1.5/webuploader.css
INFO: [ app_init ] --START--
INFO: Run Behavior\BuildLiteBehavior [ RunTime:0.000028s ]
INFO: [ app_init ] --END-- [ RunTime:0.000476s ]
ERR: 无法加载模块:Public

[ 2017-05-31T10:55:37+08:00 ] 127.0.0.1 /Public/admin/lib/webuploader/0.1.5/webuploader.css
INFO: [ app_init ] --START--
INFO: Run Behavior\BuildLiteBehavior [ RunTime:0.000022s ]
INFO: [ app_init ] --END-- [ RunTime:0.000447s ]
ERR: 无法加载模块:Public

[ 2017-05-31T10:55:45+08:00 ] 127.0.0.1 /Public/admin/lib/webuploader/0.1.5/webuploader.css
INFO: [ app_init ] --START--
INFO: Run Behavior\BuildLiteBehavior [ RunTime:0.000021s ]
INFO: [ app_init ] --END-- [ RunTime:0.000436s ]
ERR: 无法加载模块:Public

[ 2017-05-31T14:05:30+08:00 ] 127.0.0.1 /Public/admin/lib/webuploader/0.1.5/webuploader.css
INFO: [ app_init ] --START--
INFO: Run Behavior\BuildLiteBehavior [ RunTime:0.000022s ]
INFO: [ app_init ] --END-- [ RunTime:0.000426s ]
ERR: 无法加载模块:Public

[ 2017-05-31T14:10:09+08:00 ] 127.0.0.1 /Public/admin/lib/webuploader/0.1.5/webuploader.css
INFO: [ app_init ] --START--
INFO: Run Behavior\BuildLiteBehavior [ RunTime:0.000023s ]
INFO: [ app_init ] --END-- [ RunTime:0.000538s ]
ERR: 无法加载模块:Public

[ 2017-05-31T14:13:48+08:00 ] 127.0.0.1 /Public/admin/lib/webuploader/0.1.5/webuploader.css
INFO: [ app_init ] --START--
INFO: Run Behavior\BuildLiteBehavior [ RunTime:0.000023s ]
INFO: [ app_init ] --END-- [ RunTime:0.000482s ]
ERR: 无法加载模块:Public

[ 2017-05-31T14:14:09+08:00 ] 127.0.0.1 /Public/admin/lib/webuploader/0.1.5/webuploader.css
INFO: [ app_init ] --START--
INFO: Run Behavior\BuildLiteBehavior [ RunTime:0.000038s ]
INFO: [ app_init ] --END-- [ RunTime:0.000584s ]
ERR: 无法加载模块:Public

[ 2017-05-31T14:43:13+08:00 ] 127.0.0.1 /Public/admin/lib/webuploader/0.1.5/webuploader.css
INFO: [ app_init ] --START--
INFO: Run Behavior\BuildLiteBehavior [ RunTime:0.000022s ]
INFO: [ app_init ] --END-- [ RunTime:0.000402s ]
ERR: 无法加载模块:Public

[ 2017-05-31T14:43:23+08:00 ] 127.0.0.1 /Public/admin/lib/webuploader/0.1.5/webuploader.css
INFO: [ app_init ] --START--
INFO: Run Behavior\BuildLiteBehavior [ RunTime:0.000022s ]
INFO: [ app_init ] --END-- [ RunTime:0.000410s ]
ERR: 无法加载模块:Public

[ 2017-05-31T15:09:04+08:00 ] 127.0.0.1 /Public/admin/lib/webuploader/0.1.5/webuploader.css
INFO: [ app_init ] --START--
INFO: Run Behavior\BuildLiteBehavior [ RunTime:0.000021s ]
INFO: [ app_init ] --END-- [ RunTime:0.000433s ]
ERR: 无法加载模块:Public

[ 2017-05-31T15:10:11+08:00 ] 127.0.0.1 /Public/admin/lib/webuploader/0.1.5/webuploader.css
INFO: [ app_init ] --START--
INFO: Run Behavior\BuildLiteBehavior [ RunTime:0.000021s ]
INFO: [ app_init ] --END-- [ RunTime:0.000443s ]
ERR: 无法加载模块:Public

[ 2017-05-31T15:10:27+08:00 ] 127.0.0.1 /Public/admin/lib/webuploader/0.1.5/webuploader.css
INFO: [ app_init ] --START--
INFO: Run Behavior\BuildLiteBehavior [ RunTime:0.000021s ]
INFO: [ app_init ] --END-- [ RunTime:0.000426s ]
ERR: 无法加载模块:Public

[ 2017-05-31T15:14:35+08:00 ] 127.0.0.1 /Public/admin/lib/webuploader/0.1.5/webuploader.css
INFO: [ app_init ] --START--
INFO: Run Behavior\BuildLiteBehavior [ RunTime:0.000039s ]
INFO: [ app_init ] --END-- [ RunTime:0.000709s ]
ERR: 无法加载模块:Public

[ 2017-05-31T15:14:43+08:00 ] 127.0.0.1 /Public/admin/lib/webuploader/0.1.5/webuploader.css
INFO: [ app_init ] --START--
INFO: Run Behavior\BuildLiteBehavior [ RunTime:0.000023s ]
INFO: [ app_init ] --END-- [ RunTime:0.000515s ]
ERR: 无法加载模块:Public

[ 2017-05-31T16:51:43+08:00 ] 127.0.0.1 /Public/admin/lib/webuploader/0.1.5/webuploader.css
INFO: [ app_init ] --START--
INFO: Run Behavior\BuildLiteBehavior [ RunTime:0.000021s ]
INFO: [ app_init ] --END-- [ RunTime:0.000440s ]
ERR: 无法加载模块:Public

[ 2017-05-31T17:07:37+08:00 ] 127.0.0.1 /Public/admin/lib/webuploader/0.1.5/webuploader.css
INFO: [ app_init ] --START--
INFO: Run Behavior\BuildLiteBehavior [ RunTime:0.000021s ]
INFO: [ app_init ] --END-- [ RunTime:0.000409s ]
ERR: 无法加载模块:Public

[ 2017-05-31T17:16:09+08:00 ] 127.0.0.1 /Public/admin/lib/webuploader/0.1.5/webuploader.css
INFO: [ app_init ] --START--
INFO: Run Behavior\BuildLiteBehavior [ RunTime:0.000022s ]
INFO: [ app_init ] --END-- [ RunTime:0.000430s ]
ERR: 无法加载模块:Public

