[ 2017-06-01T09:23:29+08:00 ] 127.0.0.1 /index.php/Admin/
INFO: [ app_init ] --START--
INFO: Run Behavior\BuildLiteBehavior [ RunTime:0.000032s ]
INFO: [ app_init ] --END-- [ RunTime:0.000636s ]
INFO: [ app_begin ] --START--
INFO: Run Behavior\ReadHtmlCacheBehavior [ RunTime:0.000841s ]
INFO: [ app_begin ] --END-- [ RunTime:0.001014s ]
INFO: [ view_parse ] --START--
INFO: [ template_filter ] --START--
INFO: Run Behavior\ContentReplaceBehavior [ RunTime:0.000080s ]
INFO: [ template_filter ] --END-- [ RunTime:0.000218s ]
INFO: Run Behavior\ParseTemplateBehavior [ RunTime:0.086176s ]
INFO: [ view_parse ] --END-- [ RunTime:0.086375s ]
INFO: [ view_filter ] --START--
INFO: Run Behavior\WriteHtmlCacheBehavior [ RunTime:0.000659s ]
INFO: [ view_filter ] --END-- [ RunTime:0.000820s ]
INFO: [ app_end ] --START--
INFO: Run Behavior\ShowPageTraceBehavior [ RunTime:0.000680s ]
INFO: [ app_end ] --END-- [ RunTime:0.000796s ]

[ 2017-06-01T09:23:34+08:00 ] 127.0.0.1 /index.php/Admin/Index/index.html
INFO: [ app_init ] --START--
INFO: Run Behavior\BuildLiteBehavior [ RunTime:0.000023s ]
INFO: [ app_init ] --END-- [ RunTime:0.000480s ]
INFO: [ app_begin ] --START--
INFO: Run Behavior\ReadHtmlCacheBehavior [ RunTime:0.000470s ]
INFO: [ app_begin ] --END-- [ RunTime:0.000566s ]
SQL: SHOW COLUMNS FROM `hyhw_manager` [ RunTime:0.0008s ]
NOTIC: [2] md5() expects at least 1 parameter, 0 given F:\wamp64\www\hyhw\Hyhw\Admin\Controller\IndexController.class.php 第 20 行.
SQL: SELECT COUNT(*) AS tp_count FROM `hyhw_manager` WHERE `username` = 'admin' AND `password` = 'e10adc3949ba59abbe56e057f20f883e' LIMIT 1   [ RunTime:0.0003s ]
SQL: SELECT * FROM `hyhw_manager` WHERE `username` = 'admin' AND `password` = 'e10adc3949ba59abbe56e057f20f883e'  [ RunTime:0.0003s ]
SQL: SHOW COLUMNS FROM `hyhw_manager` [ RunTime:0.0006s ]
SQL: UPDATE `hyhw_manager` SET `load_time`='1496280214' WHERE `username` = 'admin' AND `password` = 'e10adc3949ba59abbe56e057f20f883e' [ RunTime:0.0286s ]
SQL: SHOW COLUMNS FROM `hyhw_role` [ RunTime:0.0006s ]
SQL: SELECT * FROM `hyhw_role`  [ RunTime:0.0003s ]

[ 2017-06-01T09:23:34+08:00 ] 127.0.0.1 /index.php/Admin/Index/loginIndex.html
INFO: [ app_init ] --START--
INFO: Run Behavior\BuildLiteBehavior [ RunTime:0.000023s ]
INFO: [ app_init ] --END-- [ RunTime:0.000466s ]
INFO: [ app_begin ] --START--
INFO: Run Behavior\ReadHtmlCacheBehavior [ RunTime:0.000491s ]
INFO: [ app_begin ] --END-- [ RunTime:0.000596s ]
SQL: SHOW COLUMNS FROM `hyhw_manager` [ RunTime:0.0005s ]
SQL: SELECT * FROM `hyhw_manager` WHERE `id` = 1 LIMIT 1   [ RunTime:0.0002s ]
INFO: [ view_parse ] --START--
INFO: [ template_filter ] --START--
INFO: Run Behavior\ContentReplaceBehavior [ RunTime:0.000091s ]
INFO: [ template_filter ] --END-- [ RunTime:0.000196s ]
INFO: Run Behavior\ParseTemplateBehavior [ RunTime:0.008063s ]
INFO: [ view_parse ] --END-- [ RunTime:0.008172s ]
INFO: [ view_filter ] --START--
INFO: Run Behavior\WriteHtmlCacheBehavior [ RunTime:0.000387s ]
INFO: [ view_filter ] --END-- [ RunTime:0.000474s ]
INFO: [ app_end ] --START--
INFO: Run Behavior\ShowPageTraceBehavior [ RunTime:0.000617s ]
INFO: [ app_end ] --END-- [ RunTime:0.000736s ]

[ 2017-06-01T09:23:34+08:00 ] 127.0.0.1 /index.php/Admin/Index/lib/jquery.contextmenu/jquery.contextmenu.r2.js
INFO: [ app_init ] --START--
INFO: Run Behavior\BuildLiteBehavior [ RunTime:0.000065s ]
INFO: [ app_init ] --END-- [ RunTime:0.000504s ]
INFO: [ app_begin ] --START--
INFO: Run Behavior\ReadHtmlCacheBehavior [ RunTime:0.000473s ]
INFO: [ app_begin ] --END-- [ RunTime:0.000583s ]
ERR: 非法操作:lib

[ 2017-06-01T09:23:34+08:00 ] 127.0.0.1 /index.php/Admin/Index/welcome.html
INFO: [ app_init ] --START--
INFO: Run Behavior\BuildLiteBehavior [ RunTime:0.000025s ]
INFO: [ app_init ] --END-- [ RunTime:0.000576s ]
INFO: [ app_begin ] --START--
INFO: Run Behavior\ReadHtmlCacheBehavior [ RunTime:0.000449s ]
INFO: [ app_begin ] --END-- [ RunTime:0.000555s ]
INFO: [ view_parse ] --START--
INFO: [ template_filter ] --START--
INFO: Run Behavior\ContentReplaceBehavior [ RunTime:0.000075s ]
INFO: [ template_filter ] --END-- [ RunTime:0.000187s ]
INFO: Run Behavior\ParseTemplateBehavior [ RunTime:0.005786s ]
INFO: [ view_parse ] --END-- [ RunTime:0.005894s ]
INFO: [ view_filter ] --START--
INFO: Run Behavior\WriteHtmlCacheBehavior [ RunTime:0.000271s ]
INFO: [ view_filter ] --END-- [ RunTime:0.000356s ]
INFO: [ app_end ] --START--
INFO: Run Behavior\ShowPageTraceBehavior [ RunTime:0.000521s ]
INFO: [ app_end ] --END-- [ RunTime:0.000615s ]

[ 2017-06-01T09:23:34+08:00 ] 127.0.0.1 /index.php/Admin/Index/lib/jquery.contextmenu/jquery.contextmenu.r2.js
INFO: [ app_init ] --START--
INFO: Run Behavior\BuildLiteBehavior [ RunTime:0.000036s ]
INFO: [ app_init ] --END-- [ RunTime:0.000610s ]
INFO: [ app_begin ] --START--
INFO: Run Behavior\ReadHtmlCacheBehavior [ RunTime:0.000608s ]
INFO: [ app_begin ] --END-- [ RunTime:0.000791s ]
ERR: 非法操作:lib

[ 2017-06-01T09:23:34+08:00 ] 127.0.0.1 /index.php/Admin/Index/lib/jquery/1.9.1/jquery.min.js
INFO: [ app_init ] --START--
INFO: Run Behavior\BuildLiteBehavior [ RunTime:0.000024s ]
INFO: [ app_init ] --END-- [ RunTime:0.000660s ]
INFO: [ app_begin ] --START--
INFO: Run Behavior\ReadHtmlCacheBehavior [ RunTime:0.000622s ]
INFO: [ app_begin ] --END-- [ RunTime:0.000728s ]
ERR: 非法操作:lib

[ 2017-06-01T09:23:34+08:00 ] 127.0.0.1 /index.php/Admin/Index/static/h-ui/js/H-ui.min.js
INFO: [ app_init ] --START--
INFO: Run Behavior\BuildLiteBehavior [ RunTime:0.000033s ]
INFO: [ app_init ] --END-- [ RunTime:0.000726s ]
INFO: [ app_begin ] --START--
INFO: Run Behavior\ReadHtmlCacheBehavior [ RunTime:0.000743s ]
INFO: [ app_begin ] --END-- [ RunTime:0.000934s ]
ERR: 非法操作:static

[ 2017-06-01T09:23:34+08:00 ] 127.0.0.1 /index.php/Admin/Index/static/h-ui/js/H-ui.min.js
INFO: [ app_init ] --START--
INFO: Run Behavior\BuildLiteBehavior [ RunTime:0.000022s ]
INFO: [ app_init ] --END-- [ RunTime:0.000416s ]
INFO: [ app_begin ] --START--
INFO: Run Behavior\ReadHtmlCacheBehavior [ RunTime:0.000565s ]
INFO: [ app_begin ] --END-- [ RunTime:0.000678s ]
ERR: 非法操作:static

[ 2017-06-01T09:23:38+08:00 ] 127.0.0.1 /index.php/Admin/News/newscategory_list.html
INFO: [ app_init ] --START--
INFO: Run Behavior\BuildLiteBehavior [ RunTime:0.000040s ]
INFO: [ app_init ] --END-- [ RunTime:0.000861s ]
INFO: [ app_begin ] --START--
INFO: Run Behavior\ReadHtmlCacheBehavior [ RunTime:0.000550s ]
INFO: [ app_begin ] --END-- [ RunTime:0.000681s ]
INFO: [ view_parse ] --START--
INFO: [ template_filter ] --START--
INFO: Run Behavior\ContentReplaceBehavior [ RunTime:0.000089s ]
INFO: [ template_filter ] --END-- [ RunTime:0.000183s ]
NOTIC: [8] Undefined index: txtKeywords F:\wamp64\www\hyhw\Hyhw\Runtime\Cache\Admin\a7b97a654d575e969dab6f6e13a7b962.php 第 27 行.
NOTIC: [8] Undefined index: ddlCategoryId F:\wamp64\www\hyhw\Hyhw\Runtime\Cache\Admin\a7b97a654d575e969dab6f6e13a7b962.php 第 28 行.
NOTIC: [8] Undefined index: startt F:\wamp64\www\hyhw\Hyhw\Runtime\Cache\Admin\a7b97a654d575e969dab6f6e13a7b962.php 第 29 行.
NOTIC: [8] Undefined index: deadlinet F:\wamp64\www\hyhw\Hyhw\Runtime\Cache\Admin\a7b97a654d575e969dab6f6e13a7b962.php 第 30 行.
NOTIC: [8] Undefined variable: pagenum F:\wamp64\www\hyhw\Hyhw\Runtime\Cache\Admin\a7b97a654d575e969dab6f6e13a7b962.php 第 31 行.
NOTIC: [8] Undefined variable: result F:\wamp64\www\hyhw\Hyhw\Runtime\Cache\Admin\a7b97a654d575e969dab6f6e13a7b962.php 第 42 行.
NOTIC: [8] Undefined variable: info F:\wamp64\www\hyhw\Hyhw\Runtime\Cache\Admin\a7b97a654d575e969dab6f6e13a7b962.php 第 77 行.
NOTIC: [8] Undefined variable: pagenum F:\wamp64\www\hyhw\Hyhw\Runtime\Cache\Admin\a7b97a654d575e969dab6f6e13a7b962.php 第 96 行.
NOTIC: [8] Undefined variable: page F:\wamp64\www\hyhw\Hyhw\Runtime\Cache\Admin\a7b97a654d575e969dab6f6e13a7b962.php 第 98 行.
INFO: Run Behavior\ParseTemplateBehavior [ RunTime:0.008618s ]
INFO: [ view_parse ] --END-- [ RunTime:0.008720s ]
INFO: [ view_filter ] --START--
INFO: Run Behavior\WriteHtmlCacheBehavior [ RunTime:0.000332s ]
INFO: [ view_filter ] --END-- [ RunTime:0.000424s ]
INFO: [ app_end ] --START--
INFO: Run Behavior\ShowPageTraceBehavior [ RunTime:0.001408s ]
INFO: [ app_end ] --END-- [ RunTime:0.001556s ]

[ 2017-06-01T09:23:40+08:00 ] 127.0.0.1 /index.php/Admin/News/newscategory_add.html
INFO: [ app_init ] --START--
INFO: Run Behavior\BuildLiteBehavior [ RunTime:0.000022s ]
INFO: [ app_init ] --END-- [ RunTime:0.000479s ]
INFO: [ app_begin ] --START--
INFO: Run Behavior\ReadHtmlCacheBehavior [ RunTime:0.000471s ]
INFO: [ app_begin ] --END-- [ RunTime:0.000563s ]
INFO: [ view_parse ] --START--
INFO: [ template_filter ] --START--
INFO: Run Behavior\ContentReplaceBehavior [ RunTime:0.000092s ]
INFO: [ template_filter ] --END-- [ RunTime:0.000204s ]
INFO: Run Behavior\ParseTemplateBehavior [ RunTime:0.006111s ]
INFO: [ view_parse ] --END-- [ RunTime:0.006206s ]
INFO: [ view_filter ] --START--
INFO: Run Behavior\WriteHtmlCacheBehavior [ RunTime:0.000273s ]
INFO: [ view_filter ] --END-- [ RunTime:0.000356s ]
INFO: [ app_end ] --START--
INFO: Run Behavior\ShowPageTraceBehavior [ RunTime:0.000511s ]
INFO: [ app_end ] --END-- [ RunTime:0.000598s ]

[ 2017-06-01T09:29:59+08:00 ] 127.0.0.1 /index.php/Admin/Index/loginIndex.html
INFO: [ app_init ] --START--
INFO: Run Behavior\BuildLiteBehavior [ RunTime:0.000037s ]
INFO: [ app_init ] --END-- [ RunTime:0.000940s ]
INFO: [ app_begin ] --START--
INFO: Run Behavior\ReadHtmlCacheBehavior [ RunTime:0.000852s ]
INFO: [ app_begin ] --END-- [ RunTime:0.001026s ]
SQL: SHOW COLUMNS FROM `hyhw_manager` [ RunTime:0.0006s ]
SQL: SELECT * FROM `hyhw_manager` WHERE `id` = 1 LIMIT 1   [ RunTime:0.0003s ]
INFO: [ view_parse ] --START--
INFO: [ template_filter ] --START--
INFO: Run Behavior\ContentReplaceBehavior [ RunTime:0.000090s ]
INFO: [ template_filter ] --END-- [ RunTime:0.000189s ]
INFO: Run Behavior\ParseTemplateBehavior [ RunTime:0.007578s ]
INFO: [ view_parse ] --END-- [ RunTime:0.007687s ]
INFO: [ view_filter ] --START--
INFO: Run Behavior\WriteHtmlCacheBehavior [ RunTime:0.000487s ]
INFO: [ view_filter ] --END-- [ RunTime:0.000663s ]
INFO: [ app_end ] --START--
INFO: Run Behavior\ShowPageTraceBehavior [ RunTime:0.000851s ]
INFO: [ app_end ] --END-- [ RunTime:0.001019s ]

[ 2017-06-01T09:29:59+08:00 ] 127.0.0.1 /index.php/Admin/Index/lib/jquery.contextmenu/jquery.contextmenu.r2.js
INFO: [ app_init ] --START--
INFO: Run Behavior\BuildLiteBehavior [ RunTime:0.000021s ]
INFO: [ app_init ] --END-- [ RunTime:0.000431s ]
INFO: [ app_begin ] --START--
INFO: Run Behavior\ReadHtmlCacheBehavior [ RunTime:0.000570s ]
INFO: [ app_begin ] --END-- [ RunTime:0.000668s ]
ERR: 非法操作:lib

[ 2017-06-01T09:29:59+08:00 ] 127.0.0.1 /index.php/Admin/Index/welcome.html
INFO: [ app_init ] --START--
INFO: Run Behavior\BuildLiteBehavior [ RunTime:0.000035s ]
INFO: [ app_init ] --END-- [ RunTime:0.000634s ]
INFO: [ app_begin ] --START--
INFO: Run Behavior\ReadHtmlCacheBehavior [ RunTime:0.000670s ]
INFO: [ app_begin ] --END-- [ RunTime:0.000857s ]
INFO: [ view_parse ] --START--
INFO: [ template_filter ] --START--
INFO: Run Behavior\ContentReplaceBehavior [ RunTime:0.000090s ]
INFO: [ template_filter ] --END-- [ RunTime:0.000240s ]
INFO: Run Behavior\ParseTemplateBehavior [ RunTime:0.006720s ]
INFO: [ view_parse ] --END-- [ RunTime:0.006883s ]
INFO: [ view_filter ] --START--
INFO: Run Behavior\WriteHtmlCacheBehavior [ RunTime:0.000324s ]
INFO: [ view_filter ] --END-- [ RunTime:0.000412s ]
INFO: [ app_end ] --START--
INFO: Run Behavior\ShowPageTraceBehavior [ RunTime:0.000554s ]
INFO: [ app_end ] --END-- [ RunTime:0.000648s ]

[ 2017-06-01T09:29:59+08:00 ] 127.0.0.1 /index.php/Admin/Index/lib/jquery/1.9.1/jquery.min.js
INFO: [ app_init ] --START--
INFO: Run Behavior\BuildLiteBehavior [ RunTime:0.000036s ]
INFO: [ app_init ] --END-- [ RunTime:0.000607s ]
INFO: [ app_begin ] --START--
INFO: Run Behavior\ReadHtmlCacheBehavior [ RunTime:0.000602s ]
INFO: [ app_begin ] --END-- [ RunTime:0.001048s ]
ERR: 非法操作:lib

[ 2017-06-01T09:29:59+08:00 ] 127.0.0.1 /index.php/Admin/Index/static/h-ui/js/H-ui.min.js
INFO: [ app_init ] --START--
INFO: Run Behavior\BuildLiteBehavior [ RunTime:0.000038s ]
INFO: [ app_init ] --END-- [ RunTime:0.000665s ]
INFO: [ app_begin ] --START--
INFO: Run Behavior\ReadHtmlCacheBehavior [ RunTime:0.001201s ]
INFO: [ app_begin ] --END-- [ RunTime:0.001393s ]
ERR: 非法操作:static

[ 2017-06-01T09:29:59+08:00 ] 127.0.0.1 /index.php/Admin/Index/lib/jquery.contextmenu/jquery.contextmenu.r2.js
INFO: [ app_init ] --START--
INFO: Run Behavior\BuildLiteBehavior [ RunTime:0.000041s ]
INFO: [ app_init ] --END-- [ RunTime:0.000917s ]
INFO: [ app_begin ] --START--
INFO: Run Behavior\ReadHtmlCacheBehavior [ RunTime:0.000640s ]
INFO: [ app_begin ] --END-- [ RunTime:0.000789s ]
ERR: 非法操作:lib

[ 2017-06-01T09:29:59+08:00 ] 127.0.0.1 /index.php/Admin/Index/static/h-ui/js/H-ui.min.js
INFO: [ app_init ] --START--
INFO: Run Behavior\BuildLiteBehavior [ RunTime:0.000089s ]
INFO: [ app_init ] --END-- [ RunTime:0.000733s ]
INFO: [ app_begin ] --START--
INFO: Run Behavior\ReadHtmlCacheBehavior [ RunTime:0.000447s ]
INFO: [ app_begin ] --END-- [ RunTime:0.000558s ]
ERR: 非法操作:static

[ 2017-06-01T09:30:00+08:00 ] 127.0.0.1 /index.php/Admin/Advertisement/advertisement_list.html
INFO: [ app_init ] --START--
INFO: Run Behavior\BuildLiteBehavior [ RunTime:0.000021s ]
INFO: [ app_init ] --END-- [ RunTime:0.000431s ]
INFO: [ app_begin ] --START--
INFO: Run Behavior\ReadHtmlCacheBehavior [ RunTime:0.001228s ]
INFO: [ app_begin ] --END-- [ RunTime:0.001449s ]
SQL: SHOW COLUMNS FROM `hyhw_advertisement` [ RunTime:0.0005s ]
SQL: SHOW COLUMNS FROM `hyhw_advertisement` [ RunTime:0.0004s ]
SQL: SELECT COUNT(*) AS tp_count FROM `hyhw_advertisement` LIMIT 1   [ RunTime:0.0002s ]
NOTIC: [2] implode(): Invalid arguments passed F:\wamp64\www\hyhw\Hyhw\Admin\Model\CommonModel.class.php 第 27 行.
SQL: SELECT * FROM `hyhw_advertisement` LIMIT 0,10   [ RunTime:0.0006s ]
INFO: [ view_parse ] --START--
INFO: [ template_filter ] --START--
INFO: Run Behavior\ContentReplaceBehavior [ RunTime:0.000095s ]
INFO: [ template_filter ] --END-- [ RunTime:0.000196s ]
NOTIC: [8] Undefined index: txtKeywords F:\wamp64\www\hyhw\Hyhw\Runtime\Cache\Admin\5f358a237ae536b697ff9177f7c43df5.php 第 27 行.
NOTIC: [8] Undefined index: ddlCategoryId F:\wamp64\www\hyhw\Hyhw\Runtime\Cache\Admin\5f358a237ae536b697ff9177f7c43df5.php 第 28 行.
NOTIC: [8] Undefined index: startt F:\wamp64\www\hyhw\Hyhw\Runtime\Cache\Admin\5f358a237ae536b697ff9177f7c43df5.php 第 29 行.
NOTIC: [8] Undefined index: deadlinet F:\wamp64\www\hyhw\Hyhw\Runtime\Cache\Admin\5f358a237ae536b697ff9177f7c43df5.php 第 30 行.
SQL: SHOW COLUMNS FROM `hyhw_adv_place` [ RunTime:0.0006s ]
SQL: SELECT * FROM `hyhw_adv_place` WHERE `id` = 22 LIMIT 1   [ RunTime:0.0003s ]
INFO: Run Behavior\ParseTemplateBehavior [ RunTime:0.010900s ]
INFO: [ view_parse ] --END-- [ RunTime:0.011001s ]
INFO: [ view_filter ] --START--
INFO: Run Behavior\WriteHtmlCacheBehavior [ RunTime:0.000621s ]
INFO: [ view_filter ] --END-- [ RunTime:0.000709s ]
INFO: [ app_end ] --START--
INFO: Run Behavior\ShowPageTraceBehavior [ RunTime:0.000986s ]
INFO: [ app_end ] --END-- [ RunTime:0.001142s ]

[ 2017-06-01T09:30:01+08:00 ] 127.0.0.1 /index.php/Admin/Advertisement/advertisement_add.html
INFO: [ app_init ] --START--
INFO: Run Behavior\BuildLiteBehavior [ RunTime:0.000041s ]
INFO: [ app_init ] --END-- [ RunTime:0.000520s ]
INFO: [ app_begin ] --START--
INFO: Run Behavior\ReadHtmlCacheBehavior [ RunTime:0.000518s ]
INFO: [ app_begin ] --END-- [ RunTime:0.000620s ]
SQL: SHOW COLUMNS FROM `hyhw_adv_place` [ RunTime:0.0005s ]
SQL: SHOW COLUMNS FROM `hyhw_adv_place` [ RunTime:0.0004s ]
SQL: SELECT `id`,`name` FROM `hyhw_adv_place` WHERE `capacity` <> 0  [ RunTime:0.0002s ]
INFO: [ view_parse ] --START--
INFO: [ template_filter ] --START--
INFO: Run Behavior\ContentReplaceBehavior [ RunTime:0.000080s ]
INFO: [ template_filter ] --END-- [ RunTime:0.000183s ]
INFO: Run Behavior\ParseTemplateBehavior [ RunTime:0.006945s ]
INFO: [ view_parse ] --END-- [ RunTime:0.007084s ]
INFO: [ view_filter ] --START--
INFO: Run Behavior\WriteHtmlCacheBehavior [ RunTime:0.000372s ]
INFO: [ view_filter ] --END-- [ RunTime:0.000459s ]
INFO: [ app_end ] --START--
INFO: Run Behavior\ShowPageTraceBehavior [ RunTime:0.000591s ]
INFO: [ app_end ] --END-- [ RunTime:0.000677s ]

[ 2017-06-01T09:30:05+08:00 ] 127.0.0.1 /index.php/Admin/News/newscategory_list.html
INFO: [ app_init ] --START--
INFO: Run Behavior\BuildLiteBehavior [ RunTime:0.000021s ]
INFO: [ app_init ] --END-- [ RunTime:0.000391s ]
INFO: [ app_begin ] --START--
INFO: Run Behavior\ReadHtmlCacheBehavior [ RunTime:0.000495s ]
INFO: [ app_begin ] --END-- [ RunTime:0.000595s ]
INFO: [ view_parse ] --START--
INFO: [ template_filter ] --START--
INFO: Run Behavior\ContentReplaceBehavior [ RunTime:0.000199s ]
INFO: [ template_filter ] --END-- [ RunTime:0.000407s ]
NOTIC: [8] Undefined index: txtKeywords F:\wamp64\www\hyhw\Hyhw\Runtime\Cache\Admin\a7b97a654d575e969dab6f6e13a7b962.php 第 27 行.
NOTIC: [8] Undefined index: ddlCategoryId F:\wamp64\www\hyhw\Hyhw\Runtime\Cache\Admin\a7b97a654d575e969dab6f6e13a7b962.php 第 28 行.
NOTIC: [8] Undefined index: startt F:\wamp64\www\hyhw\Hyhw\Runtime\Cache\Admin\a7b97a654d575e969dab6f6e13a7b962.php 第 29 行.
NOTIC: [8] Undefined index: deadlinet F:\wamp64\www\hyhw\Hyhw\Runtime\Cache\Admin\a7b97a654d575e969dab6f6e13a7b962.php 第 30 行.
NOTIC: [8] Undefined variable: pagenum F:\wamp64\www\hyhw\Hyhw\Runtime\Cache\Admin\a7b97a654d575e969dab6f6e13a7b962.php 第 31 行.
NOTIC: [8] Undefined variable: result F:\wamp64\www\hyhw\Hyhw\Runtime\Cache\Admin\a7b97a654d575e969dab6f6e13a7b962.php 第 42 行.
NOTIC: [8] Undefined variable: info F:\wamp64\www\hyhw\Hyhw\Runtime\Cache\Admin\a7b97a654d575e969dab6f6e13a7b962.php 第 77 行.
NOTIC: [8] Undefined variable: pagenum F:\wamp64\www\hyhw\Hyhw\Runtime\Cache\Admin\a7b97a654d575e969dab6f6e13a7b962.php 第 96 行.
NOTIC: [8] Undefined variable: page F:\wamp64\www\hyhw\Hyhw\Runtime\Cache\Admin\a7b97a654d575e969dab6f6e13a7b962.php 第 98 行.
INFO: Run Behavior\ParseTemplateBehavior [ RunTime:0.010069s ]
INFO: [ view_parse ] --END-- [ RunTime:0.010165s ]
INFO: [ view_filter ] --START--
INFO: Run Behavior\WriteHtmlCacheBehavior [ RunTime:0.000387s ]
INFO: [ view_filter ] --END-- [ RunTime:0.000473s ]
INFO: [ app_end ] --START--
INFO: Run Behavior\ShowPageTraceBehavior [ RunTime:0.000672s ]
INFO: [ app_end ] --END-- [ RunTime:0.000763s ]

[ 2017-06-01T09:30:06+08:00 ] 127.0.0.1 /index.php/Admin/News/newscategory_add.html
INFO: [ app_init ] --START--
INFO: Run Behavior\BuildLiteBehavior [ RunTime:0.000021s ]
INFO: [ app_init ] --END-- [ RunTime:0.000470s ]
INFO: [ app_begin ] --START--
INFO: Run Behavior\ReadHtmlCacheBehavior [ RunTime:0.000446s ]
INFO: [ app_begin ] --END-- [ RunTime:0.000539s ]
INFO: [ view_parse ] --START--
INFO: [ template_filter ] --START--
INFO: Run Behavior\ContentReplaceBehavior [ RunTime:0.000075s ]
INFO: [ template_filter ] --END-- [ RunTime:0.000168s ]
INFO: Run Behavior\ParseTemplateBehavior [ RunTime:0.005455s ]
INFO: [ view_parse ] --END-- [ RunTime:0.005554s ]
INFO: [ view_filter ] --START--
INFO: Run Behavior\WriteHtmlCacheBehavior [ RunTime:0.000338s ]
INFO: [ view_filter ] --END-- [ RunTime:0.000422s ]
INFO: [ app_end ] --START--
INFO: Run Behavior\ShowPageTraceBehavior [ RunTime:0.000570s ]
INFO: [ app_end ] --END-- [ RunTime:0.000657s ]

[ 2017-06-01T09:30:22+08:00 ] 127.0.0.1 /index.php/Admin/UploadQiniu/uploadImg.html?action=UpLoadFile&DelFilePath=
INFO: [ app_init ] --START--
INFO: Run Behavior\BuildLiteBehavior [ RunTime:0.000024s ]
INFO: [ app_init ] --END-- [ RunTime:0.000519s ]
INFO: [ app_begin ] --START--
INFO: Run Behavior\ReadHtmlCacheBehavior [ RunTime:0.000658s ]
INFO: [ app_begin ] --END-- [ RunTime:0.000762s ]
NOTIC: [2] call_user_func() expects parameter 1 to be a valid callback, no array or string given F:\wamp64\www\hyhw\ThinkPHP\Library\Think\Upload.class.php 第 170 行.
NOTIC: [8] Undefined index: Expires F:\wamp64\www\hyhw\ThinkPHP\Library\Think\Upload\Driver\Qiniu\QiniuStorage.class.php 第 45 行.
NOTIC: [8] Undefined index: saveName F:\wamp64\www\hyhw\ThinkPHP\Library\Think\Upload\Driver\Qiniu\QiniuStorage.class.php 第 80 行.
NOTIC: [8] Undefined index: custom_fields F:\wamp64\www\hyhw\ThinkPHP\Library\Think\Upload\Driver\Qiniu\QiniuStorage.class.php 第 83 行.
NOTIC: [8] Undefined variable: thumb F:\wamp64\www\hyhw\Hyhw\Admin\Controller\UploadQiniuController.class.php 第 19 行.
INFO: [ app_end ] --START--
INFO: Run Behavior\ShowPageTraceBehavior [ RunTime:0.001678s ]
INFO: [ app_end ] --END-- [ RunTime:0.001981s ]

[ 2017-06-01T09:30:22+08:00 ] 127.0.0.1 /index.php/Admin/News/newscategory_add.html
INFO: [ app_init ] --START--
INFO: Run Behavior\BuildLiteBehavior [ RunTime:0.000022s ]
INFO: [ app_init ] --END-- [ RunTime:0.000428s ]
INFO: [ app_begin ] --START--
INFO: Run Behavior\ReadHtmlCacheBehavior [ RunTime:0.000611s ]
INFO: [ app_begin ] --END-- [ RunTime:0.000790s ]
SQL: SHOW COLUMNS FROM `hyhw_news_category` [ RunTime:0.0017s ]
SQL: SHOW COLUMNS FROM `hyhw_news_category` [ RunTime:0.0012s ]
SQL: INSERT INTO `hyhw_news_category` (`title`,`sort_id`,`seo_title`,`seo_keyword`,`seo_content`,`img_url`) VALUES ('测试新闻','3','','','','') [ RunTime:0.0008s ]

[ 2017-06-01T09:30:22+08:00 ] 127.0.0.1 /index.php/Admin/News/newscategory_list/msg/%E4%BF%9D%E5%AD%98%E6%88%90%E5%8A%9F.html
INFO: [ app_init ] --START--
INFO: Run Behavior\BuildLiteBehavior [ RunTime:0.000032s ]
INFO: [ app_init ] --END-- [ RunTime:0.000699s ]
INFO: [ app_begin ] --START--
INFO: Run Behavior\ReadHtmlCacheBehavior [ RunTime:0.000695s ]
INFO: [ app_begin ] --END-- [ RunTime:0.000838s ]
INFO: [ view_parse ] --START--
INFO: [ template_filter ] --START--
INFO: Run Behavior\ContentReplaceBehavior [ RunTime:0.000141s ]
INFO: [ template_filter ] --END-- [ RunTime:0.000302s ]
NOTIC: [8] Undefined index: txtKeywords F:\wamp64\www\hyhw\Hyhw\Runtime\Cache\Admin\a7b97a654d575e969dab6f6e13a7b962.php 第 27 行.
NOTIC: [8] Undefined index: ddlCategoryId F:\wamp64\www\hyhw\Hyhw\Runtime\Cache\Admin\a7b97a654d575e969dab6f6e13a7b962.php 第 28 行.
NOTIC: [8] Undefined index: startt F:\wamp64\www\hyhw\Hyhw\Runtime\Cache\Admin\a7b97a654d575e969dab6f6e13a7b962.php 第 29 行.
NOTIC: [8] Undefined index: deadlinet F:\wamp64\www\hyhw\Hyhw\Runtime\Cache\Admin\a7b97a654d575e969dab6f6e13a7b962.php 第 30 行.
NOTIC: [8] Undefined variable: pagenum F:\wamp64\www\hyhw\Hyhw\Runtime\Cache\Admin\a7b97a654d575e969dab6f6e13a7b962.php 第 31 行.
NOTIC: [8] Undefined variable: result F:\wamp64\www\hyhw\Hyhw\Runtime\Cache\Admin\a7b97a654d575e969dab6f6e13a7b962.php 第 42 行.
NOTIC: [8] Undefined variable: info F:\wamp64\www\hyhw\Hyhw\Runtime\Cache\Admin\a7b97a654d575e969dab6f6e13a7b962.php 第 77 行.
NOTIC: [8] Undefined variable: pagenum F:\wamp64\www\hyhw\Hyhw\Runtime\Cache\Admin\a7b97a654d575e969dab6f6e13a7b962.php 第 96 行.
NOTIC: [8] Undefined variable: page F:\wamp64\www\hyhw\Hyhw\Runtime\Cache\Admin\a7b97a654d575e969dab6f6e13a7b962.php 第 98 行.
INFO: Run Behavior\ParseTemplateBehavior [ RunTime:0.014154s ]
INFO: [ view_parse ] --END-- [ RunTime:0.014292s ]
INFO: [ view_filter ] --START--
INFO: Run Behavior\WriteHtmlCacheBehavior [ RunTime:0.000583s ]
INFO: [ view_filter ] --END-- [ RunTime:0.000716s ]
INFO: [ app_end ] --START--
INFO: Run Behavior\ShowPageTraceBehavior [ RunTime:0.000849s ]
INFO: [ app_end ] --END-- [ RunTime:0.000987s ]

[ 2017-06-01T09:31:05+08:00 ] 127.0.0.1 /index.php/Admin/News/newscategory_add.html
INFO: [ app_init ] --START--
INFO: Run Behavior\BuildLiteBehavior [ RunTime:0.000022s ]
INFO: [ app_init ] --END-- [ RunTime:0.000497s ]
INFO: [ app_begin ] --START--
INFO: Run Behavior\ReadHtmlCacheBehavior [ RunTime:0.000462s ]
INFO: [ app_begin ] --END-- [ RunTime:0.000554s ]
INFO: [ view_parse ] --START--
INFO: [ template_filter ] --START--
INFO: Run Behavior\ContentReplaceBehavior [ RunTime:0.000078s ]
INFO: [ template_filter ] --END-- [ RunTime:0.000177s ]
INFO: Run Behavior\ParseTemplateBehavior [ RunTime:0.005548s ]
INFO: [ view_parse ] --END-- [ RunTime:0.005645s ]
INFO: [ view_filter ] --START--
INFO: Run Behavior\WriteHtmlCacheBehavior [ RunTime:0.000372s ]
INFO: [ view_filter ] --END-- [ RunTime:0.000456s ]
INFO: [ app_end ] --START--
INFO: Run Behavior\ShowPageTraceBehavior [ RunTime:0.001193s ]
INFO: [ app_end ] --END-- [ RunTime:0.001345s ]

[ 2017-06-01T09:31:11+08:00 ] 127.0.0.1 /index.php/Admin/UploadQiniu/uploadImg.html?action=UpLoadFile&DelFilePath=
INFO: [ app_init ] --START--
INFO: Run Behavior\BuildLiteBehavior [ RunTime:0.000020s ]
INFO: [ app_init ] --END-- [ RunTime:0.000382s ]
INFO: [ app_begin ] --START--
INFO: Run Behavior\ReadHtmlCacheBehavior [ RunTime:0.000562s ]
INFO: [ app_begin ] --END-- [ RunTime:0.000659s ]
NOTIC: [2] call_user_func() expects parameter 1 to be a valid callback, no array or string given F:\wamp64\www\hyhw\ThinkPHP\Library\Think\Upload.class.php 第 170 行.
NOTIC: [8] Undefined index: Expires F:\wamp64\www\hyhw\ThinkPHP\Library\Think\Upload\Driver\Qiniu\QiniuStorage.class.php 第 45 行.
NOTIC: [8] Undefined index: saveName F:\wamp64\www\hyhw\ThinkPHP\Library\Think\Upload\Driver\Qiniu\QiniuStorage.class.php 第 80 行.
NOTIC: [8] Undefined index: custom_fields F:\wamp64\www\hyhw\ThinkPHP\Library\Think\Upload\Driver\Qiniu\QiniuStorage.class.php 第 83 行.
NOTIC: [8] Undefined variable: thumb F:\wamp64\www\hyhw\Hyhw\Admin\Controller\UploadQiniuController.class.php 第 19 行.
INFO: [ app_end ] --START--
INFO: Run Behavior\ShowPageTraceBehavior [ RunTime:0.001429s ]
INFO: [ app_end ] --END-- [ RunTime:0.001684s ]

[ 2017-06-01T09:31:27+08:00 ] 127.0.0.1 /index.php/Admin/News/newscategory_add.html
INFO: [ app_init ] --START--
INFO: Run Behavior\BuildLiteBehavior [ RunTime:0.000025s ]
INFO: [ app_init ] --END-- [ RunTime:0.000671s ]
INFO: [ app_begin ] --START--
INFO: Run Behavior\ReadHtmlCacheBehavior [ RunTime:0.000510s ]
INFO: [ app_begin ] --END-- [ RunTime:0.000645s ]
SQL: SHOW COLUMNS FROM `hyhw_news_category` [ RunTime:0.0008s ]
SQL: SHOW COLUMNS FROM `hyhw_news_category` [ RunTime:0.0004s ]
SQL: INSERT INTO `hyhw_news_category` (`title`,`sort_id`,`seo_title`,`seo_keyword`,`seo_content`,`img_url`) VALUES ('测试新闻2','3','','','','http://oms8e6h6f.bkt.clouddn.com/2017-06-01_592f6e5c4efaa.png') [ RunTime:0.0003s ]

[ 2017-06-01T09:31:27+08:00 ] 127.0.0.1 /index.php/Admin/News/newscategory_list/msg/%E4%BF%9D%E5%AD%98%E6%88%90%E5%8A%9F.html
INFO: [ app_init ] --START--
INFO: Run Behavior\BuildLiteBehavior [ RunTime:0.000022s ]
INFO: [ app_init ] --END-- [ RunTime:0.000427s ]
INFO: [ app_begin ] --START--
INFO: Run Behavior\ReadHtmlCacheBehavior [ RunTime:0.000402s ]
INFO: [ app_begin ] --END-- [ RunTime:0.000491s ]
INFO: [ view_parse ] --START--
INFO: [ template_filter ] --START--
INFO: Run Behavior\ContentReplaceBehavior [ RunTime:0.000089s ]
INFO: [ template_filter ] --END-- [ RunTime:0.000181s ]
NOTIC: [8] Undefined index: txtKeywords F:\wamp64\www\hyhw\Hyhw\Runtime\Cache\Admin\a7b97a654d575e969dab6f6e13a7b962.php 第 27 行.
NOTIC: [8] Undefined index: ddlCategoryId F:\wamp64\www\hyhw\Hyhw\Runtime\Cache\Admin\a7b97a654d575e969dab6f6e13a7b962.php 第 28 行.
NOTIC: [8] Undefined index: startt F:\wamp64\www\hyhw\Hyhw\Runtime\Cache\Admin\a7b97a654d575e969dab6f6e13a7b962.php 第 29 行.
NOTIC: [8] Undefined index: deadlinet F:\wamp64\www\hyhw\Hyhw\Runtime\Cache\Admin\a7b97a654d575e969dab6f6e13a7b962.php 第 30 行.
NOTIC: [8] Undefined variable: pagenum F:\wamp64\www\hyhw\Hyhw\Runtime\Cache\Admin\a7b97a654d575e969dab6f6e13a7b962.php 第 31 行.
NOTIC: [8] Undefined variable: result F:\wamp64\www\hyhw\Hyhw\Runtime\Cache\Admin\a7b97a654d575e969dab6f6e13a7b962.php 第 42 行.
NOTIC: [8] Undefined variable: info F:\wamp64\www\hyhw\Hyhw\Runtime\Cache\Admin\a7b97a654d575e969dab6f6e13a7b962.php 第 77 行.
NOTIC: [8] Undefined variable: pagenum F:\wamp64\www\hyhw\Hyhw\Runtime\Cache\Admin\a7b97a654d575e969dab6f6e13a7b962.php 第 96 行.
NOTIC: [8] Undefined variable: page F:\wamp64\www\hyhw\Hyhw\Runtime\Cache\Admin\a7b97a654d575e969dab6f6e13a7b962.php 第 98 行.
INFO: Run Behavior\ParseTemplateBehavior [ RunTime:0.008291s ]
INFO: [ view_parse ] --END-- [ RunTime:0.008404s ]
INFO: [ view_filter ] --START--
INFO: Run Behavior\WriteHtmlCacheBehavior [ RunTime:0.000594s ]
INFO: [ view_filter ] --END-- [ RunTime:0.000696s ]
INFO: [ app_end ] --START--
INFO: Run Behavior\ShowPageTraceBehavior [ RunTime:0.000580s ]
INFO: [ app_end ] --END-- [ RunTime:0.000670s ]

[ 2017-06-01T09:33:36+08:00 ] 127.0.0.1 /index.php/Admin/Index/loginIndex.html
INFO: [ app_init ] --START--
INFO: Run Behavior\BuildLiteBehavior [ RunTime:0.000037s ]
INFO: [ app_init ] --END-- [ RunTime:0.000755s ]
INFO: [ app_begin ] --START--
INFO: Run Behavior\ReadHtmlCacheBehavior [ RunTime:0.000710s ]
INFO: [ app_begin ] --END-- [ RunTime:0.000859s ]
SQL: SHOW COLUMNS FROM `hyhw_manager` [ RunTime:0.0006s ]
SQL: SELECT * FROM `hyhw_manager` WHERE `id` = 1 LIMIT 1   [ RunTime:0.0006s ]
INFO: [ view_parse ] --START--
INFO: [ template_filter ] --START--
INFO: Run Behavior\ContentReplaceBehavior [ RunTime:0.000093s ]
INFO: [ template_filter ] --END-- [ RunTime:0.000193s ]
INFO: Run Behavior\ParseTemplateBehavior [ RunTime:0.009525s ]
INFO: [ view_parse ] --END-- [ RunTime:0.009695s ]
INFO: [ view_filter ] --START--
INFO: Run Behavior\WriteHtmlCacheBehavior [ RunTime:0.000360s ]
INFO: [ view_filter ] --END-- [ RunTime:0.000443s ]
INFO: [ app_end ] --START--
INFO: Run Behavior\ShowPageTraceBehavior [ RunTime:0.000630s ]
INFO: [ app_end ] --END-- [ RunTime:0.000772s ]

[ 2017-06-01T09:33:36+08:00 ] 127.0.0.1 /index.php/Admin/Index/welcome.html
INFO: [ app_init ] --START--
INFO: Run Behavior\BuildLiteBehavior [ RunTime:0.000042s ]
INFO: [ app_init ] --END-- [ RunTime:0.001237s ]
INFO: [ app_begin ] --START--
INFO: Run Behavior\ReadHtmlCacheBehavior [ RunTime:0.000635s ]
INFO: [ app_begin ] --END-- [ RunTime:0.000808s ]
INFO: [ view_parse ] --START--
INFO: [ template_filter ] --START--
INFO: Run Behavior\ContentReplaceBehavior [ RunTime:0.000123s ]
INFO: [ template_filter ] --END-- [ RunTime:0.000303s ]
INFO: Run Behavior\ParseTemplateBehavior [ RunTime:0.008650s ]
INFO: [ view_parse ] --END-- [ RunTime:0.008837s ]
INFO: [ view_filter ] --START--
INFO: Run Behavior\WriteHtmlCacheBehavior [ RunTime:0.000425s ]
INFO: [ view_filter ] --END-- [ RunTime:0.000580s ]
INFO: [ app_end ] --START--
INFO: Run Behavior\ShowPageTraceBehavior [ RunTime:0.000787s ]
INFO: [ app_end ] --END-- [ RunTime:0.000950s ]

[ 2017-06-01T09:33:36+08:00 ] 127.0.0.1 /index.php/Admin/Index/lib/jquery.contextmenu/jquery.contextmenu.r2.js
INFO: [ app_init ] --START--
INFO: Run Behavior\BuildLiteBehavior [ RunTime:0.000036s ]
INFO: [ app_init ] --END-- [ RunTime:0.000713s ]
INFO: [ app_begin ] --START--
INFO: Run Behavior\ReadHtmlCacheBehavior [ RunTime:0.000771s ]
INFO: [ app_begin ] --END-- [ RunTime:0.000950s ]
ERR: 非法操作:lib

[ 2017-06-01T09:33:36+08:00 ] 127.0.0.1 /index.php/Admin/Index/lib/jquery/1.9.1/jquery.min.js
INFO: [ app_init ] --START--
INFO: Run Behavior\BuildLiteBehavior [ RunTime:0.000034s ]
INFO: [ app_init ] --END-- [ RunTime:0.000598s ]
INFO: [ app_begin ] --START--
INFO: Run Behavior\ReadHtmlCacheBehavior [ RunTime:0.000656s ]
INFO: [ app_begin ] --END-- [ RunTime:0.000834s ]
ERR: 非法操作:lib

[ 2017-06-01T09:33:36+08:00 ] 127.0.0.1 /index.php/Admin/Index/static/h-ui/js/H-ui.min.js
INFO: [ app_init ] --START--
INFO: Run Behavior\BuildLiteBehavior [ RunTime:0.000033s ]
INFO: [ app_init ] --END-- [ RunTime:0.000589s ]
INFO: [ app_begin ] --START--
INFO: Run Behavior\ReadHtmlCacheBehavior [ RunTime:0.000618s ]
INFO: [ app_begin ] --END-- [ RunTime:0.000781s ]
ERR: 非法操作:static

[ 2017-06-01T09:33:37+08:00 ] 127.0.0.1 /index.php/Admin/Index/lib/jquery.contextmenu/jquery.contextmenu.r2.js
INFO: [ app_init ] --START--
INFO: Run Behavior\BuildLiteBehavior [ RunTime:0.000040s ]
INFO: [ app_init ] --END-- [ RunTime:0.000624s ]
INFO: [ app_begin ] --START--
INFO: Run Behavior\ReadHtmlCacheBehavior [ RunTime:0.000853s ]
INFO: [ app_begin ] --END-- [ RunTime:0.001052s ]
ERR: 非法操作:lib

[ 2017-06-01T09:33:37+08:00 ] 127.0.0.1 /index.php/Admin/Index/static/h-ui/js/H-ui.min.js
INFO: [ app_init ] --START--
INFO: Run Behavior\BuildLiteBehavior [ RunTime:0.000021s ]
INFO: [ app_init ] --END-- [ RunTime:0.000421s ]
INFO: [ app_begin ] --START--
INFO: Run Behavior\ReadHtmlCacheBehavior [ RunTime:0.001169s ]
INFO: [ app_begin ] --END-- [ RunTime:0.001488s ]
ERR: 非法操作:static

[ 2017-06-01T09:34:26+08:00 ] 127.0.0.1 /index.php/Admin/Index/picture-list.html
INFO: [ app_init ] --START--
INFO: Run Behavior\BuildLiteBehavior [ RunTime:0.000024s ]
INFO: [ app_init ] --END-- [ RunTime:0.000687s ]
INFO: [ app_begin ] --START--
INFO: Run Behavior\ReadHtmlCacheBehavior [ RunTime:0.000869s ]
INFO: [ app_begin ] --END-- [ RunTime:0.001595s ]
ERR: 非法操作:picture-list

[ 2017-06-01T09:34:26+08:00 ] 127.0.0.1 /index.php/Admin/Advertisement/newscategory_list.html
INFO: [ app_init ] --START--
INFO: Run Behavior\BuildLiteBehavior [ RunTime:0.000020s ]
INFO: [ app_init ] --END-- [ RunTime:0.000494s ]
INFO: [ app_begin ] --START--
INFO: Run Behavior\ReadHtmlCacheBehavior [ RunTime:0.000661s ]
INFO: [ app_begin ] --END-- [ RunTime:0.000829s ]
ERR: 非法操作:newscategory_list

[ 2017-06-01T09:34:28+08:00 ] 127.0.0.1 /index.php/Admin/Index/lib/jquery.contextmenu/jquery.contextmenu.r2.js
INFO: [ app_init ] --START--
INFO: Run Behavior\BuildLiteBehavior [ RunTime:0.000035s ]
INFO: [ app_init ] --END-- [ RunTime:0.000592s ]
INFO: [ app_begin ] --START--
INFO: Run Behavior\ReadHtmlCacheBehavior [ RunTime:0.000672s ]
INFO: [ app_begin ] --END-- [ RunTime:0.000845s ]
ERR: 非法操作:lib

[ 2017-06-01T09:34:28+08:00 ] 127.0.0.1 /index.php/Admin/Index/lib/jquery/1.9.1/jquery.min.js
INFO: [ app_init ] --START--
INFO: Run Behavior\BuildLiteBehavior [ RunTime:0.000037s ]
INFO: [ app_init ] --END-- [ RunTime:0.000772s ]
INFO: [ app_begin ] --START--
INFO: Run Behavior\ReadHtmlCacheBehavior [ RunTime:0.000614s ]
INFO: [ app_begin ] --END-- [ RunTime:0.000788s ]
ERR: 非法操作:lib

[ 2017-06-01T09:34:28+08:00 ] 127.0.0.1 /index.php/Admin/Index/static/h-ui/js/H-ui.min.js
INFO: [ app_init ] --START--
INFO: Run Behavior\BuildLiteBehavior [ RunTime:0.000045s ]
INFO: [ app_init ] --END-- [ RunTime:0.000664s ]
INFO: [ app_begin ] --START--
INFO: Run Behavior\ReadHtmlCacheBehavior [ RunTime:0.000726s ]
INFO: [ app_begin ] --END-- [ RunTime:0.000915s ]
ERR: 非法操作:static

[ 2017-06-01T09:34:28+08:00 ] 127.0.0.1 /index.php/Admin/Index/lib/jquery.contextmenu/jquery.contextmenu.r2.js
INFO: [ app_init ] --START--
INFO: Run Behavior\BuildLiteBehavior [ RunTime:0.000041s ]
INFO: [ app_init ] --END-- [ RunTime:0.000641s ]
INFO: [ app_begin ] --START--
INFO: Run Behavior\ReadHtmlCacheBehavior [ RunTime:0.000638s ]
INFO: [ app_begin ] --END-- [ RunTime:0.000794s ]
ERR: 非法操作:lib

[ 2017-06-01T09:34:28+08:00 ] 127.0.0.1 /index.php/Admin/Index/static/h-ui/js/H-ui.min.js
INFO: [ app_init ] --START--
INFO: Run Behavior\BuildLiteBehavior [ RunTime:0.000026s ]
INFO: [ app_init ] --END-- [ RunTime:0.000620s ]
INFO: [ app_begin ] --START--
INFO: Run Behavior\ReadHtmlCacheBehavior [ RunTime:0.000563s ]
INFO: [ app_begin ] --END-- [ RunTime:0.000677s ]
ERR: 非法操作:static

[ 2017-06-01T09:34:29+08:00 ] 127.0.0.1 /index.php/Admin/News/newscategory_list.html
INFO: [ app_init ] --START--
INFO: Run Behavior\BuildLiteBehavior [ RunTime:0.000021s ]
INFO: [ app_init ] --END-- [ RunTime:0.000421s ]
INFO: [ app_begin ] --START--
INFO: Run Behavior\ReadHtmlCacheBehavior [ RunTime:0.001049s ]
INFO: [ app_begin ] --END-- [ RunTime:0.001220s ]
INFO: [ view_parse ] --START--
INFO: [ template_filter ] --START--
INFO: Run Behavior\ContentReplaceBehavior [ RunTime:0.000094s ]
INFO: [ template_filter ] --END-- [ RunTime:0.000196s ]
NOTIC: [8] Undefined index: txtKeywords F:\wamp64\www\hyhw\Hyhw\Runtime\Cache\Admin\a7b97a654d575e969dab6f6e13a7b962.php 第 27 行.
NOTIC: [8] Undefined index: ddlCategoryId F:\wamp64\www\hyhw\Hyhw\Runtime\Cache\Admin\a7b97a654d575e969dab6f6e13a7b962.php 第 28 行.
NOTIC: [8] Undefined index: startt F:\wamp64\www\hyhw\Hyhw\Runtime\Cache\Admin\a7b97a654d575e969dab6f6e13a7b962.php 第 29 行.
NOTIC: [8] Undefined index: deadlinet F:\wamp64\www\hyhw\Hyhw\Runtime\Cache\Admin\a7b97a654d575e969dab6f6e13a7b962.php 第 30 行.
NOTIC: [8] Undefined variable: pagenum F:\wamp64\www\hyhw\Hyhw\Runtime\Cache\Admin\a7b97a654d575e969dab6f6e13a7b962.php 第 31 行.
NOTIC: [8] Undefined variable: info F:\wamp64\www\hyhw\Hyhw\Runtime\Cache\Admin\a7b97a654d575e969dab6f6e13a7b962.php 第 77 行.
NOTIC: [8] Undefined variable: pagenum F:\wamp64\www\hyhw\Hyhw\Runtime\Cache\Admin\a7b97a654d575e969dab6f6e13a7b962.php 第 96 行.
NOTIC: [8] Undefined variable: page F:\wamp64\www\hyhw\Hyhw\Runtime\Cache\Admin\a7b97a654d575e969dab6f6e13a7b962.php 第 98 行.
INFO: Run Behavior\ParseTemplateBehavior [ RunTime:0.008660s ]
INFO: [ view_parse ] --END-- [ RunTime:0.008755s ]
INFO: [ view_filter ] --START--
INFO: Run Behavior\WriteHtmlCacheBehavior [ RunTime:0.000407s ]
INFO: [ view_filter ] --END-- [ RunTime:0.000489s ]
INFO: [ app_end ] --START--
INFO: Run Behavior\ShowPageTraceBehavior [ RunTime:0.000623s ]
INFO: [ app_end ] --END-- [ RunTime:0.000716s ]

[ 2017-06-01T09:34:31+08:00 ] 127.0.0.1 /index.php/Admin/News/newscategory_add.html
INFO: [ app_init ] --START--
INFO: Run Behavior\BuildLiteBehavior [ RunTime:0.000022s ]
INFO: [ app_init ] --END-- [ RunTime:0.000505s ]
INFO: [ app_begin ] --START--
INFO: Run Behavior\ReadHtmlCacheBehavior [ RunTime:0.000495s ]
INFO: [ app_begin ] --END-- [ RunTime:0.000694s ]
INFO: [ view_parse ] --START--
INFO: [ template_filter ] --START--
INFO: Run Behavior\ContentReplaceBehavior [ RunTime:0.000076s ]
INFO: [ template_filter ] --END-- [ RunTime:0.000202s ]
INFO: Run Behavior\ParseTemplateBehavior [ RunTime:0.007336s ]
INFO: [ view_parse ] --END-- [ RunTime:0.007433s ]
INFO: [ view_filter ] --START--
INFO: Run Behavior\WriteHtmlCacheBehavior [ RunTime:0.000336s ]
INFO: [ view_filter ] --END-- [ RunTime:0.000421s ]
INFO: [ app_end ] --START--
INFO: Run Behavior\ShowPageTraceBehavior [ RunTime:0.000561s ]
INFO: [ app_end ] --END-- [ RunTime:0.000651s ]

[ 2017-06-01T09:34:46+08:00 ] 127.0.0.1 /index.php/Admin/UploadQiniu/uploadImg.html?action=UpLoadFile&DelFilePath=
INFO: [ app_init ] --START--
INFO: Run Behavior\BuildLiteBehavior [ RunTime:0.000021s ]
INFO: [ app_init ] --END-- [ RunTime:0.000398s ]
INFO: [ app_begin ] --START--
INFO: Run Behavior\ReadHtmlCacheBehavior [ RunTime:0.000430s ]
INFO: [ app_begin ] --END-- [ RunTime:0.000527s ]
NOTIC: [2] call_user_func() expects parameter 1 to be a valid callback, no array or string given F:\wamp64\www\hyhw\ThinkPHP\Library\Think\Upload.class.php 第 170 行.
NOTIC: [8] Undefined index: Expires F:\wamp64\www\hyhw\ThinkPHP\Library\Think\Upload\Driver\Qiniu\QiniuStorage.class.php 第 45 行.
NOTIC: [8] Undefined index: saveName F:\wamp64\www\hyhw\ThinkPHP\Library\Think\Upload\Driver\Qiniu\QiniuStorage.class.php 第 80 行.
NOTIC: [8] Undefined index: custom_fields F:\wamp64\www\hyhw\ThinkPHP\Library\Think\Upload\Driver\Qiniu\QiniuStorage.class.php 第 83 行.
NOTIC: [8] Undefined variable: thumb F:\wamp64\www\hyhw\Hyhw\Admin\Controller\UploadQiniuController.class.php 第 19 行.
INFO: [ app_end ] --START--
INFO: Run Behavior\ShowPageTraceBehavior [ RunTime:0.000808s ]
INFO: [ app_end ] --END-- [ RunTime:0.001032s ]

[ 2017-06-01T09:34:52+08:00 ] 127.0.0.1 /index.php/Admin/News/newscategory_add.html
INFO: [ app_init ] --START--
INFO: Run Behavior\BuildLiteBehavior [ RunTime:0.000035s ]
INFO: [ app_init ] --END-- [ RunTime:0.001074s ]
INFO: [ app_begin ] --START--
INFO: Run Behavior\ReadHtmlCacheBehavior [ RunTime:0.000531s ]
INFO: [ app_begin ] --END-- [ RunTime:0.000653s ]
SQL: SHOW COLUMNS FROM `hyhw_news_category` [ RunTime:0.0009s ]
SQL: SHOW COLUMNS FROM `hyhw_news_category` [ RunTime:0.0004s ]
SQL: INSERT INTO `hyhw_news_category` (`title`,`sort_id`,`seo_title`,`seo_keyword`,`seo_content`,`img_url`) VALUES ('测试新闻3','4','sss','ssss','ssss','http://oms8e6h6f.bkt.clouddn.com/2017-06-01_592f6f35ab020.png') [ RunTime:0.0004s ]

[ 2017-06-01T09:34:52+08:00 ] 127.0.0.1 /index.php/Admin/News/newscategory_list/msg/%E4%BF%9D%E5%AD%98%E6%88%90%E5%8A%9F.html
INFO: [ app_init ] --START--
INFO: Run Behavior\BuildLiteBehavior [ RunTime:0.000036s ]
INFO: [ app_init ] --END-- [ RunTime:0.000878s ]
INFO: [ app_begin ] --START--
INFO: Run Behavior\ReadHtmlCacheBehavior [ RunTime:0.000605s ]
INFO: [ app_begin ] --END-- [ RunTime:0.000743s ]
INFO: [ view_parse ] --START--
INFO: [ template_filter ] --START--
INFO: Run Behavior\ContentReplaceBehavior [ RunTime:0.000150s ]
INFO: [ template_filter ] --END-- [ RunTime:0.000324s ]
NOTIC: [8] Undefined index: txtKeywords F:\wamp64\www\hyhw\Hyhw\Runtime\Cache\Admin\a7b97a654d575e969dab6f6e13a7b962.php 第 27 行.
NOTIC: [8] Undefined index: ddlCategoryId F:\wamp64\www\hyhw\Hyhw\Runtime\Cache\Admin\a7b97a654d575e969dab6f6e13a7b962.php 第 28 行.
NOTIC: [8] Undefined index: startt F:\wamp64\www\hyhw\Hyhw\Runtime\Cache\Admin\a7b97a654d575e969dab6f6e13a7b962.php 第 29 行.
NOTIC: [8] Undefined index: deadlinet F:\wamp64\www\hyhw\Hyhw\Runtime\Cache\Admin\a7b97a654d575e969dab6f6e13a7b962.php 第 30 行.
NOTIC: [8] Undefined variable: pagenum F:\wamp64\www\hyhw\Hyhw\Runtime\Cache\Admin\a7b97a654d575e969dab6f6e13a7b962.php 第 31 行.
NOTIC: [8] Undefined variable: info F:\wamp64\www\hyhw\Hyhw\Runtime\Cache\Admin\a7b97a654d575e969dab6f6e13a7b962.php 第 77 行.
NOTIC: [8] Undefined variable: pagenum F:\wamp64\www\hyhw\Hyhw\Runtime\Cache\Admin\a7b97a654d575e969dab6f6e13a7b962.php 第 96 行.
NOTIC: [8] Undefined variable: page F:\wamp64\www\hyhw\Hyhw\Runtime\Cache\Admin\a7b97a654d575e969dab6f6e13a7b962.php 第 98 行.
INFO: Run Behavior\ParseTemplateBehavior [ RunTime:0.010456s ]
INFO: [ view_parse ] --END-- [ RunTime:0.010557s ]
INFO: [ view_filter ] --START--
INFO: Run Behavior\WriteHtmlCacheBehavior [ RunTime:0.000402s ]
INFO: [ view_filter ] --END-- [ RunTime:0.000487s ]
INFO: [ app_end ] --START--
INFO: Run Behavior\ShowPageTraceBehavior [ RunTime:0.000531s ]
INFO: [ app_end ] --END-- [ RunTime:0.000617s ]

[ 2017-06-01T09:35:26+08:00 ] 127.0.0.1 /index.php/Admin/Index/loginIndex.html
INFO: [ app_init ] --START--
INFO: Run Behavior\BuildLiteBehavior [ RunTime:0.000022s ]
INFO: [ app_init ] --END-- [ RunTime:0.000438s ]
INFO: [ app_begin ] --START--
INFO: Run Behavior\ReadHtmlCacheBehavior [ RunTime:0.000746s ]
INFO: [ app_begin ] --END-- [ RunTime:0.000901s ]
SQL: SHOW COLUMNS FROM `hyhw_manager` [ RunTime:0.0005s ]
SQL: SELECT * FROM `hyhw_manager` WHERE `id` = 1 LIMIT 1   [ RunTime:0.0002s ]
INFO: [ view_parse ] --START--
INFO: [ template_filter ] --START--
INFO: Run Behavior\ContentReplaceBehavior [ RunTime:0.000096s ]
INFO: [ template_filter ] --END-- [ RunTime:0.000202s ]
INFO: Run Behavior\ParseTemplateBehavior [ RunTime:0.009579s ]
INFO: [ view_parse ] --END-- [ RunTime:0.009694s ]
INFO: [ view_filter ] --START--
INFO: Run Behavior\WriteHtmlCacheBehavior [ RunTime:0.000589s ]
INFO: [ view_filter ] --END-- [ RunTime:0.000675s ]
INFO: [ app_end ] --START--
INFO: Run Behavior\ShowPageTraceBehavior [ RunTime:0.001189s ]
INFO: [ app_end ] --END-- [ RunTime:0.001367s ]

[ 2017-06-01T09:35:26+08:00 ] 127.0.0.1 /index.php/Admin/Index/lib/jquery.contextmenu/jquery.contextmenu.r2.js
INFO: [ app_init ] --START--
INFO: Run Behavior\BuildLiteBehavior [ RunTime:0.000037s ]
INFO: [ app_init ] --END-- [ RunTime:0.000608s ]
INFO: [ app_begin ] --START--
INFO: Run Behavior\ReadHtmlCacheBehavior [ RunTime:0.000424s ]
INFO: [ app_begin ] --END-- [ RunTime:0.000526s ]
ERR: 非法操作:lib

[ 2017-06-01T09:35:26+08:00 ] 127.0.0.1 /index.php/Admin/Index/welcome.html
INFO: [ app_init ] --START--
INFO: Run Behavior\BuildLiteBehavior [ RunTime:0.000022s ]
INFO: [ app_init ] --END-- [ RunTime:0.000576s ]
INFO: [ app_begin ] --START--
INFO: Run Behavior\ReadHtmlCacheBehavior [ RunTime:0.000593s ]
INFO: [ app_begin ] --END-- [ RunTime:0.000703s ]
INFO: [ view_parse ] --START--
INFO: [ template_filter ] --START--
INFO: Run Behavior\ContentReplaceBehavior [ RunTime:0.000108s ]
INFO: [ template_filter ] --END-- [ RunTime:0.000261s ]
INFO: Run Behavior\ParseTemplateBehavior [ RunTime:0.011364s ]
INFO: [ view_parse ] --END-- [ RunTime:0.011615s ]
INFO: [ view_filter ] --START--
INFO: Run Behavior\WriteHtmlCacheBehavior [ RunTime:0.000583s ]
INFO: [ view_filter ] --END-- [ RunTime:0.000702s ]
INFO: [ app_end ] --START--
INFO: Run Behavior\ShowPageTraceBehavior [ RunTime:0.000763s ]
INFO: [ app_end ] --END-- [ RunTime:0.000858s ]

[ 2017-06-01T09:35:26+08:00 ] 127.0.0.1 /index.php/Admin/Index/lib/jquery.contextmenu/jquery.contextmenu.r2.js
INFO: [ app_init ] --START--
INFO: Run Behavior\BuildLiteBehavior [ RunTime:0.000037s ]
INFO: [ app_init ] --END-- [ RunTime:0.000631s ]
INFO: [ app_begin ] --START--
INFO: Run Behavior\ReadHtmlCacheBehavior [ RunTime:0.000685s ]
INFO: [ app_begin ] --END-- [ RunTime:0.000871s ]
ERR: 非法操作:lib

[ 2017-06-01T09:35:26+08:00 ] 127.0.0.1 /index.php/Admin/Index/static/h-ui/js/H-ui.min.js
INFO: [ app_init ] --START--
INFO: Run Behavior\BuildLiteBehavior [ RunTime:0.000038s ]
INFO: [ app_init ] --END-- [ RunTime:0.000801s ]
INFO: [ app_begin ] --START--
INFO: Run Behavior\ReadHtmlCacheBehavior [ RunTime:0.000647s ]
INFO: [ app_begin ] --END-- [ RunTime:0.000855s ]
ERR: 非法操作:static

[ 2017-06-01T09:35:26+08:00 ] 127.0.0.1 /index.php/Admin/Index/lib/jquery/1.9.1/jquery.min.js
INFO: [ app_init ] --START--
INFO: Run Behavior\BuildLiteBehavior [ RunTime:0.000035s ]
INFO: [ app_init ] --END-- [ RunTime:0.000667s ]
INFO: [ app_begin ] --START--
INFO: Run Behavior\ReadHtmlCacheBehavior [ RunTime:0.000900s ]
INFO: [ app_begin ] --END-- [ RunTime:0.001078s ]
ERR: 非法操作:lib

[ 2017-06-01T09:35:26+08:00 ] 127.0.0.1 /index.php/Admin/Index/static/h-ui/js/H-ui.min.js
INFO: [ app_init ] --START--
INFO: Run Behavior\BuildLiteBehavior [ RunTime:0.000023s ]
INFO: [ app_init ] --END-- [ RunTime:0.000576s ]
INFO: [ app_begin ] --START--
INFO: Run Behavior\ReadHtmlCacheBehavior [ RunTime:0.000675s ]
INFO: [ app_begin ] --END-- [ RunTime:0.000837s ]
ERR: 非法操作:static

[ 2017-06-01T09:35:28+08:00 ] 127.0.0.1 /index.php/Admin/Index/picture-list.html
INFO: [ app_init ] --START--
INFO: Run Behavior\BuildLiteBehavior [ RunTime:0.000022s ]
INFO: [ app_init ] --END-- [ RunTime:0.000454s ]
INFO: [ app_begin ] --START--
INFO: Run Behavior\ReadHtmlCacheBehavior [ RunTime:0.000485s ]
INFO: [ app_begin ] --END-- [ RunTime:0.000593s ]
ERR: 非法操作:picture-list

[ 2017-06-01T09:35:28+08:00 ] 127.0.0.1 /index.php/Admin/Advertisement/newscategory_list.html
INFO: [ app_init ] --START--
INFO: Run Behavior\BuildLiteBehavior [ RunTime:0.000021s ]
INFO: [ app_init ] --END-- [ RunTime:0.000437s ]
INFO: [ app_begin ] --START--
INFO: Run Behavior\ReadHtmlCacheBehavior [ RunTime:0.000555s ]
INFO: [ app_begin ] --END-- [ RunTime:0.000648s ]
ERR: 非法操作:newscategory_list

[ 2017-06-01T09:35:29+08:00 ] 127.0.0.1 /index.php/Admin/Index/lib/jquery.contextmenu/jquery.contextmenu.r2.js
INFO: [ app_init ] --START--
INFO: Run Behavior\BuildLiteBehavior [ RunTime:0.000022s ]
INFO: [ app_init ] --END-- [ RunTime:0.000434s ]
INFO: [ app_begin ] --START--
INFO: Run Behavior\ReadHtmlCacheBehavior [ RunTime:0.000573s ]
INFO: [ app_begin ] --END-- [ RunTime:0.000674s ]
ERR: 非法操作:lib

[ 2017-06-01T09:35:30+08:00 ] 127.0.0.1 /index.php/Admin/Index/lib/jquery/1.9.1/jquery.min.js
INFO: [ app_init ] --START--
INFO: Run Behavior\BuildLiteBehavior [ RunTime:0.000240s ]
INFO: [ app_init ] --END-- [ RunTime:0.001044s ]
INFO: [ app_begin ] --START--
INFO: Run Behavior\ReadHtmlCacheBehavior [ RunTime:0.000974s ]
INFO: [ app_begin ] --END-- [ RunTime:0.001169s ]
ERR: 非法操作:lib

[ 2017-06-01T09:35:30+08:00 ] 127.0.0.1 /index.php/Admin/Index/static/h-ui/js/H-ui.min.js
INFO: [ app_init ] --START--
INFO: Run Behavior\BuildLiteBehavior [ RunTime:0.000035s ]
INFO: [ app_init ] --END-- [ RunTime:0.000614s ]
INFO: [ app_begin ] --START--
INFO: Run Behavior\ReadHtmlCacheBehavior [ RunTime:0.000637s ]
INFO: [ app_begin ] --END-- [ RunTime:0.000811s ]
ERR: 非法操作:static

[ 2017-06-01T09:35:30+08:00 ] 127.0.0.1 /index.php/Admin/Index/lib/jquery.contextmenu/jquery.contextmenu.r2.js
INFO: [ app_init ] --START--
INFO: Run Behavior\BuildLiteBehavior [ RunTime:0.000024s ]
INFO: [ app_init ] --END-- [ RunTime:0.000511s ]
INFO: [ app_begin ] --START--
INFO: Run Behavior\ReadHtmlCacheBehavior [ RunTime:0.000752s ]
INFO: [ app_begin ] --END-- [ RunTime:0.000869s ]
ERR: 非法操作:lib

[ 2017-06-01T09:35:30+08:00 ] 127.0.0.1 /index.php/Admin/Index/static/h-ui/js/H-ui.min.js
INFO: [ app_init ] --START--
INFO: Run Behavior\BuildLiteBehavior [ RunTime:0.000022s ]
INFO: [ app_init ] --END-- [ RunTime:0.000441s ]
INFO: [ app_begin ] --START--
INFO: Run Behavior\ReadHtmlCacheBehavior [ RunTime:0.000471s ]
INFO: [ app_begin ] --END-- [ RunTime:0.000583s ]
ERR: 非法操作:static

[ 2017-06-01T09:35:31+08:00 ] 127.0.0.1 /index.php/Admin/Index/loginIndex.html
INFO: [ app_init ] --START--
INFO: Run Behavior\BuildLiteBehavior [ RunTime:0.000034s ]
INFO: [ app_init ] --END-- [ RunTime:0.000869s ]
INFO: [ app_begin ] --START--
INFO: Run Behavior\ReadHtmlCacheBehavior [ RunTime:0.000669s ]
INFO: [ app_begin ] --END-- [ RunTime:0.000773s ]
SQL: SHOW COLUMNS FROM `hyhw_manager` [ RunTime:0.0005s ]
SQL: SELECT * FROM `hyhw_manager` WHERE `id` = 1 LIMIT 1   [ RunTime:0.0002s ]
INFO: [ view_parse ] --START--
INFO: [ template_filter ] --START--
INFO: Run Behavior\ContentReplaceBehavior [ RunTime:0.000100s ]
INFO: [ template_filter ] --END-- [ RunTime:0.000205s ]
INFO: Run Behavior\ParseTemplateBehavior [ RunTime:0.008382s ]
INFO: [ view_parse ] --END-- [ RunTime:0.008504s ]
INFO: [ view_filter ] --START--
INFO: Run Behavior\WriteHtmlCacheBehavior [ RunTime:0.000712s ]
INFO: [ view_filter ] --END-- [ RunTime:0.000809s ]
INFO: [ app_end ] --START--
INFO: Run Behavior\ShowPageTraceBehavior [ RunTime:0.000940s ]
INFO: [ app_end ] --END-- [ RunTime:0.001091s ]

[ 2017-06-01T09:35:31+08:00 ] 127.0.0.1 /index.php/Admin/Index/lib/jquery.contextmenu/jquery.contextmenu.r2.js
INFO: [ app_init ] --START--
INFO: Run Behavior\BuildLiteBehavior [ RunTime:0.000022s ]
INFO: [ app_init ] --END-- [ RunTime:0.000434s ]
INFO: [ app_begin ] --START--
INFO: Run Behavior\ReadHtmlCacheBehavior [ RunTime:0.003437s ]
INFO: [ app_begin ] --END-- [ RunTime:0.003622s ]
ERR: 非法操作:lib

[ 2017-06-01T09:35:31+08:00 ] 127.0.0.1 /index.php/Admin/Index/welcome.html
INFO: [ app_init ] --START--
INFO: Run Behavior\BuildLiteBehavior [ RunTime:0.000037s ]
INFO: [ app_init ] --END-- [ RunTime:0.000707s ]
INFO: [ app_begin ] --START--
INFO: Run Behavior\ReadHtmlCacheBehavior [ RunTime:0.001164s ]
INFO: [ app_begin ] --END-- [ RunTime:0.001344s ]
INFO: [ view_parse ] --START--
INFO: [ template_filter ] --START--
INFO: Run Behavior\ContentReplaceBehavior [ RunTime:0.000072s ]
INFO: [ template_filter ] --END-- [ RunTime:0.000178s ]
INFO: Run Behavior\ParseTemplateBehavior [ RunTime:0.006684s ]
INFO: [ view_parse ] --END-- [ RunTime:0.006799s ]
INFO: [ view_filter ] --START--
INFO: Run Behavior\WriteHtmlCacheBehavior [ RunTime:0.000434s ]
INFO: [ view_filter ] --END-- [ RunTime:0.000520s ]
INFO: [ app_end ] --START--
INFO: Run Behavior\ShowPageTraceBehavior [ RunTime:0.000561s ]
INFO: [ app_end ] --END-- [ RunTime:0.000650s ]

[ 2017-06-01T09:35:32+08:00 ] 127.0.0.1 /index.php/Admin/Index/static/h-ui/js/H-ui.min.js
INFO: [ app_init ] --START--
INFO: Run Behavior\BuildLiteBehavior [ RunTime:0.000036s ]
INFO: [ app_init ] --END-- [ RunTime:0.000647s ]
INFO: [ app_begin ] --START--
INFO: Run Behavior\ReadHtmlCacheBehavior [ RunTime:0.000637s ]
INFO: [ app_begin ] --END-- [ RunTime:0.000810s ]
ERR: 非法操作:static

[ 2017-06-01T09:35:32+08:00 ] 127.0.0.1 /index.php/Admin/Index/lib/jquery/1.9.1/jquery.min.js
INFO: [ app_init ] --START--
INFO: Run Behavior\BuildLiteBehavior [ RunTime:0.000034s ]
INFO: [ app_init ] --END-- [ RunTime:0.000578s ]
INFO: [ app_begin ] --START--
INFO: Run Behavior\ReadHtmlCacheBehavior [ RunTime:0.000667s ]
INFO: [ app_begin ] --END-- [ RunTime:0.000845s ]
ERR: 非法操作:lib

[ 2017-06-01T09:35:32+08:00 ] 127.0.0.1 /index.php/Admin/Index/lib/jquery.contextmenu/jquery.contextmenu.r2.js
INFO: [ app_init ] --START--
INFO: Run Behavior\BuildLiteBehavior [ RunTime:0.000035s ]
INFO: [ app_init ] --END-- [ RunTime:0.000707s ]
INFO: [ app_begin ] --START--
INFO: Run Behavior\ReadHtmlCacheBehavior [ RunTime:0.001700s ]
INFO: [ app_begin ] --END-- [ RunTime:0.001920s ]
ERR: 非法操作:lib

[ 2017-06-01T09:35:32+08:00 ] 127.0.0.1 /index.php/Admin/Index/static/h-ui/js/H-ui.min.js
INFO: [ app_init ] --START--
INFO: Run Behavior\BuildLiteBehavior [ RunTime:0.000023s ]
INFO: [ app_init ] --END-- [ RunTime:0.000472s ]
INFO: [ app_begin ] --START--
INFO: Run Behavior\ReadHtmlCacheBehavior [ RunTime:0.000700s ]
INFO: [ app_begin ] --END-- [ RunTime:0.000815s ]
ERR: 非法操作:static

[ 2017-06-01T09:35:33+08:00 ] 127.0.0.1 /index.php/Admin/News/newscategory_list.html
INFO: [ app_init ] --START--
INFO: Run Behavior\BuildLiteBehavior [ RunTime:0.000038s ]
INFO: [ app_init ] --END-- [ RunTime:0.000684s ]
INFO: [ app_begin ] --START--
INFO: Run Behavior\ReadHtmlCacheBehavior [ RunTime:0.000687s ]
INFO: [ app_begin ] --END-- [ RunTime:0.000837s ]
INFO: [ view_parse ] --START--
INFO: [ template_filter ] --START--
INFO: Run Behavior\ContentReplaceBehavior [ RunTime:0.000092s ]
INFO: [ template_filter ] --END-- [ RunTime:0.000194s ]
NOTIC: [8] Undefined index: txtKeywords F:\wamp64\www\hyhw\Hyhw\Runtime\Cache\Admin\a7b97a654d575e969dab6f6e13a7b962.php 第 27 行.
NOTIC: [8] Undefined index: ddlCategoryId F:\wamp64\www\hyhw\Hyhw\Runtime\Cache\Admin\a7b97a654d575e969dab6f6e13a7b962.php 第 28 行.
NOTIC: [8] Undefined index: startt F:\wamp64\www\hyhw\Hyhw\Runtime\Cache\Admin\a7b97a654d575e969dab6f6e13a7b962.php 第 29 行.
NOTIC: [8] Undefined index: deadlinet F:\wamp64\www\hyhw\Hyhw\Runtime\Cache\Admin\a7b97a654d575e969dab6f6e13a7b962.php 第 30 行.
NOTIC: [8] Undefined variable: pagenum F:\wamp64\www\hyhw\Hyhw\Runtime\Cache\Admin\a7b97a654d575e969dab6f6e13a7b962.php 第 31 行.
NOTIC: [8] Undefined variable: info F:\wamp64\www\hyhw\Hyhw\Runtime\Cache\Admin\a7b97a654d575e969dab6f6e13a7b962.php 第 77 行.
NOTIC: [8] Undefined variable: pagenum F:\wamp64\www\hyhw\Hyhw\Runtime\Cache\Admin\a7b97a654d575e969dab6f6e13a7b962.php 第 96 行.
NOTIC: [8] Undefined variable: page F:\wamp64\www\hyhw\Hyhw\Runtime\Cache\Admin\a7b97a654d575e969dab6f6e13a7b962.php 第 98 行.
INFO: Run Behavior\ParseTemplateBehavior [ RunTime:0.010807s ]
INFO: [ view_parse ] --END-- [ RunTime:0.010904s ]
INFO: [ view_filter ] --START--
INFO: Run Behavior\WriteHtmlCacheBehavior [ RunTime:0.000412s ]
INFO: [ view_filter ] --END-- [ RunTime:0.000496s ]
INFO: [ app_end ] --START--
INFO: Run Behavior\ShowPageTraceBehavior [ RunTime:0.000641s ]
INFO: [ app_end ] --END-- [ RunTime:0.000767s ]

[ 2017-06-01T09:35:34+08:00 ] 127.0.0.1 /index.php/Admin/News/newscategory_add.html
INFO: [ app_init ] --START--
INFO: Run Behavior\BuildLiteBehavior [ RunTime:0.000021s ]
INFO: [ app_init ] --END-- [ RunTime:0.000451s ]
INFO: [ app_begin ] --START--
INFO: Run Behavior\ReadHtmlCacheBehavior [ RunTime:0.000646s ]
INFO: [ app_begin ] --END-- [ RunTime:0.000744s ]
INFO: [ view_parse ] --START--
INFO: [ template_filter ] --START--
INFO: Run Behavior\ContentReplaceBehavior [ RunTime:0.000082s ]
INFO: [ template_filter ] --END-- [ RunTime:0.000179s ]
INFO: Run Behavior\ParseTemplateBehavior [ RunTime:0.007224s ]
INFO: [ view_parse ] --END-- [ RunTime:0.007330s ]
INFO: [ view_filter ] --START--
INFO: Run Behavior\WriteHtmlCacheBehavior [ RunTime:0.000456s ]
INFO: [ view_filter ] --END-- [ RunTime:0.000547s ]
INFO: [ app_end ] --START--
INFO: Run Behavior\ShowPageTraceBehavior [ RunTime:0.000618s ]
INFO: [ app_end ] --END-- [ RunTime:0.000741s ]

[ 2017-06-01T09:35:37+08:00 ] 127.0.0.1 /index.php/Admin/News/newscategory_add.html
INFO: [ app_init ] --START--
INFO: Run Behavior\BuildLiteBehavior [ RunTime:0.000023s ]
INFO: [ app_init ] --END-- [ RunTime:0.000489s ]
INFO: [ app_begin ] --START--
INFO: Run Behavior\ReadHtmlCacheBehavior [ RunTime:0.001350s ]
INFO: [ app_begin ] --END-- [ RunTime:0.001518s ]
SQL: SHOW COLUMNS FROM `hyhw_news_category` [ RunTime:0.0007s ]
SQL: SHOW COLUMNS FROM `hyhw_news_category` [ RunTime:0.0004s ]
SQL: INSERT INTO `hyhw_news_category` (`title`,`sort_id`,`seo_title`,`seo_keyword`,`seo_content`,`img_url`) VALUES ('在','0','','','','') [ RunTime:0.0003s ]

[ 2017-06-01T09:35:37+08:00 ] 127.0.0.1 /index.php/Admin/News/newscategory_list/msg/%E4%BF%9D%E5%AD%98%E6%88%90%E5%8A%9F.html
INFO: [ app_init ] --START--
INFO: Run Behavior\BuildLiteBehavior [ RunTime:0.000021s ]
INFO: [ app_init ] --END-- [ RunTime:0.000502s ]
INFO: [ app_begin ] --START--
INFO: Run Behavior\ReadHtmlCacheBehavior [ RunTime:0.000606s ]
INFO: [ app_begin ] --END-- [ RunTime:0.000698s ]
INFO: [ view_parse ] --START--
INFO: [ template_filter ] --START--
INFO: Run Behavior\ContentReplaceBehavior [ RunTime:0.000095s ]
INFO: [ template_filter ] --END-- [ RunTime:0.000200s ]
NOTIC: [8] Undefined index: txtKeywords F:\wamp64\www\hyhw\Hyhw\Runtime\Cache\Admin\a7b97a654d575e969dab6f6e13a7b962.php 第 27 行.
NOTIC: [8] Undefined index: ddlCategoryId F:\wamp64\www\hyhw\Hyhw\Runtime\Cache\Admin\a7b97a654d575e969dab6f6e13a7b962.php 第 28 行.
NOTIC: [8] Undefined index: startt F:\wamp64\www\hyhw\Hyhw\Runtime\Cache\Admin\a7b97a654d575e969dab6f6e13a7b962.php 第 29 行.
NOTIC: [8] Undefined index: deadlinet F:\wamp64\www\hyhw\Hyhw\Runtime\Cache\Admin\a7b97a654d575e969dab6f6e13a7b962.php 第 30 行.
NOTIC: [8] Undefined variable: pagenum F:\wamp64\www\hyhw\Hyhw\Runtime\Cache\Admin\a7b97a654d575e969dab6f6e13a7b962.php 第 31 行.
NOTIC: [8] Undefined variable: info F:\wamp64\www\hyhw\Hyhw\Runtime\Cache\Admin\a7b97a654d575e969dab6f6e13a7b962.php 第 77 行.
NOTIC: [8] Undefined variable: pagenum F:\wamp64\www\hyhw\Hyhw\Runtime\Cache\Admin\a7b97a654d575e969dab6f6e13a7b962.php 第 96 行.
NOTIC: [8] Undefined variable: page F:\wamp64\www\hyhw\Hyhw\Runtime\Cache\Admin\a7b97a654d575e969dab6f6e13a7b962.php 第 98 行.
INFO: Run Behavior\ParseTemplateBehavior [ RunTime:0.010303s ]
INFO: [ view_parse ] --END-- [ RunTime:0.010396s ]
INFO: [ view_filter ] --START--
INFO: Run Behavior\WriteHtmlCacheBehavior [ RunTime:0.000520s ]
INFO: [ view_filter ] --END-- [ RunTime:0.000604s ]
INFO: [ app_end ] --START--
INFO: Run Behavior\ShowPageTraceBehavior [ RunTime:0.000611s ]
INFO: [ app_end ] --END-- [ RunTime:0.000699s ]

[ 2017-06-01T09:36:18+08:00 ] 127.0.0.1 /index.php/Admin/Index/loginIndex.html
INFO: [ app_init ] --START--
INFO: Run Behavior\BuildLiteBehavior [ RunTime:0.000022s ]
INFO: [ app_init ] --END-- [ RunTime:0.000439s ]
INFO: [ app_begin ] --START--
INFO: Run Behavior\ReadHtmlCacheBehavior [ RunTime:0.000713s ]
INFO: [ app_begin ] --END-- [ RunTime:0.000836s ]
SQL: SHOW COLUMNS FROM `hyhw_manager` [ RunTime:0.0006s ]
SQL: SELECT * FROM `hyhw_manager` WHERE `id` = 1 LIMIT 1   [ RunTime:0.0003s ]
INFO: [ view_parse ] --START--
INFO: [ template_filter ] --START--
INFO: Run Behavior\ContentReplaceBehavior [ RunTime:0.000095s ]
INFO: [ template_filter ] --END-- [ RunTime:0.000202s ]
INFO: Run Behavior\ParseTemplateBehavior [ RunTime:0.011594s ]
INFO: [ view_parse ] --END-- [ RunTime:0.011793s ]
INFO: [ view_filter ] --START--
INFO: Run Behavior\WriteHtmlCacheBehavior [ RunTime:0.000719s ]
INFO: [ view_filter ] --END-- [ RunTime:0.000862s ]
INFO: [ app_end ] --START--
INFO: Run Behavior\ShowPageTraceBehavior [ RunTime:0.001072s ]
INFO: [ app_end ] --END-- [ RunTime:0.001253s ]

[ 2017-06-01T09:36:19+08:00 ] 127.0.0.1 /index.php/Admin/Index/lib/jquery.contextmenu/jquery.contextmenu.r2.js
INFO: [ app_init ] --START--
INFO: Run Behavior\BuildLiteBehavior [ RunTime:0.000038s ]
INFO: [ app_init ] --END-- [ RunTime:0.000674s ]
INFO: [ app_begin ] --START--
INFO: Run Behavior\ReadHtmlCacheBehavior [ RunTime:0.000685s ]
INFO: [ app_begin ] --END-- [ RunTime:0.000889s ]
ERR: 非法操作:lib

[ 2017-06-01T09:36:19+08:00 ] 127.0.0.1 /index.php/Admin/Index/welcome.html
INFO: [ app_init ] --START--
INFO: Run Behavior\BuildLiteBehavior [ RunTime:0.000037s ]
INFO: [ app_init ] --END-- [ RunTime:0.000722s ]
INFO: [ app_begin ] --START--
INFO: Run Behavior\ReadHtmlCacheBehavior [ RunTime:0.000933s ]
INFO: [ app_begin ] --END-- [ RunTime:0.001121s ]
INFO: [ view_parse ] --START--
INFO: [ template_filter ] --START--
INFO: Run Behavior\ContentReplaceBehavior [ RunTime:0.000127s ]
INFO: [ template_filter ] --END-- [ RunTime:0.000315s ]
INFO: Run Behavior\ParseTemplateBehavior [ RunTime:0.009192s ]
INFO: [ view_parse ] --END-- [ RunTime:0.009377s ]
INFO: [ view_filter ] --START--
INFO: Run Behavior\WriteHtmlCacheBehavior [ RunTime:0.002346s ]
INFO: [ view_filter ] --END-- [ RunTime:0.002520s ]
INFO: [ app_end ] --START--
INFO: Run Behavior\ShowPageTraceBehavior [ RunTime:0.000985s ]
INFO: [ app_end ] --END-- [ RunTime:0.001160s ]

[ 2017-06-01T09:36:19+08:00 ] 127.0.0.1 /index.php/Admin/Index/static/h-ui/js/H-ui.min.js
INFO: [ app_init ] --START--
INFO: Run Behavior\BuildLiteBehavior [ RunTime:0.000037s ]
INFO: [ app_init ] --END-- [ RunTime:0.000640s ]
INFO: [ app_begin ] --START--
INFO: Run Behavior\ReadHtmlCacheBehavior [ RunTime:0.000987s ]
INFO: [ app_begin ] --END-- [ RunTime:0.001160s ]
ERR: 非法操作:static

[ 2017-06-01T09:36:19+08:00 ] 127.0.0.1 /index.php/Admin/Index/lib/jquery.contextmenu/jquery.contextmenu.r2.js
INFO: [ app_init ] --START--
INFO: Run Behavior\BuildLiteBehavior [ RunTime:0.000033s ]
INFO: [ app_init ] --END-- [ RunTime:0.000863s ]
INFO: [ app_begin ] --START--
INFO: Run Behavior\ReadHtmlCacheBehavior [ RunTime:0.000658s ]
INFO: [ app_begin ] --END-- [ RunTime:0.000836s ]
ERR: 非法操作:lib

[ 2017-06-01T09:36:19+08:00 ] 127.0.0.1 /index.php/Admin/Index/lib/jquery/1.9.1/jquery.min.js
INFO: [ app_init ] --START--
INFO: Run Behavior\BuildLiteBehavior [ RunTime:0.000035s ]
INFO: [ app_init ] --END-- [ RunTime:0.000656s ]
INFO: [ app_begin ] --START--
INFO: Run Behavior\ReadHtmlCacheBehavior [ RunTime:0.001298s ]
INFO: [ app_begin ] --END-- [ RunTime:0.001495s ]
ERR: 非法操作:lib

[ 2017-06-01T09:36:19+08:00 ] 127.0.0.1 /index.php/Admin/Index/static/h-ui/js/H-ui.min.js
INFO: [ app_init ] --START--
INFO: Run Behavior\BuildLiteBehavior [ RunTime:0.000022s ]
INFO: [ app_init ] --END-- [ RunTime:0.000450s ]
INFO: [ app_begin ] --START--
INFO: Run Behavior\ReadHtmlCacheBehavior [ RunTime:0.000674s ]
INFO: [ app_begin ] --END-- [ RunTime:0.000787s ]
ERR: 非法操作:static

[ 2017-06-01T09:36:19+08:00 ] 127.0.0.1 /index.php/Admin/Advertisement/advertisement_list.html
INFO: [ app_init ] --START--
INFO: Run Behavior\BuildLiteBehavior [ RunTime:0.000022s ]
INFO: [ app_init ] --END-- [ RunTime:0.000445s ]
INFO: [ app_begin ] --START--
INFO: Run Behavior\ReadHtmlCacheBehavior [ RunTime:0.000495s ]
INFO: [ app_begin ] --END-- [ RunTime:0.000588s ]
SQL: SHOW COLUMNS FROM `hyhw_advertisement` [ RunTime:0.0005s ]
SQL: SHOW COLUMNS FROM `hyhw_advertisement` [ RunTime:0.0004s ]
SQL: SELECT COUNT(*) AS tp_count FROM `hyhw_advertisement` LIMIT 1   [ RunTime:0.0002s ]
NOTIC: [2] implode(): Invalid arguments passed F:\wamp64\www\hyhw\Hyhw\Admin\Model\CommonModel.class.php 第 27 行.
SQL: SELECT * FROM `hyhw_advertisement` LIMIT 0,10   [ RunTime:0.0003s ]
INFO: [ view_parse ] --START--
INFO: [ template_filter ] --START--
INFO: Run Behavior\ContentReplaceBehavior [ RunTime:0.000095s ]
INFO: [ template_filter ] --END-- [ RunTime:0.000202s ]
NOTIC: [8] Undefined index: txtKeywords F:\wamp64\www\hyhw\Hyhw\Runtime\Cache\Admin\5f358a237ae536b697ff9177f7c43df5.php 第 27 行.
NOTIC: [8] Undefined index: ddlCategoryId F:\wamp64\www\hyhw\Hyhw\Runtime\Cache\Admin\5f358a237ae536b697ff9177f7c43df5.php 第 28 行.
NOTIC: [8] Undefined index: startt F:\wamp64\www\hyhw\Hyhw\Runtime\Cache\Admin\5f358a237ae536b697ff9177f7c43df5.php 第 29 行.
NOTIC: [8] Undefined index: deadlinet F:\wamp64\www\hyhw\Hyhw\Runtime\Cache\Admin\5f358a237ae536b697ff9177f7c43df5.php 第 30 行.
SQL: SHOW COLUMNS FROM `hyhw_adv_place` [ RunTime:0.0005s ]
SQL: SELECT * FROM `hyhw_adv_place` WHERE `id` = 22 LIMIT 1   [ RunTime:0.0002s ]
INFO: Run Behavior\ParseTemplateBehavior [ RunTime:0.011716s ]
INFO: [ view_parse ] --END-- [ RunTime:0.011813s ]
INFO: [ view_filter ] --START--
INFO: Run Behavior\WriteHtmlCacheBehavior [ RunTime:0.000502s ]
INFO: [ view_filter ] --END-- [ RunTime:0.000591s ]
INFO: [ app_end ] --START--
INFO: Run Behavior\ShowPageTraceBehavior [ RunTime:0.000618s ]
INFO: [ app_end ] --END-- [ RunTime:0.000723s ]

[ 2017-06-01T09:36:21+08:00 ] 127.0.0.1 /index.php/Admin/News/newscategory_list.html
INFO: [ app_init ] --START--
INFO: Run Behavior\BuildLiteBehavior [ RunTime:0.000036s ]
INFO: [ app_init ] --END-- [ RunTime:0.000697s ]
INFO: [ app_begin ] --START--
INFO: Run Behavior\ReadHtmlCacheBehavior [ RunTime:0.000967s ]
INFO: [ app_begin ] --END-- [ RunTime:0.001170s ]
INFO: [ view_parse ] --START--
INFO: [ template_filter ] --START--
INFO: Run Behavior\ContentReplaceBehavior [ RunTime:0.000150s ]
INFO: [ template_filter ] --END-- [ RunTime:0.000320s ]
NOTIC: [8] Undefined index: txtKeywords F:\wamp64\www\hyhw\Hyhw\Runtime\Cache\Admin\a7b97a654d575e969dab6f6e13a7b962.php 第 27 行.
NOTIC: [8] Undefined index: ddlCategoryId F:\wamp64\www\hyhw\Hyhw\Runtime\Cache\Admin\a7b97a654d575e969dab6f6e13a7b962.php 第 28 行.
NOTIC: [8] Undefined index: startt F:\wamp64\www\hyhw\Hyhw\Runtime\Cache\Admin\a7b97a654d575e969dab6f6e13a7b962.php 第 29 行.
NOTIC: [8] Undefined index: deadlinet F:\wamp64\www\hyhw\Hyhw\Runtime\Cache\Admin\a7b97a654d575e969dab6f6e13a7b962.php 第 30 行.
NOTIC: [8] Undefined variable: pagenum F:\wamp64\www\hyhw\Hyhw\Runtime\Cache\Admin\a7b97a654d575e969dab6f6e13a7b962.php 第 31 行.
NOTIC: [8] Undefined variable: info F:\wamp64\www\hyhw\Hyhw\Runtime\Cache\Admin\a7b97a654d575e969dab6f6e13a7b962.php 第 77 行.
NOTIC: [8] Undefined variable: pagenum F:\wamp64\www\hyhw\Hyhw\Runtime\Cache\Admin\a7b97a654d575e969dab6f6e13a7b962.php 第 96 行.
NOTIC: [8] Undefined variable: page F:\wamp64\www\hyhw\Hyhw\Runtime\Cache\Admin\a7b97a654d575e969dab6f6e13a7b962.php 第 98 行.
INFO: Run Behavior\ParseTemplateBehavior [ RunTime:0.014220s ]
INFO: [ view_parse ] --END-- [ RunTime:0.014451s ]
INFO: [ view_filter ] --START--
INFO: Run Behavior\WriteHtmlCacheBehavior [ RunTime:0.000676s ]
INFO: [ view_filter ] --END-- [ RunTime:0.000823s ]
INFO: [ app_end ] --START--
INFO: Run Behavior\ShowPageTraceBehavior [ RunTime:0.000899s ]
INFO: [ app_end ] --END-- [ RunTime:0.001053s ]

[ 2017-06-01T09:36:22+08:00 ] 127.0.0.1 /index.php/Admin/News/newscategory_add.html
INFO: [ app_init ] --START--
INFO: Run Behavior\BuildLiteBehavior [ RunTime:0.000022s ]
INFO: [ app_init ] --END-- [ RunTime:0.000505s ]
INFO: [ app_begin ] --START--
INFO: Run Behavior\ReadHtmlCacheBehavior [ RunTime:0.000617s ]
INFO: [ app_begin ] --END-- [ RunTime:0.000714s ]
INFO: [ view_parse ] --START--
INFO: [ template_filter ] --START--
INFO: Run Behavior\ContentReplaceBehavior [ RunTime:0.000072s ]
INFO: [ template_filter ] --END-- [ RunTime:0.000167s ]
INFO: Run Behavior\ParseTemplateBehavior [ RunTime:0.006163s ]
INFO: [ view_parse ] --END-- [ RunTime:0.006259s ]
INFO: [ view_filter ] --START--
INFO: Run Behavior\WriteHtmlCacheBehavior [ RunTime:0.000495s ]
INFO: [ view_filter ] --END-- [ RunTime:0.000577s ]
INFO: [ app_end ] --START--
INFO: Run Behavior\ShowPageTraceBehavior [ RunTime:0.000757s ]
INFO: [ app_end ] --END-- [ RunTime:0.000906s ]

[ 2017-06-01T09:36:26+08:00 ] 127.0.0.1 /index.php/Admin/News/newscategory_add.html
INFO: [ app_init ] --START--
INFO: Run Behavior\BuildLiteBehavior [ RunTime:0.000036s ]
INFO: [ app_init ] --END-- [ RunTime:0.000681s ]
INFO: [ app_begin ] --START--
INFO: Run Behavior\ReadHtmlCacheBehavior [ RunTime:0.000738s ]
INFO: [ app_begin ] --END-- [ RunTime:0.000862s ]
SQL: SHOW COLUMNS FROM `hyhw_news_category` [ RunTime:0.0008s ]
SQL: SHOW COLUMNS FROM `hyhw_news_category` [ RunTime:0.0004s ]
SQL: INSERT INTO `hyhw_news_category` (`title`,`sort_id`,`seo_title`,`seo_keyword`,`seo_content`,`img_url`) VALUES ('dfd','0','','','','') [ RunTime:0.0003s ]

[ 2017-06-01T09:36:26+08:00 ] 127.0.0.1 /index.php/Admin/News/newscategory_list/flag/%E4%BF%9D%E5%AD%98%E6%88%90%E5%8A%9F.html
INFO: [ app_init ] --START--
INFO: Run Behavior\BuildLiteBehavior [ RunTime:0.000024s ]
INFO: [ app_init ] --END-- [ RunTime:0.000703s ]
INFO: [ app_begin ] --START--
INFO: Run Behavior\ReadHtmlCacheBehavior [ RunTime:0.000623s ]
INFO: [ app_begin ] --END-- [ RunTime:0.000723s ]
INFO: [ view_parse ] --START--
INFO: [ template_filter ] --START--
INFO: Run Behavior\ContentReplaceBehavior [ RunTime:0.000090s ]
INFO: [ template_filter ] --END-- [ RunTime:0.000222s ]
NOTIC: [8] Undefined index: txtKeywords F:\wamp64\www\hyhw\Hyhw\Runtime\Cache\Admin\a7b97a654d575e969dab6f6e13a7b962.php 第 27 行.
NOTIC: [8] Undefined index: ddlCategoryId F:\wamp64\www\hyhw\Hyhw\Runtime\Cache\Admin\a7b97a654d575e969dab6f6e13a7b962.php 第 28 行.
NOTIC: [8] Undefined index: startt F:\wamp64\www\hyhw\Hyhw\Runtime\Cache\Admin\a7b97a654d575e969dab6f6e13a7b962.php 第 29 行.
NOTIC: [8] Undefined index: deadlinet F:\wamp64\www\hyhw\Hyhw\Runtime\Cache\Admin\a7b97a654d575e969dab6f6e13a7b962.php 第 30 行.
NOTIC: [8] Undefined variable: pagenum F:\wamp64\www\hyhw\Hyhw\Runtime\Cache\Admin\a7b97a654d575e969dab6f6e13a7b962.php 第 31 行.
NOTIC: [8] Undefined variable: info F:\wamp64\www\hyhw\Hyhw\Runtime\Cache\Admin\a7b97a654d575e969dab6f6e13a7b962.php 第 77 行.
NOTIC: [8] Undefined variable: pagenum F:\wamp64\www\hyhw\Hyhw\Runtime\Cache\Admin\a7b97a654d575e969dab6f6e13a7b962.php 第 96 行.
NOTIC: [8] Undefined variable: page F:\wamp64\www\hyhw\Hyhw\Runtime\Cache\Admin\a7b97a654d575e969dab6f6e13a7b962.php 第 98 行.
INFO: Run Behavior\ParseTemplateBehavior [ RunTime:0.010099s ]
INFO: [ view_parse ] --END-- [ RunTime:0.010203s ]
INFO: [ view_filter ] --START--
INFO: Run Behavior\WriteHtmlCacheBehavior [ RunTime:0.000684s ]
INFO: [ view_filter ] --END-- [ RunTime:0.000842s ]
INFO: [ app_end ] --START--
INFO: Run Behavior\ShowPageTraceBehavior [ RunTime:0.000721s ]
INFO: [ app_end ] --END-- [ RunTime:0.000812s ]

[ 2017-06-01T09:36:39+08:00 ] 127.0.0.1 /index.php/Admin/Index/loginIndex.html
INFO: [ app_init ] --START--
INFO: Run Behavior\BuildLiteBehavior [ RunTime:0.000043s ]
INFO: [ app_init ] --END-- [ RunTime:0.000711s ]
INFO: [ app_begin ] --START--
INFO: Run Behavior\ReadHtmlCacheBehavior [ RunTime:0.000816s ]
INFO: [ app_begin ] --END-- [ RunTime:0.000991s ]
SQL: SHOW COLUMNS FROM `hyhw_manager` [ RunTime:0.0006s ]
SQL: SELECT * FROM `hyhw_manager` WHERE `id` = 1 LIMIT 1   [ RunTime:0.0003s ]
INFO: [ view_parse ] --START--
INFO: [ template_filter ] --START--
INFO: Run Behavior\ContentReplaceBehavior [ RunTime:0.000092s ]
INFO: [ template_filter ] --END-- [ RunTime:0.000199s ]
INFO: Run Behavior\ParseTemplateBehavior [ RunTime:0.009030s ]
INFO: [ view_parse ] --END-- [ RunTime:0.009153s ]
INFO: [ view_filter ] --START--
INFO: Run Behavior\WriteHtmlCacheBehavior [ RunTime:0.000379s ]
INFO: [ view_filter ] --END-- [ RunTime:0.000462s ]
INFO: [ app_end ] --START--
INFO: Run Behavior\ShowPageTraceBehavior [ RunTime:0.000623s ]
INFO: [ app_end ] --END-- [ RunTime:0.000745s ]

[ 2017-06-01T09:36:39+08:00 ] 127.0.0.1 /index.php/Admin/Index/lib/jquery.contextmenu/jquery.contextmenu.r2.js
INFO: [ app_init ] --START--
INFO: Run Behavior\BuildLiteBehavior [ RunTime:0.000038s ]
INFO: [ app_init ] --END-- [ RunTime:0.000710s ]
INFO: [ app_begin ] --START--
INFO: Run Behavior\ReadHtmlCacheBehavior [ RunTime:0.000634s ]
INFO: [ app_begin ] --END-- [ RunTime:0.000818s ]
ERR: 非法操作:lib

[ 2017-06-01T09:36:39+08:00 ] 127.0.0.1 /index.php/Admin/Index/welcome.html
INFO: [ app_init ] --START--
INFO: Run Behavior\BuildLiteBehavior [ RunTime:0.000020s ]
INFO: [ app_init ] --END-- [ RunTime:0.000459s ]
INFO: [ app_begin ] --START--
INFO: Run Behavior\ReadHtmlCacheBehavior [ RunTime:0.000599s ]
INFO: [ app_begin ] --END-- [ RunTime:0.000742s ]
INFO: [ view_parse ] --START--
INFO: [ template_filter ] --START--
INFO: Run Behavior\ContentReplaceBehavior [ RunTime:0.000073s ]
INFO: [ template_filter ] --END-- [ RunTime:0.000178s ]
INFO: Run Behavior\ParseTemplateBehavior [ RunTime:0.006520s ]
INFO: [ view_parse ] --END-- [ RunTime:0.006661s ]
INFO: [ view_filter ] --START--
INFO: Run Behavior\WriteHtmlCacheBehavior [ RunTime:0.000378s ]
INFO: [ view_filter ] --END-- [ RunTime:0.000467s ]
INFO: [ app_end ] --START--
INFO: Run Behavior\ShowPageTraceBehavior [ RunTime:0.000916s ]
INFO: [ app_end ] --END-- [ RunTime:0.001082s ]

[ 2017-06-01T09:36:39+08:00 ] 127.0.0.1 /index.php/Admin/Index/static/h-ui/js/H-ui.min.js
INFO: [ app_init ] --START--
INFO: Run Behavior\BuildLiteBehavior [ RunTime:0.000041s ]
INFO: [ app_init ] --END-- [ RunTime:0.000633s ]
INFO: [ app_begin ] --START--
INFO: Run Behavior\ReadHtmlCacheBehavior [ RunTime:0.000613s ]
INFO: [ app_begin ] --END-- [ RunTime:0.000789s ]
ERR: 非法操作:static

[ 2017-06-01T09:36:39+08:00 ] 127.0.0.1 /index.php/Admin/Index/lib/jquery.contextmenu/jquery.contextmenu.r2.js
INFO: [ app_init ] --START--
INFO: Run Behavior\BuildLiteBehavior [ RunTime:0.000038s ]
INFO: [ app_init ] --END-- [ RunTime:0.000872s ]
INFO: [ app_begin ] --START--
INFO: Run Behavior\ReadHtmlCacheBehavior [ RunTime:0.000771s ]
INFO: [ app_begin ] --END-- [ RunTime:0.000950s ]
ERR: 非法操作:lib

[ 2017-06-01T09:36:39+08:00 ] 127.0.0.1 /index.php/Admin/Index/lib/jquery/1.9.1/jquery.min.js
INFO: [ app_init ] --START--
INFO: Run Behavior\BuildLiteBehavior [ RunTime:0.000035s ]
INFO: [ app_init ] --END-- [ RunTime:0.000635s ]
INFO: [ app_begin ] --START--
INFO: Run Behavior\ReadHtmlCacheBehavior [ RunTime:0.000705s ]
INFO: [ app_begin ] --END-- [ RunTime:0.000892s ]
ERR: 非法操作:lib

[ 2017-06-01T09:36:39+08:00 ] 127.0.0.1 /index.php/Admin/Index/static/h-ui/js/H-ui.min.js
INFO: [ app_init ] --START--
INFO: Run Behavior\BuildLiteBehavior [ RunTime:0.000023s ]
INFO: [ app_init ] --END-- [ RunTime:0.000433s ]
INFO: [ app_begin ] --START--
INFO: Run Behavior\ReadHtmlCacheBehavior [ RunTime:0.000420s ]
INFO: [ app_begin ] --END-- [ RunTime:0.000522s ]
ERR: 非法操作:static

[ 2017-06-01T09:36:42+08:00 ] 127.0.0.1 /index.php/Admin/Index/picture-list.html
INFO: [ app_init ] --START--
INFO: Run Behavior\BuildLiteBehavior [ RunTime:0.000043s ]
INFO: [ app_init ] --END-- [ RunTime:0.000759s ]
INFO: [ app_begin ] --START--
INFO: Run Behavior\ReadHtmlCacheBehavior [ RunTime:0.000763s ]
INFO: [ app_begin ] --END-- [ RunTime:0.000905s ]
ERR: 非法操作:picture-list

[ 2017-06-01T09:36:42+08:00 ] 127.0.0.1 /index.php/Admin/Advertisement/newscategory_list.html
INFO: [ app_init ] --START--
INFO: Run Behavior\BuildLiteBehavior [ RunTime:0.000023s ]
INFO: [ app_init ] --END-- [ RunTime:0.000484s ]
INFO: [ app_begin ] --START--
INFO: Run Behavior\ReadHtmlCacheBehavior [ RunTime:0.000460s ]
INFO: [ app_begin ] --END-- [ RunTime:0.000589s ]
ERR: 非法操作:newscategory_list

[ 2017-06-01T09:36:43+08:00 ] 127.0.0.1 /index.php/Admin/Index/lib/jquery.contextmenu/jquery.contextmenu.r2.js
INFO: [ app_init ] --START--
INFO: Run Behavior\BuildLiteBehavior [ RunTime:0.000022s ]
INFO: [ app_init ] --END-- [ RunTime:0.000420s ]
INFO: [ app_begin ] --START--
INFO: Run Behavior\ReadHtmlCacheBehavior [ RunTime:0.000629s ]
INFO: [ app_begin ] --END-- [ RunTime:0.000815s ]
ERR: 非法操作:lib

[ 2017-06-01T09:36:43+08:00 ] 127.0.0.1 /index.php/Admin/Index/lib/jquery/1.9.1/jquery.min.js
INFO: [ app_init ] --START--
INFO: Run Behavior\BuildLiteBehavior [ RunTime:0.000024s ]
INFO: [ app_init ] --END-- [ RunTime:0.000828s ]
INFO: [ app_begin ] --START--
INFO: Run Behavior\ReadHtmlCacheBehavior [ RunTime:0.000799s ]
INFO: [ app_begin ] --END-- [ RunTime:0.000933s ]
ERR: 非法操作:lib

[ 2017-06-01T09:36:43+08:00 ] 127.0.0.1 /index.php/Admin/Index/static/h-ui/js/H-ui.min.js
INFO: [ app_init ] --START--
INFO: Run Behavior\BuildLiteBehavior [ RunTime:0.000036s ]
INFO: [ app_init ] --END-- [ RunTime:0.000716s ]
INFO: [ app_begin ] --START--
INFO: Run Behavior\ReadHtmlCacheBehavior [ RunTime:0.000683s ]
INFO: [ app_begin ] --END-- [ RunTime:0.000857s ]
ERR: 非法操作:static

[ 2017-06-01T09:36:43+08:00 ] 127.0.0.1 /index.php/Admin/Index/lib/jquery.contextmenu/jquery.contextmenu.r2.js
INFO: [ app_init ] --START--
INFO: Run Behavior\BuildLiteBehavior [ RunTime:0.000046s ]
INFO: [ app_init ] --END-- [ RunTime:0.001256s ]
INFO: [ app_begin ] --START--
INFO: Run Behavior\ReadHtmlCacheBehavior [ RunTime:0.000425s ]
INFO: [ app_begin ] --END-- [ RunTime:0.000527s ]
ERR: 非法操作:lib

[ 2017-06-01T09:36:43+08:00 ] 127.0.0.1 /index.php/Admin/Index/static/h-ui/js/H-ui.min.js
INFO: [ app_init ] --START--
INFO: Run Behavior\BuildLiteBehavior [ RunTime:0.000022s ]
INFO: [ app_init ] --END-- [ RunTime:0.000425s ]
INFO: [ app_begin ] --START--
INFO: Run Behavior\ReadHtmlCacheBehavior [ RunTime:0.000470s ]
INFO: [ app_begin ] --END-- [ RunTime:0.000579s ]
ERR: 非法操作:static

[ 2017-06-01T09:36:45+08:00 ] 127.0.0.1 /index.php/Admin/News/newscategory_list.html
INFO: [ app_init ] --START--
INFO: Run Behavior\BuildLiteBehavior [ RunTime:0.000089s ]
INFO: [ app_init ] --END-- [ RunTime:0.000612s ]
INFO: [ app_begin ] --START--
INFO: Run Behavior\ReadHtmlCacheBehavior [ RunTime:0.000885s ]
INFO: [ app_begin ] --END-- [ RunTime:0.001046s ]
INFO: [ view_parse ] --START--
INFO: [ template_filter ] --START--
INFO: Run Behavior\ContentReplaceBehavior [ RunTime:0.000093s ]
INFO: [ template_filter ] --END-- [ RunTime:0.000202s ]
NOTIC: [8] Undefined index: txtKeywords F:\wamp64\www\hyhw\Hyhw\Runtime\Cache\Admin\a7b97a654d575e969dab6f6e13a7b962.php 第 27 行.
NOTIC: [8] Undefined index: ddlCategoryId F:\wamp64\www\hyhw\Hyhw\Runtime\Cache\Admin\a7b97a654d575e969dab6f6e13a7b962.php 第 28 行.
NOTIC: [8] Undefined index: startt F:\wamp64\www\hyhw\Hyhw\Runtime\Cache\Admin\a7b97a654d575e969dab6f6e13a7b962.php 第 29 行.
NOTIC: [8] Undefined index: deadlinet F:\wamp64\www\hyhw\Hyhw\Runtime\Cache\Admin\a7b97a654d575e969dab6f6e13a7b962.php 第 30 行.
NOTIC: [8] Undefined variable: pagenum F:\wamp64\www\hyhw\Hyhw\Runtime\Cache\Admin\a7b97a654d575e969dab6f6e13a7b962.php 第 31 行.
NOTIC: [8] Undefined variable: info F:\wamp64\www\hyhw\Hyhw\Runtime\Cache\Admin\a7b97a654d575e969dab6f6e13a7b962.php 第 77 行.
NOTIC: [8] Undefined variable: pagenum F:\wamp64\www\hyhw\Hyhw\Runtime\Cache\Admin\a7b97a654d575e969dab6f6e13a7b962.php 第 96 行.
NOTIC: [8] Undefined variable: page F:\wamp64\www\hyhw\Hyhw\Runtime\Cache\Admin\a7b97a654d575e969dab6f6e13a7b962.php 第 98 行.
INFO: Run Behavior\ParseTemplateBehavior [ RunTime:0.008796s ]
INFO: [ view_parse ] --END-- [ RunTime:0.008891s ]
INFO: [ view_filter ] --START--
INFO: Run Behavior\WriteHtmlCacheBehavior [ RunTime:0.000459s ]
INFO: [ view_filter ] --END-- [ RunTime:0.000545s ]
INFO: [ app_end ] --START--
INFO: Run Behavior\ShowPageTraceBehavior [ RunTime:0.000518s ]
INFO: [ app_end ] --END-- [ RunTime:0.000607s ]

[ 2017-06-01T10:32:04+08:00 ] 127.0.0.1 /index.php/Admin/
INFO: [ app_init ] --START--
INFO: Run Behavior\BuildLiteBehavior [ RunTime:0.000026s ]
INFO: [ app_init ] --END-- [ RunTime:0.000524s ]
INFO: [ app_begin ] --START--
INFO: Run Behavior\ReadHtmlCacheBehavior [ RunTime:0.000696s ]
INFO: [ app_begin ] --END-- [ RunTime:0.000880s ]
INFO: [ view_parse ] --START--
INFO: [ template_filter ] --START--
INFO: Run Behavior\ContentReplaceBehavior [ RunTime:0.000062s ]
INFO: [ template_filter ] --END-- [ RunTime:0.000201s ]
INFO: Run Behavior\ParseTemplateBehavior [ RunTime:0.007878s ]
INFO: [ view_parse ] --END-- [ RunTime:0.008017s ]
INFO: [ view_filter ] --START--
INFO: Run Behavior\WriteHtmlCacheBehavior [ RunTime:0.000413s ]
INFO: [ view_filter ] --END-- [ RunTime:0.000503s ]
INFO: [ app_end ] --START--
INFO: Run Behavior\ShowPageTraceBehavior [ RunTime:0.000541s ]
INFO: [ app_end ] --END-- [ RunTime:0.000635s ]

[ 2017-06-01T10:32:07+08:00 ] 127.0.0.1 /index.php/Admin/Index/index.html
INFO: [ app_init ] --START--
INFO: Run Behavior\BuildLiteBehavior [ RunTime:0.000022s ]
INFO: [ app_init ] --END-- [ RunTime:0.000429s ]
INFO: [ app_begin ] --START--
INFO: Run Behavior\ReadHtmlCacheBehavior [ RunTime:0.000617s ]
INFO: [ app_begin ] --END-- [ RunTime:0.000765s ]
SQL: SHOW COLUMNS FROM `hyhw_manager` [ RunTime:0.0005s ]
NOTIC: [2] md5() expects at least 1 parameter, 0 given F:\wamp64\www\hyhw\Hyhw\Admin\Controller\IndexController.class.php 第 20 行.
SQL: SELECT COUNT(*) AS tp_count FROM `hyhw_manager` WHERE `username` = 'admin' AND `password` = 'e10adc3949ba59abbe56e057f20f883e' LIMIT 1   [ RunTime:0.0003s ]
SQL: SELECT * FROM `hyhw_manager` WHERE `username` = 'admin' AND `password` = 'e10adc3949ba59abbe56e057f20f883e'  [ RunTime:0.0002s ]
SQL: SHOW COLUMNS FROM `hyhw_manager` [ RunTime:0.0006s ]
SQL: UPDATE `hyhw_manager` SET `load_time`='1496284327' WHERE `username` = 'admin' AND `password` = 'e10adc3949ba59abbe56e057f20f883e' [ RunTime:0.0004s ]
SQL: SHOW COLUMNS FROM `hyhw_role` [ RunTime:0.0009s ]
SQL: SELECT * FROM `hyhw_role`  [ RunTime:0.0003s ]

[ 2017-06-01T10:32:07+08:00 ] 127.0.0.1 /index.php/Admin/Index/loginIndex.html
INFO: [ app_init ] --START--
INFO: Run Behavior\BuildLiteBehavior [ RunTime:0.000022s ]
INFO: [ app_init ] --END-- [ RunTime:0.000405s ]
INFO: [ app_begin ] --START--
INFO: Run Behavior\ReadHtmlCacheBehavior [ RunTime:0.000440s ]
INFO: [ app_begin ] --END-- [ RunTime:0.000637s ]
SQL: SHOW COLUMNS FROM `hyhw_manager` [ RunTime:0.0005s ]
SQL: SELECT * FROM `hyhw_manager` WHERE `id` = 1 LIMIT 1   [ RunTime:0.0003s ]
INFO: [ view_parse ] --START--
INFO: [ template_filter ] --START--
INFO: Run Behavior\ContentReplaceBehavior [ RunTime:0.000087s ]
INFO: [ template_filter ] --END-- [ RunTime:0.000181s ]
INFO: Run Behavior\ParseTemplateBehavior [ RunTime:0.007026s ]
INFO: [ view_parse ] --END-- [ RunTime:0.007131s ]
INFO: [ view_filter ] --START--
INFO: Run Behavior\WriteHtmlCacheBehavior [ RunTime:0.000372s ]
INFO: [ view_filter ] --END-- [ RunTime:0.000458s ]
INFO: [ app_end ] --START--
INFO: Run Behavior\ShowPageTraceBehavior [ RunTime:0.000626s ]
INFO: [ app_end ] --END-- [ RunTime:0.000727s ]

[ 2017-06-01T10:32:07+08:00 ] 127.0.0.1 /index.php/Admin/Index/lib/jquery.contextmenu/jquery.contextmenu.r2.js
INFO: [ app_init ] --START--
INFO: Run Behavior\BuildLiteBehavior [ RunTime:0.000034s ]
INFO: [ app_init ] --END-- [ RunTime:0.000619s ]
INFO: [ app_begin ] --START--
INFO: Run Behavior\ReadHtmlCacheBehavior [ RunTime:0.000495s ]
INFO: [ app_begin ] --END-- [ RunTime:0.000641s ]
ERR: 非法操作:lib

[ 2017-06-01T10:32:07+08:00 ] 127.0.0.1 /index.php/Admin/Index/welcome.html
INFO: [ app_init ] --START--
INFO: Run Behavior\BuildLiteBehavior [ RunTime:0.000038s ]
INFO: [ app_init ] --END-- [ RunTime:0.000656s ]
INFO: [ app_begin ] --START--
INFO: Run Behavior\ReadHtmlCacheBehavior [ RunTime:0.000485s ]
INFO: [ app_begin ] --END-- [ RunTime:0.000586s ]
INFO: [ view_parse ] --START--
INFO: [ template_filter ] --START--
INFO: Run Behavior\ContentReplaceBehavior [ RunTime:0.000077s ]
INFO: [ template_filter ] --END-- [ RunTime:0.000191s ]
INFO: Run Behavior\ParseTemplateBehavior [ RunTime:0.006676s ]
INFO: [ view_parse ] --END-- [ RunTime:0.006791s ]
INFO: [ view_filter ] --START--
INFO: Run Behavior\WriteHtmlCacheBehavior [ RunTime:0.000503s ]
INFO: [ view_filter ] --END-- [ RunTime:0.000659s ]
INFO: [ app_end ] --START--
INFO: Run Behavior\ShowPageTraceBehavior [ RunTime:0.000630s ]
INFO: [ app_end ] --END-- [ RunTime:0.000754s ]

[ 2017-06-01T10:32:07+08:00 ] 127.0.0.1 /index.php/Admin/Index/lib/jquery.contextmenu/jquery.contextmenu.r2.js
INFO: [ app_init ] --START--
INFO: Run Behavior\BuildLiteBehavior [ RunTime:0.000039s ]
INFO: [ app_init ] --END-- [ RunTime:0.000607s ]
INFO: [ app_begin ] --START--
INFO: Run Behavior\ReadHtmlCacheBehavior [ RunTime:0.000649s ]
INFO: [ app_begin ] --END-- [ RunTime:0.000821s ]
ERR: 非法操作:lib

[ 2017-06-01T10:32:07+08:00 ] 127.0.0.1 /index.php/Admin/Index/lib/jquery/1.9.1/jquery.min.js
INFO: [ app_init ] --START--
INFO: Run Behavior\BuildLiteBehavior [ RunTime:0.000036s ]
INFO: [ app_init ] --END-- [ RunTime:0.000597s ]
INFO: [ app_begin ] --START--
INFO: Run Behavior\ReadHtmlCacheBehavior [ RunTime:0.000597s ]
INFO: [ app_begin ] --END-- [ RunTime:0.000763s ]
ERR: 非法操作:lib

[ 2017-06-01T10:32:07+08:00 ] 127.0.0.1 /index.php/Admin/Index/static/h-ui/js/H-ui.min.js
INFO: [ app_init ] --START--
INFO: Run Behavior\BuildLiteBehavior [ RunTime:0.000033s ]
INFO: [ app_init ] --END-- [ RunTime:0.000617s ]
INFO: [ app_begin ] --START--
INFO: Run Behavior\ReadHtmlCacheBehavior [ RunTime:0.000804s ]
INFO: [ app_begin ] --END-- [ RunTime:0.000985s ]
ERR: 非法操作:static

[ 2017-06-01T10:32:07+08:00 ] 127.0.0.1 /index.php/Admin/Index/static/h-ui/js/H-ui.min.js
INFO: [ app_init ] --START--
INFO: Run Behavior\BuildLiteBehavior [ RunTime:0.000023s ]
INFO: [ app_init ] --END-- [ RunTime:0.000398s ]
INFO: [ app_begin ] --START--
INFO: Run Behavior\ReadHtmlCacheBehavior [ RunTime:0.000599s ]
INFO: [ app_begin ] --END-- [ RunTime:0.000743s ]
ERR: 非法操作:static

[ 2017-06-01T10:32:10+08:00 ] 127.0.0.1 /index.php/Admin/News/newscategory_list.html
INFO: [ app_init ] --START--
INFO: Run Behavior\BuildLiteBehavior [ RunTime:0.000019s ]
INFO: [ app_init ] --END-- [ RunTime:0.000463s ]
INFO: [ app_begin ] --START--
INFO: Run Behavior\ReadHtmlCacheBehavior [ RunTime:0.001346s ]
INFO: [ app_begin ] --END-- [ RunTime:0.001645s ]
SQL: SHOW COLUMNS FROM `hyhw_news_category` [ RunTime:0.0006s ]
SQL: SHOW COLUMNS FROM `hyhw_news_category` [ RunTime:0.0005s ]
SQL: SELECT COUNT(*) AS tp_count FROM `hyhw_news_category` LIMIT 1   [ RunTime:0.0002s ]
NOTIC: [2] implode(): Invalid arguments passed F:\wamp64\www\hyhw\Hyhw\Admin\Model\CommonModel.class.php 第 27 行.
SQL: SELECT * FROM `hyhw_news_category` LIMIT 0,10   [ RunTime:0.0003s ]

[ 2017-06-01T10:33:41+08:00 ] 127.0.0.1 /index.php/Admin/Index/loginIndex.html
INFO: [ app_init ] --START--
INFO: Run Behavior\BuildLiteBehavior [ RunTime:0.000021s ]
INFO: [ app_init ] --END-- [ RunTime:0.000488s ]
INFO: [ app_begin ] --START--
INFO: Run Behavior\ReadHtmlCacheBehavior [ RunTime:0.000526s ]
INFO: [ app_begin ] --END-- [ RunTime:0.000678s ]
SQL: SHOW COLUMNS FROM `hyhw_manager` [ RunTime:0.0007s ]
SQL: SELECT * FROM `hyhw_manager` WHERE `id` = 1 LIMIT 1   [ RunTime:0.0003s ]
INFO: [ view_parse ] --START--
INFO: [ template_filter ] --START--
INFO: Run Behavior\ContentReplaceBehavior [ RunTime:0.000134s ]
INFO: [ template_filter ] --END-- [ RunTime:0.000274s ]
INFO: Run Behavior\ParseTemplateBehavior [ RunTime:0.007698s ]
INFO: [ view_parse ] --END-- [ RunTime:0.007807s ]
INFO: [ view_filter ] --START--
INFO: Run Behavior\WriteHtmlCacheBehavior [ RunTime:0.000426s ]
INFO: [ view_filter ] --END-- [ RunTime:0.000523s ]
INFO: [ app_end ] --START--
INFO: Run Behavior\ShowPageTraceBehavior [ RunTime:0.000612s ]
INFO: [ app_end ] --END-- [ RunTime:0.000815s ]

[ 2017-06-01T10:33:41+08:00 ] 127.0.0.1 /index.php/Admin/Index/welcome.html
INFO: [ app_init ] --START--
INFO: Run Behavior\BuildLiteBehavior [ RunTime:0.000027s ]
INFO: [ app_init ] --END-- [ RunTime:0.000468s ]
INFO: [ app_begin ] --START--
INFO: Run Behavior\ReadHtmlCacheBehavior [ RunTime:0.000601s ]
INFO: [ app_begin ] --END-- [ RunTime:0.000786s ]
INFO: [ view_parse ] --START--
INFO: [ template_filter ] --START--
INFO: Run Behavior\ContentReplaceBehavior [ RunTime:0.000076s ]
INFO: [ template_filter ] --END-- [ RunTime:0.000189s ]
INFO: Run Behavior\ParseTemplateBehavior [ RunTime:0.007741s ]
INFO: [ view_parse ] --END-- [ RunTime:0.007889s ]
INFO: [ view_filter ] --START--
INFO: Run Behavior\WriteHtmlCacheBehavior [ RunTime:0.000401s ]
INFO: [ view_filter ] --END-- [ RunTime:0.000489s ]
INFO: [ app_end ] --START--
INFO: Run Behavior\ShowPageTraceBehavior [ RunTime:0.000562s ]
INFO: [ app_end ] --END-- [ RunTime:0.000657s ]

[ 2017-06-01T10:33:41+08:00 ] 127.0.0.1 /index.php/Admin/Index/lib/jquery.contextmenu/jquery.contextmenu.r2.js
INFO: [ app_init ] --START--
INFO: Run Behavior\BuildLiteBehavior [ RunTime:0.000036s ]
INFO: [ app_init ] --END-- [ RunTime:0.000610s ]
INFO: [ app_begin ] --START--
INFO: Run Behavior\ReadHtmlCacheBehavior [ RunTime:0.000584s ]
INFO: [ app_begin ] --END-- [ RunTime:0.000752s ]
ERR: 非法操作:lib

[ 2017-06-01T10:33:42+08:00 ] 127.0.0.1 /index.php/Admin/Index/static/h-ui/js/H-ui.min.js
INFO: [ app_init ] --START--
INFO: Run Behavior\BuildLiteBehavior [ RunTime:0.000034s ]
INFO: [ app_init ] --END-- [ RunTime:0.000627s ]
INFO: [ app_begin ] --START--
INFO: Run Behavior\ReadHtmlCacheBehavior [ RunTime:0.000586s ]
INFO: [ app_begin ] --END-- [ RunTime:0.000757s ]
ERR: 非法操作:static

[ 2017-06-01T10:33:42+08:00 ] 127.0.0.1 /index.php/Admin/Index/lib/jquery/1.9.1/jquery.min.js
INFO: [ app_init ] --START--
INFO: Run Behavior\BuildLiteBehavior [ RunTime:0.000033s ]
INFO: [ app_init ] --END-- [ RunTime:0.000569s ]
INFO: [ app_begin ] --START--
INFO: Run Behavior\ReadHtmlCacheBehavior [ RunTime:0.000613s ]
INFO: [ app_begin ] --END-- [ RunTime:0.000784s ]
ERR: 非法操作:lib

[ 2017-06-01T10:33:42+08:00 ] 127.0.0.1 /index.php/Admin/Index/lib/jquery.contextmenu/jquery.contextmenu.r2.js
INFO: [ app_init ] --START--
INFO: Run Behavior\BuildLiteBehavior [ RunTime:0.000022s ]
INFO: [ app_init ] --END-- [ RunTime:0.000502s ]
INFO: [ app_begin ] --START--
INFO: Run Behavior\ReadHtmlCacheBehavior [ RunTime:0.000558s ]
INFO: [ app_begin ] --END-- [ RunTime:0.000670s ]
ERR: 非法操作:lib

[ 2017-06-01T10:33:42+08:00 ] 127.0.0.1 /index.php/Admin/Index/static/h-ui/js/H-ui.min.js
INFO: [ app_init ] --START--
INFO: Run Behavior\BuildLiteBehavior [ RunTime:0.000024s ]
INFO: [ app_init ] --END-- [ RunTime:0.000433s ]
INFO: [ app_begin ] --START--
INFO: Run Behavior\ReadHtmlCacheBehavior [ RunTime:0.000460s ]
INFO: [ app_begin ] --END-- [ RunTime:0.000617s ]
ERR: 非法操作:static

[ 2017-06-01T10:33:45+08:00 ] 127.0.0.1 /index.php/Admin/News/newscategory_list.html
INFO: [ app_init ] --START--
INFO: Run Behavior\BuildLiteBehavior [ RunTime:0.000037s ]
INFO: [ app_init ] --END-- [ RunTime:0.000630s ]
INFO: [ app_begin ] --START--
INFO: Run Behavior\ReadHtmlCacheBehavior [ RunTime:0.000684s ]
INFO: [ app_begin ] --END-- [ RunTime:0.000847s ]
SQL: SHOW COLUMNS FROM `hyhw_news_category` [ RunTime:0.0005s ]
SQL: SHOW COLUMNS FROM `hyhw_news_category` [ RunTime:0.0005s ]
SQL: SELECT COUNT(*) AS tp_count FROM `hyhw_news_category` LIMIT 1   [ RunTime:0.0002s ]
NOTIC: [2] implode(): Invalid arguments passed F:\wamp64\www\hyhw\Hyhw\Admin\Model\CommonModel.class.php 第 27 行.
SQL: SELECT * FROM `hyhw_news_category` LIMIT 0,10   [ RunTime:0.0003s ]
INFO: [ view_parse ] --START--
INFO: [ template_filter ] --START--
INFO: Run Behavior\ContentReplaceBehavior [ RunTime:0.000111s ]
INFO: [ template_filter ] --END-- [ RunTime:0.000257s ]
NOTIC: [8] Undefined index: txtKeywords F:\wamp64\www\hyhw\Hyhw\Runtime\Cache\Admin\a7b97a654d575e969dab6f6e13a7b962.php 第 27 行.
NOTIC: [8] Undefined index: ddlCategoryId F:\wamp64\www\hyhw\Hyhw\Runtime\Cache\Admin\a7b97a654d575e969dab6f6e13a7b962.php 第 28 行.
NOTIC: [8] Undefined index: startt F:\wamp64\www\hyhw\Hyhw\Runtime\Cache\Admin\a7b97a654d575e969dab6f6e13a7b962.php 第 29 行.
NOTIC: [8] Undefined index: deadlinet F:\wamp64\www\hyhw\Hyhw\Runtime\Cache\Admin\a7b97a654d575e969dab6f6e13a7b962.php 第 30 行.
NOTIC: [8] Undefined index: place_id F:\wamp64\www\hyhw\Hyhw\Runtime\Cache\Admin\a7b97a654d575e969dab6f6e13a7b962.php 第 78 行.
NOTIC: [8] Undefined index: place_id F:\wamp64\www\hyhw\Hyhw\Runtime\Cache\Admin\a7b97a654d575e969dab6f6e13a7b962.php 第 88 行.
NOTIC: [8] Undefined index: place_id F:\wamp64\www\hyhw\Hyhw\Runtime\Cache\Admin\a7b97a654d575e969dab6f6e13a7b962.php 第 78 行.
NOTIC: [8] Undefined index: place_id F:\wamp64\www\hyhw\Hyhw\Runtime\Cache\Admin\a7b97a654d575e969dab6f6e13a7b962.php 第 88 行.
NOTIC: [8] Undefined index: place_id F:\wamp64\www\hyhw\Hyhw\Runtime\Cache\Admin\a7b97a654d575e969dab6f6e13a7b962.php 第 78 行.
NOTIC: [8] Undefined index: place_id F:\wamp64\www\hyhw\Hyhw\Runtime\Cache\Admin\a7b97a654d575e969dab6f6e13a7b962.php 第 88 行.
NOTIC: [8] Undefined index: place_id F:\wamp64\www\hyhw\Hyhw\Runtime\Cache\Admin\a7b97a654d575e969dab6f6e13a7b962.php 第 78 行.
NOTIC: [8] Undefined index: place_id F:\wamp64\www\hyhw\Hyhw\Runtime\Cache\Admin\a7b97a654d575e969dab6f6e13a7b962.php 第 88 行.
NOTIC: [8] Undefined index: place_id F:\wamp64\www\hyhw\Hyhw\Runtime\Cache\Admin\a7b97a654d575e969dab6f6e13a7b962.php 第 78 行.
NOTIC: [8] Undefined index: place_id F:\wamp64\www\hyhw\Hyhw\Runtime\Cache\Admin\a7b97a654d575e969dab6f6e13a7b962.php 第 88 行.
INFO: Run Behavior\ParseTemplateBehavior [ RunTime:0.012769s ]
INFO: [ view_parse ] --END-- [ RunTime:0.012921s ]
INFO: [ view_filter ] --START--
INFO: Run Behavior\WriteHtmlCacheBehavior [ RunTime:0.000617s ]
INFO: [ view_filter ] --END-- [ RunTime:0.000737s ]
INFO: [ app_end ] --START--
INFO: Run Behavior\ShowPageTraceBehavior [ RunTime:0.000841s ]
INFO: [ app_end ] --END-- [ RunTime:0.001014s ]

