[ 2017-06-02T13:52:31+08:00 ] 127.0.0.1 /index.php/Admin/
INFO: [ app_init ] --START--
INFO: Run Behavior\BuildLiteBehavior [ RunTime:0.000022s ]
INFO: [ app_init ] --END-- [ RunTime:0.000500s ]
INFO: [ app_begin ] --START--
INFO: Run Behavior\ReadHtmlCacheBehavior [ RunTime:0.000613s ]
INFO: [ app_begin ] --END-- [ RunTime:0.000705s ]
INFO: [ view_parse ] --START--
INFO: [ template_filter ] --START--
INFO: Run Behavior\ContentReplaceBehavior [ RunTime:0.000065s ]
INFO: [ template_filter ] --END-- [ RunTime:0.000185s ]
INFO: Run Behavior\ParseTemplateBehavior [ RunTime:0.020967s ]
INFO: [ view_parse ] --END-- [ RunTime:0.021085s ]
INFO: [ view_filter ] --START--
INFO: Run Behavior\WriteHtmlCacheBehavior [ RunTime:0.000534s ]
INFO: [ view_filter ] --END-- [ RunTime:0.000622s ]
INFO: [ app_end ] --START--
INFO: Run Behavior\ShowPageTraceBehavior [ RunTime:0.000610s ]
INFO: [ app_end ] --END-- [ RunTime:0.000699s ]

[ 2017-06-02T13:52:35+08:00 ] 127.0.0.1 /index.php/Admin/Index/index.html
INFO: [ app_init ] --START--
INFO: Run Behavior\BuildLiteBehavior [ RunTime:0.000025s ]
INFO: [ app_init ] --END-- [ RunTime:0.000583s ]
INFO: [ app_begin ] --START--
INFO: Run Behavior\ReadHtmlCacheBehavior [ RunTime:0.000604s ]
INFO: [ app_begin ] --END-- [ RunTime:0.000725s ]
SQL: SHOW COLUMNS FROM `hyhw_manager` [ RunTime:0.0115s ]
NOTIC: [2] md5() expects at least 1 parameter, 0 given F:\wamp64\www\hyhw\Hyhw\Admin\Controller\IndexController.class.php 第 20 行.
SQL: SELECT COUNT(*) AS tp_count FROM `hyhw_manager` WHERE `username` = 'admin' AND `password` = 'e10adc3949ba59abbe56e057f20f883e' LIMIT 1   [ RunTime:0.0003s ]
SQL: SELECT * FROM `hyhw_manager` WHERE `username` = 'admin' AND `password` = 'e10adc3949ba59abbe56e057f20f883e'  [ RunTime:0.0002s ]
SQL: SHOW COLUMNS FROM `hyhw_manager` [ RunTime:0.0006s ]
SQL: UPDATE `hyhw_manager` SET `load_time`='1496382755' WHERE `username` = 'admin' AND `password` = 'e10adc3949ba59abbe56e057f20f883e' [ RunTime:0.0004s ]
SQL: SHOW COLUMNS FROM `hyhw_role` [ RunTime:0.0392s ]
SQL: SELECT * FROM `hyhw_role`  [ RunTime:0.0002s ]

[ 2017-06-02T13:52:35+08:00 ] 127.0.0.1 /index.php/Admin/Index/loginIndex.html
INFO: [ app_init ] --START--
INFO: Run Behavior\BuildLiteBehavior [ RunTime:0.000021s ]
INFO: [ app_init ] --END-- [ RunTime:0.000467s ]
INFO: [ app_begin ] --START--
INFO: Run Behavior\ReadHtmlCacheBehavior [ RunTime:0.000563s ]
INFO: [ app_begin ] --END-- [ RunTime:0.000657s ]
SQL: SHOW COLUMNS FROM `hyhw_manager` [ RunTime:0.0008s ]
SQL: SELECT * FROM `hyhw_manager` WHERE `id` = 1 LIMIT 1   [ RunTime:0.0002s ]
INFO: [ view_parse ] --START--
INFO: [ template_filter ] --START--
INFO: Run Behavior\ContentReplaceBehavior [ RunTime:0.000091s ]
INFO: [ template_filter ] --END-- [ RunTime:0.000193s ]
INFO: Run Behavior\ParseTemplateBehavior [ RunTime:0.008856s ]
INFO: [ view_parse ] --END-- [ RunTime:0.008971s ]
INFO: [ view_filter ] --START--
INFO: Run Behavior\WriteHtmlCacheBehavior [ RunTime:0.000549s ]
INFO: [ view_filter ] --END-- [ RunTime:0.000634s ]
INFO: [ app_end ] --START--
INFO: Run Behavior\ShowPageTraceBehavior [ RunTime:0.000614s ]
INFO: [ app_end ] --END-- [ RunTime:0.000716s ]

[ 2017-06-02T13:52:35+08:00 ] 127.0.0.1 /index.php/Admin/Index/lib/jquery.contextmenu/jquery.contextmenu.r2.js
INFO: [ app_init ] --START--
INFO: Run Behavior\BuildLiteBehavior [ RunTime:0.000022s ]
INFO: [ app_init ] --END-- [ RunTime:0.000462s ]
INFO: [ app_begin ] --START--
INFO: Run Behavior\ReadHtmlCacheBehavior [ RunTime:0.000616s ]
INFO: [ app_begin ] --END-- [ RunTime:0.000715s ]
ERR: 非法操作:lib

[ 2017-06-02T13:52:35+08:00 ] 127.0.0.1 /index.php/Admin/Index/welcome.html
INFO: [ app_init ] --START--
INFO: Run Behavior\BuildLiteBehavior [ RunTime:0.000035s ]
INFO: [ app_init ] --END-- [ RunTime:0.000738s ]
INFO: [ app_begin ] --START--
INFO: Run Behavior\ReadHtmlCacheBehavior [ RunTime:0.000681s ]
INFO: [ app_begin ] --END-- [ RunTime:0.000796s ]
INFO: [ view_parse ] --START--
INFO: [ template_filter ] --START--
INFO: Run Behavior\ContentReplaceBehavior [ RunTime:0.000072s ]
INFO: [ template_filter ] --END-- [ RunTime:0.000178s ]
INFO: Run Behavior\ParseTemplateBehavior [ RunTime:0.006326s ]
INFO: [ view_parse ] --END-- [ RunTime:0.006430s ]
INFO: [ view_filter ] --START--
INFO: Run Behavior\WriteHtmlCacheBehavior [ RunTime:0.000421s ]
INFO: [ view_filter ] --END-- [ RunTime:0.000505s ]
INFO: [ app_end ] --START--
INFO: Run Behavior\ShowPageTraceBehavior [ RunTime:0.000861s ]
INFO: [ app_end ] --END-- [ RunTime:0.001005s ]

[ 2017-06-02T13:52:35+08:00 ] 127.0.0.1 /index.php/Admin/Index/lib/jquery/1.9.1/jquery.min.js
INFO: [ app_init ] --START--
INFO: Run Behavior\BuildLiteBehavior [ RunTime:0.000038s ]
INFO: [ app_init ] --END-- [ RunTime:0.000710s ]
INFO: [ app_begin ] --START--
INFO: Run Behavior\ReadHtmlCacheBehavior [ RunTime:0.000967s ]
INFO: [ app_begin ] --END-- [ RunTime:0.001156s ]
ERR: 非法操作:lib

[ 2017-06-02T13:52:35+08:00 ] 127.0.0.1 /index.php/Admin/Index/static/h-ui/js/H-ui.min.js
INFO: [ app_init ] --START--
INFO: Run Behavior\BuildLiteBehavior [ RunTime:0.000037s ]
INFO: [ app_init ] --END-- [ RunTime:0.000668s ]
INFO: [ app_begin ] --START--
INFO: Run Behavior\ReadHtmlCacheBehavior [ RunTime:0.000863s ]
INFO: [ app_begin ] --END-- [ RunTime:0.001040s ]
ERR: 非法操作:static

[ 2017-06-02T13:52:35+08:00 ] 127.0.0.1 /index.php/Admin/Index/lib/jquery.contextmenu/jquery.contextmenu.r2.js
INFO: [ app_init ] --START--
INFO: Run Behavior\BuildLiteBehavior [ RunTime:0.000022s ]
INFO: [ app_init ] --END-- [ RunTime:0.000470s ]
INFO: [ app_begin ] --START--
INFO: Run Behavior\ReadHtmlCacheBehavior [ RunTime:0.000527s ]
INFO: [ app_begin ] --END-- [ RunTime:0.000634s ]
ERR: 非法操作:lib

[ 2017-06-02T13:52:35+08:00 ] 127.0.0.1 /index.php/Admin/Index/static/h-ui/js/H-ui.min.js
INFO: [ app_init ] --START--
INFO: Run Behavior\BuildLiteBehavior [ RunTime:0.000022s ]
INFO: [ app_init ] --END-- [ RunTime:0.000493s ]
INFO: [ app_begin ] --START--
INFO: Run Behavior\ReadHtmlCacheBehavior [ RunTime:0.000565s ]
INFO: [ app_begin ] --END-- [ RunTime:0.000675s ]
ERR: 非法操作:static

[ 2017-06-02T13:52:37+08:00 ] 127.0.0.1 /index.php/Admin/Index/picture-list.html
INFO: [ app_init ] --START--
INFO: Run Behavior\BuildLiteBehavior [ RunTime:0.000043s ]
INFO: [ app_init ] --END-- [ RunTime:0.000918s ]
INFO: [ app_begin ] --START--
INFO: Run Behavior\ReadHtmlCacheBehavior [ RunTime:0.001095s ]
INFO: [ app_begin ] --END-- [ RunTime:0.001318s ]
ERR: 非法操作:picture-list

[ 2017-06-02T13:52:37+08:00 ] 127.0.0.1 /index.php/Admin/Advertisement/newscategory_list.html
INFO: [ app_init ] --START--
INFO: Run Behavior\BuildLiteBehavior [ RunTime:0.000022s ]
INFO: [ app_init ] --END-- [ RunTime:0.000486s ]
INFO: [ app_begin ] --START--
INFO: Run Behavior\ReadHtmlCacheBehavior [ RunTime:0.000542s ]
INFO: [ app_begin ] --END-- [ RunTime:0.000651s ]
ERR: 非法操作:newscategory_list

[ 2017-06-02T13:52:39+08:00 ] 127.0.0.1 /index.php/Admin/Index/lib/jquery.contextmenu/jquery.contextmenu.r2.js
INFO: [ app_init ] --START--
INFO: Run Behavior\BuildLiteBehavior [ RunTime:0.000031s ]
INFO: [ app_init ] --END-- [ RunTime:0.000497s ]
INFO: [ app_begin ] --START--
INFO: Run Behavior\ReadHtmlCacheBehavior [ RunTime:0.000556s ]
INFO: [ app_begin ] --END-- [ RunTime:0.000667s ]
ERR: 非法操作:lib

[ 2017-06-02T13:52:39+08:00 ] 127.0.0.1 /index.php/Admin/Index/static/h-ui/js/H-ui.min.js
INFO: [ app_init ] --START--
INFO: Run Behavior\BuildLiteBehavior [ RunTime:0.000035s ]
INFO: [ app_init ] --END-- [ RunTime:0.000734s ]
INFO: [ app_begin ] --START--
INFO: Run Behavior\ReadHtmlCacheBehavior [ RunTime:0.001180s ]
INFO: [ app_begin ] --END-- [ RunTime:0.001352s ]
ERR: 非法操作:static

[ 2017-06-02T13:52:39+08:00 ] 127.0.0.1 /index.php/Admin/Index/lib/jquery/1.9.1/jquery.min.js
INFO: [ app_init ] --START--
INFO: Run Behavior\BuildLiteBehavior [ RunTime:0.000036s ]
INFO: [ app_init ] --END-- [ RunTime:0.000644s ]
INFO: [ app_begin ] --START--
INFO: Run Behavior\ReadHtmlCacheBehavior [ RunTime:0.001275s ]
INFO: [ app_begin ] --END-- [ RunTime:0.001461s ]
ERR: 非法操作:lib

[ 2017-06-02T13:52:39+08:00 ] 127.0.0.1 /index.php/Admin/Index/lib/jquery.contextmenu/jquery.contextmenu.r2.js
INFO: [ app_init ] --START--
INFO: Run Behavior\BuildLiteBehavior [ RunTime:0.000024s ]
INFO: [ app_init ] --END-- [ RunTime:0.000562s ]
INFO: [ app_begin ] --START--
INFO: Run Behavior\ReadHtmlCacheBehavior [ RunTime:0.000678s ]
INFO: [ app_begin ] --END-- [ RunTime:0.000801s ]
ERR: 非法操作:lib

[ 2017-06-02T13:52:39+08:00 ] 127.0.0.1 /index.php/Admin/Index/static/h-ui/js/H-ui.min.js
INFO: [ app_init ] --START--
INFO: Run Behavior\BuildLiteBehavior [ RunTime:0.000023s ]
INFO: [ app_init ] --END-- [ RunTime:0.000489s ]
INFO: [ app_begin ] --START--
INFO: Run Behavior\ReadHtmlCacheBehavior [ RunTime:0.001334s ]
INFO: [ app_begin ] --END-- [ RunTime:0.001569s ]
ERR: 非法操作:static

[ 2017-06-02T13:52:41+08:00 ] 127.0.0.1 /index.php/Admin/News/newscategory_list.html
INFO: [ app_init ] --START--
INFO: Run Behavior\BuildLiteBehavior [ RunTime:0.000022s ]
INFO: [ app_init ] --END-- [ RunTime:0.000451s ]
INFO: [ app_begin ] --START--
INFO: Run Behavior\ReadHtmlCacheBehavior [ RunTime:0.000592s ]
INFO: [ app_begin ] --END-- [ RunTime:0.000689s ]
SQL: SHOW COLUMNS FROM `hyhw_news_category` [ RunTime:0.0051s ]
SQL: SHOW COLUMNS FROM `hyhw_news_category` [ RunTime:0.0004s ]
SQL: SELECT COUNT(*) AS tp_count FROM `hyhw_news_category` LIMIT 1   [ RunTime:0.0002s ]
NOTIC: [2] implode(): Invalid arguments passed F:\wamp64\www\hyhw\Hyhw\Admin\Model\CommonModel.class.php 第 27 行.
SQL: SELECT * FROM `hyhw_news_category` LIMIT 0,10   [ RunTime:0.0006s ]
INFO: [ view_parse ] --START--
INFO: [ template_filter ] --START--
INFO: Run Behavior\ContentReplaceBehavior [ RunTime:0.000090s ]
INFO: [ template_filter ] --END-- [ RunTime:0.000184s ]
NOTIC: [8] Undefined index: txtKeywords F:\wamp64\www\hyhw\Hyhw\Runtime\Cache\Admin\a7b97a654d575e969dab6f6e13a7b962.php 第 27 行.
NOTIC: [8] Undefined index: ddlCategoryId F:\wamp64\www\hyhw\Hyhw\Runtime\Cache\Admin\a7b97a654d575e969dab6f6e13a7b962.php 第 28 行.
NOTIC: [8] Undefined index: startt F:\wamp64\www\hyhw\Hyhw\Runtime\Cache\Admin\a7b97a654d575e969dab6f6e13a7b962.php 第 29 行.
NOTIC: [8] Undefined index: deadlinet F:\wamp64\www\hyhw\Hyhw\Runtime\Cache\Admin\a7b97a654d575e969dab6f6e13a7b962.php 第 30 行.
NOTIC: [8] Undefined index: place_id F:\wamp64\www\hyhw\Hyhw\Runtime\Cache\Admin\a7b97a654d575e969dab6f6e13a7b962.php 第 78 行.
NOTIC: [8] Undefined index: place_id F:\wamp64\www\hyhw\Hyhw\Runtime\Cache\Admin\a7b97a654d575e969dab6f6e13a7b962.php 第 88 行.
NOTIC: [8] Undefined index: place_id F:\wamp64\www\hyhw\Hyhw\Runtime\Cache\Admin\a7b97a654d575e969dab6f6e13a7b962.php 第 78 行.
NOTIC: [8] Undefined index: place_id F:\wamp64\www\hyhw\Hyhw\Runtime\Cache\Admin\a7b97a654d575e969dab6f6e13a7b962.php 第 88 行.
NOTIC: [8] Undefined index: place_id F:\wamp64\www\hyhw\Hyhw\Runtime\Cache\Admin\a7b97a654d575e969dab6f6e13a7b962.php 第 78 行.
NOTIC: [8] Undefined index: place_id F:\wamp64\www\hyhw\Hyhw\Runtime\Cache\Admin\a7b97a654d575e969dab6f6e13a7b962.php 第 88 行.
NOTIC: [8] Undefined index: place_id F:\wamp64\www\hyhw\Hyhw\Runtime\Cache\Admin\a7b97a654d575e969dab6f6e13a7b962.php 第 78 行.
NOTIC: [8] Undefined index: place_id F:\wamp64\www\hyhw\Hyhw\Runtime\Cache\Admin\a7b97a654d575e969dab6f6e13a7b962.php 第 88 行.
NOTIC: [8] Undefined index: place_id F:\wamp64\www\hyhw\Hyhw\Runtime\Cache\Admin\a7b97a654d575e969dab6f6e13a7b962.php 第 78 行.
NOTIC: [8] Undefined index: place_id F:\wamp64\www\hyhw\Hyhw\Runtime\Cache\Admin\a7b97a654d575e969dab6f6e13a7b962.php 第 88 行.
INFO: Run Behavior\ParseTemplateBehavior [ RunTime:0.009646s ]
INFO: [ view_parse ] --END-- [ RunTime:0.009745s ]
INFO: [ view_filter ] --START--
INFO: Run Behavior\WriteHtmlCacheBehavior [ RunTime:0.000399s ]
INFO: [ view_filter ] --END-- [ RunTime:0.000482s ]
INFO: [ app_end ] --START--
INFO: Run Behavior\ShowPageTraceBehavior [ RunTime:0.000729s ]
INFO: [ app_end ] --END-- [ RunTime:0.000852s ]

[ 2017-06-02T13:52:48+08:00 ] 127.0.0.1 /index.php/Admin/News/newscategory_add.html
INFO: [ app_init ] --START--
INFO: Run Behavior\BuildLiteBehavior [ RunTime:0.000022s ]
INFO: [ app_init ] --END-- [ RunTime:0.000507s ]
INFO: [ app_begin ] --START--
INFO: Run Behavior\ReadHtmlCacheBehavior [ RunTime:0.000555s ]
INFO: [ app_begin ] --END-- [ RunTime:0.000648s ]
INFO: [ view_parse ] --START--
INFO: [ template_filter ] --START--
INFO: Run Behavior\ContentReplaceBehavior [ RunTime:0.000076s ]
INFO: [ template_filter ] --END-- [ RunTime:0.000174s ]
INFO: Run Behavior\ParseTemplateBehavior [ RunTime:0.006209s ]
INFO: [ view_parse ] --END-- [ RunTime:0.006316s ]
INFO: [ view_filter ] --START--
INFO: Run Behavior\WriteHtmlCacheBehavior [ RunTime:0.000450s ]
INFO: [ view_filter ] --END-- [ RunTime:0.000534s ]
INFO: [ app_end ] --START--
INFO: Run Behavior\ShowPageTraceBehavior [ RunTime:0.000589s ]
INFO: [ app_end ] --END-- [ RunTime:0.000678s ]

[ 2017-06-02T13:54:03+08:00 ] 127.0.0.1 /index.php/Admin/UploadQiniu/uploadImg.html?action=UpLoadFile&DelFilePath=
INFO: [ app_init ] --START--
INFO: Run Behavior\BuildLiteBehavior [ RunTime:0.000022s ]
INFO: [ app_init ] --END-- [ RunTime:0.000410s ]
INFO: [ app_begin ] --START--
INFO: Run Behavior\ReadHtmlCacheBehavior [ RunTime:0.000536s ]
INFO: [ app_begin ] --END-- [ RunTime:0.000633s ]
NOTIC: [2] call_user_func() expects parameter 1 to be a valid callback, no array or string given F:\wamp64\www\hyhw\ThinkPHP\Library\Think\Upload.class.php 第 170 行.
NOTIC: [8] Undefined index: Expires F:\wamp64\www\hyhw\ThinkPHP\Library\Think\Upload\Driver\Qiniu\QiniuStorage.class.php 第 45 行.
NOTIC: [8] Undefined index: saveName F:\wamp64\www\hyhw\ThinkPHP\Library\Think\Upload\Driver\Qiniu\QiniuStorage.class.php 第 80 行.
NOTIC: [8] Undefined index: custom_fields F:\wamp64\www\hyhw\ThinkPHP\Library\Think\Upload\Driver\Qiniu\QiniuStorage.class.php 第 83 行.
NOTIC: [8] Undefined variable: thumb F:\wamp64\www\hyhw\Hyhw\Admin\Controller\UploadQiniuController.class.php 第 19 行.
INFO: [ app_end ] --START--
INFO: Run Behavior\ShowPageTraceBehavior [ RunTime:0.003298s ]
INFO: [ app_end ] --END-- [ RunTime:0.003861s ]

[ 2017-06-02T13:54:04+08:00 ] 127.0.0.1 /index.php/Admin/News/newscategory_add.html
INFO: [ app_init ] --START--
INFO: Run Behavior\BuildLiteBehavior [ RunTime:0.000024s ]
INFO: [ app_init ] --END-- [ RunTime:0.000568s ]
INFO: [ app_begin ] --START--
INFO: Run Behavior\ReadHtmlCacheBehavior [ RunTime:0.000725s ]
INFO: [ app_begin ] --END-- [ RunTime:0.000850s ]
SQL: SHOW COLUMNS FROM `hyhw_news_category` [ RunTime:0.0009s ]
SQL: SHOW COLUMNS FROM `hyhw_news_category` [ RunTime:0.0004s ]
SQL: INSERT INTO `hyhw_news_category` (`title`,`sort_id`,`seo_title`,`seo_keyword`,`seo_content`,`img_url`) VALUES ('测试新闻4','3','移民咨询','移民','海外移民','http://oms8e6h6f.bkt.clouddn.com/2017-06-02_5930fd7a9e6c0.jpg') [ RunTime:0.0003s ]

[ 2017-06-02T13:54:04+08:00 ] 127.0.0.1 /index.php/Admin/News/newscategory_list/flag/%E4%BF%9D%E5%AD%98%E6%88%90%E5%8A%9F.html
INFO: [ app_init ] --START--
INFO: Run Behavior\BuildLiteBehavior [ RunTime:0.000021s ]
INFO: [ app_init ] --END-- [ RunTime:0.000520s ]
INFO: [ app_begin ] --START--
INFO: Run Behavior\ReadHtmlCacheBehavior [ RunTime:0.000577s ]
INFO: [ app_begin ] --END-- [ RunTime:0.000675s ]
SQL: SHOW COLUMNS FROM `hyhw_news_category` [ RunTime:0.0008s ]
SQL: SHOW COLUMNS FROM `hyhw_news_category` [ RunTime:0.0004s ]
SQL: SELECT COUNT(*) AS tp_count FROM `hyhw_news_category` LIMIT 1   [ RunTime:0.0002s ]
NOTIC: [2] implode(): Invalid arguments passed F:\wamp64\www\hyhw\Hyhw\Admin\Model\CommonModel.class.php 第 27 行.
SQL: SELECT * FROM `hyhw_news_category` LIMIT 0,10   [ RunTime:0.0004s ]
INFO: [ view_parse ] --START--
INFO: [ template_filter ] --START--
INFO: Run Behavior\ContentReplaceBehavior [ RunTime:0.000094s ]
INFO: [ template_filter ] --END-- [ RunTime:0.000195s ]
NOTIC: [8] Undefined index: txtKeywords F:\wamp64\www\hyhw\Hyhw\Runtime\Cache\Admin\a7b97a654d575e969dab6f6e13a7b962.php 第 27 行.
NOTIC: [8] Undefined index: ddlCategoryId F:\wamp64\www\hyhw\Hyhw\Runtime\Cache\Admin\a7b97a654d575e969dab6f6e13a7b962.php 第 28 行.
NOTIC: [8] Undefined index: startt F:\wamp64\www\hyhw\Hyhw\Runtime\Cache\Admin\a7b97a654d575e969dab6f6e13a7b962.php 第 29 行.
NOTIC: [8] Undefined index: deadlinet F:\wamp64\www\hyhw\Hyhw\Runtime\Cache\Admin\a7b97a654d575e969dab6f6e13a7b962.php 第 30 行.
NOTIC: [8] Undefined index: place_id F:\wamp64\www\hyhw\Hyhw\Runtime\Cache\Admin\a7b97a654d575e969dab6f6e13a7b962.php 第 78 行.
NOTIC: [8] Undefined index: place_id F:\wamp64\www\hyhw\Hyhw\Runtime\Cache\Admin\a7b97a654d575e969dab6f6e13a7b962.php 第 88 行.
NOTIC: [8] Undefined index: place_id F:\wamp64\www\hyhw\Hyhw\Runtime\Cache\Admin\a7b97a654d575e969dab6f6e13a7b962.php 第 78 行.
NOTIC: [8] Undefined index: place_id F:\wamp64\www\hyhw\Hyhw\Runtime\Cache\Admin\a7b97a654d575e969dab6f6e13a7b962.php 第 88 行.
NOTIC: [8] Undefined index: place_id F:\wamp64\www\hyhw\Hyhw\Runtime\Cache\Admin\a7b97a654d575e969dab6f6e13a7b962.php 第 78 行.
NOTIC: [8] Undefined index: place_id F:\wamp64\www\hyhw\Hyhw\Runtime\Cache\Admin\a7b97a654d575e969dab6f6e13a7b962.php 第 88 行.
NOTIC: [8] Undefined index: place_id F:\wamp64\www\hyhw\Hyhw\Runtime\Cache\Admin\a7b97a654d575e969dab6f6e13a7b962.php 第 78 行.
NOTIC: [8] Undefined index: place_id F:\wamp64\www\hyhw\Hyhw\Runtime\Cache\Admin\a7b97a654d575e969dab6f6e13a7b962.php 第 88 行.
NOTIC: [8] Undefined index: place_id F:\wamp64\www\hyhw\Hyhw\Runtime\Cache\Admin\a7b97a654d575e969dab6f6e13a7b962.php 第 78 行.
NOTIC: [8] Undefined index: place_id F:\wamp64\www\hyhw\Hyhw\Runtime\Cache\Admin\a7b97a654d575e969dab6f6e13a7b962.php 第 88 行.
NOTIC: [8] Undefined index: place_id F:\wamp64\www\hyhw\Hyhw\Runtime\Cache\Admin\a7b97a654d575e969dab6f6e13a7b962.php 第 78 行.
NOTIC: [8] Undefined index: place_id F:\wamp64\www\hyhw\Hyhw\Runtime\Cache\Admin\a7b97a654d575e969dab6f6e13a7b962.php 第 88 行.
INFO: Run Behavior\ParseTemplateBehavior [ RunTime:0.010506s ]
INFO: [ view_parse ] --END-- [ RunTime:0.010602s ]
INFO: [ view_filter ] --START--
INFO: Run Behavior\WriteHtmlCacheBehavior [ RunTime:0.000457s ]
INFO: [ view_filter ] --END-- [ RunTime:0.000545s ]
INFO: [ app_end ] --START--
INFO: Run Behavior\ShowPageTraceBehavior [ RunTime:0.000642s ]
INFO: [ app_end ] --END-- [ RunTime:0.000747s ]

[ 2017-06-02T15:40:03+08:00 ] 127.0.0.1 /index.php/Admin/News/newscategory_list.html
INFO: [ app_init ] --START--
INFO: Run Behavior\BuildLiteBehavior [ RunTime:0.000022s ]
INFO: [ app_init ] --END-- [ RunTime:0.000550s ]
INFO: [ app_begin ] --START--
INFO: Run Behavior\ReadHtmlCacheBehavior [ RunTime:0.000645s ]
INFO: [ app_begin ] --END-- [ RunTime:0.000742s ]
SQL: SHOW COLUMNS FROM `hyhw_news_category` [ RunTime:0.0011s ]
SQL: SHOW COLUMNS FROM `hyhw_news_category` [ RunTime:0.0004s ]
SQL: SELECT COUNT(*) AS tp_count FROM `hyhw_news_category` LIMIT 1   [ RunTime:0.0002s ]
NOTIC: [2] implode(): Invalid arguments passed F:\wamp64\www\hyhw\Hyhw\Admin\Model\CommonModel.class.php 第 27 行.
SQL: SELECT * FROM `hyhw_news_category` LIMIT 0,10   [ RunTime:0.0003s ]
INFO: [ view_parse ] --START--
INFO: [ template_filter ] --START--
INFO: Run Behavior\ContentReplaceBehavior [ RunTime:0.000093s ]
INFO: [ template_filter ] --END-- [ RunTime:0.000193s ]
NOTIC: [8] Undefined index: txtKeywords F:\wamp64\www\hyhw\Hyhw\Runtime\Cache\Admin\a7b97a654d575e969dab6f6e13a7b962.php 第 27 行.
NOTIC: [8] Undefined index: ddlCategoryId F:\wamp64\www\hyhw\Hyhw\Runtime\Cache\Admin\a7b97a654d575e969dab6f6e13a7b962.php 第 28 行.
NOTIC: [8] Undefined index: startt F:\wamp64\www\hyhw\Hyhw\Runtime\Cache\Admin\a7b97a654d575e969dab6f6e13a7b962.php 第 29 行.
NOTIC: [8] Undefined index: deadlinet F:\wamp64\www\hyhw\Hyhw\Runtime\Cache\Admin\a7b97a654d575e969dab6f6e13a7b962.php 第 30 行.
NOTIC: [8] Undefined index: place_id F:\wamp64\www\hyhw\Hyhw\Runtime\Cache\Admin\a7b97a654d575e969dab6f6e13a7b962.php 第 78 行.
NOTIC: [8] Undefined index: place_id F:\wamp64\www\hyhw\Hyhw\Runtime\Cache\Admin\a7b97a654d575e969dab6f6e13a7b962.php 第 88 行.
NOTIC: [8] Undefined index: place_id F:\wamp64\www\hyhw\Hyhw\Runtime\Cache\Admin\a7b97a654d575e969dab6f6e13a7b962.php 第 78 行.
NOTIC: [8] Undefined index: place_id F:\wamp64\www\hyhw\Hyhw\Runtime\Cache\Admin\a7b97a654d575e969dab6f6e13a7b962.php 第 88 行.
NOTIC: [8] Undefined index: place_id F:\wamp64\www\hyhw\Hyhw\Runtime\Cache\Admin\a7b97a654d575e969dab6f6e13a7b962.php 第 78 行.
NOTIC: [8] Undefined index: place_id F:\wamp64\www\hyhw\Hyhw\Runtime\Cache\Admin\a7b97a654d575e969dab6f6e13a7b962.php 第 88 行.
NOTIC: [8] Undefined index: place_id F:\wamp64\www\hyhw\Hyhw\Runtime\Cache\Admin\a7b97a654d575e969dab6f6e13a7b962.php 第 78 行.
NOTIC: [8] Undefined index: place_id F:\wamp64\www\hyhw\Hyhw\Runtime\Cache\Admin\a7b97a654d575e969dab6f6e13a7b962.php 第 88 行.
NOTIC: [8] Undefined index: place_id F:\wamp64\www\hyhw\Hyhw\Runtime\Cache\Admin\a7b97a654d575e969dab6f6e13a7b962.php 第 78 行.
NOTIC: [8] Undefined index: place_id F:\wamp64\www\hyhw\Hyhw\Runtime\Cache\Admin\a7b97a654d575e969dab6f6e13a7b962.php 第 88 行.
NOTIC: [8] Undefined index: place_id F:\wamp64\www\hyhw\Hyhw\Runtime\Cache\Admin\a7b97a654d575e969dab6f6e13a7b962.php 第 78 行.
NOTIC: [8] Undefined index: place_id F:\wamp64\www\hyhw\Hyhw\Runtime\Cache\Admin\a7b97a654d575e969dab6f6e13a7b962.php 第 88 行.
INFO: Run Behavior\ParseTemplateBehavior [ RunTime:0.018243s ]
INFO: [ view_parse ] --END-- [ RunTime:0.018367s ]
INFO: [ view_filter ] --START--
INFO: Run Behavior\WriteHtmlCacheBehavior [ RunTime:0.000509s ]
INFO: [ view_filter ] --END-- [ RunTime:0.000601s ]
INFO: [ app_end ] --START--
INFO: Run Behavior\ShowPageTraceBehavior [ RunTime:0.001001s ]
INFO: [ app_end ] --END-- [ RunTime:0.001188s ]

[ 2017-06-02T15:41:03+08:00 ] 127.0.0.1 /index.php/Admin/Advertisement/advertisement_list.html
INFO: [ app_init ] --START--
INFO: Run Behavior\BuildLiteBehavior [ RunTime:0.000020s ]
INFO: [ app_init ] --END-- [ RunTime:0.000509s ]
INFO: [ app_begin ] --START--
INFO: Run Behavior\ReadHtmlCacheBehavior [ RunTime:0.000612s ]
INFO: [ app_begin ] --END-- [ RunTime:0.000707s ]
SQL: SHOW COLUMNS FROM `hyhw_advertisement` [ RunTime:0.0018s ]
SQL: SHOW COLUMNS FROM `hyhw_advertisement` [ RunTime:0.0004s ]
SQL: SELECT COUNT(*) AS tp_count FROM `hyhw_advertisement` LIMIT 1   [ RunTime:0.0002s ]
NOTIC: [2] implode(): Invalid arguments passed F:\wamp64\www\hyhw\Hyhw\Admin\Model\CommonModel.class.php 第 27 行.
SQL: SELECT * FROM `hyhw_advertisement` LIMIT 0,10   [ RunTime:0.0003s ]
INFO: [ view_parse ] --START--
INFO: [ template_filter ] --START--
INFO: Run Behavior\ContentReplaceBehavior [ RunTime:0.000166s ]
INFO: [ template_filter ] --END-- [ RunTime:0.000367s ]
NOTIC: [8] Undefined index: txtKeywords F:\wamp64\www\hyhw\Hyhw\Runtime\Cache\Admin\5f358a237ae536b697ff9177f7c43df5.php 第 27 行.
NOTIC: [8] Undefined index: ddlCategoryId F:\wamp64\www\hyhw\Hyhw\Runtime\Cache\Admin\5f358a237ae536b697ff9177f7c43df5.php 第 28 行.
NOTIC: [8] Undefined index: startt F:\wamp64\www\hyhw\Hyhw\Runtime\Cache\Admin\5f358a237ae536b697ff9177f7c43df5.php 第 29 行.
NOTIC: [8] Undefined index: deadlinet F:\wamp64\www\hyhw\Hyhw\Runtime\Cache\Admin\5f358a237ae536b697ff9177f7c43df5.php 第 30 行.
SQL: SHOW COLUMNS FROM `hyhw_adv_place` [ RunTime:0.0016s ]
SQL: SELECT * FROM `hyhw_adv_place` WHERE `id` = 22 LIMIT 1   [ RunTime:0.0004s ]
INFO: Run Behavior\ParseTemplateBehavior [ RunTime:0.013046s ]
INFO: [ view_parse ] --END-- [ RunTime:0.013141s ]
INFO: [ view_filter ] --START--
INFO: Run Behavior\WriteHtmlCacheBehavior [ RunTime:0.000636s ]
INFO: [ view_filter ] --END-- [ RunTime:0.000722s ]
INFO: [ app_end ] --START--
INFO: Run Behavior\ShowPageTraceBehavior [ RunTime:0.000839s ]
INFO: [ app_end ] --END-- [ RunTime:0.000946s ]

[ 2017-06-02T15:41:05+08:00 ] 127.0.0.1 /index.php/Admin/Advertisement/advertisement_cat_list.html
INFO: [ app_init ] --START--
INFO: Run Behavior\BuildLiteBehavior [ RunTime:0.000022s ]
INFO: [ app_init ] --END-- [ RunTime:0.000466s ]
INFO: [ app_begin ] --START--
INFO: Run Behavior\ReadHtmlCacheBehavior [ RunTime:0.000594s ]
INFO: [ app_begin ] --END-- [ RunTime:0.000697s ]
SQL: SHOW COLUMNS FROM `hyhw_adv_place` [ RunTime:0.0011s ]
SQL: SHOW COLUMNS FROM `hyhw_adv_place` [ RunTime:0.0005s ]
SQL: SELECT COUNT(*) AS tp_count FROM `hyhw_adv_place` LIMIT 1   [ RunTime:0.0007s ]
NOTIC: [2] implode(): Invalid arguments passed F:\wamp64\www\hyhw\Hyhw\Admin\Model\CommonModel.class.php 第 27 行.
SQL: SELECT * FROM `hyhw_adv_place` LIMIT 0,10   [ RunTime:0.0003s ]
INFO: [ view_parse ] --START--
INFO: [ template_filter ] --START--
INFO: Run Behavior\ContentReplaceBehavior [ RunTime:0.000085s ]
INFO: [ template_filter ] --END-- [ RunTime:0.000189s ]
NOTIC: [8] Undefined index: txtKeywords F:\wamp64\www\hyhw\Hyhw\Runtime\Cache\Admin\486b8ec17cc1d4f043f7f21ccf56c320.php 第 27 行.
NOTIC: [8] Undefined index: ddlCategoryId F:\wamp64\www\hyhw\Hyhw\Runtime\Cache\Admin\486b8ec17cc1d4f043f7f21ccf56c320.php 第 28 行.
NOTIC: [8] Undefined index: startt F:\wamp64\www\hyhw\Hyhw\Runtime\Cache\Admin\486b8ec17cc1d4f043f7f21ccf56c320.php 第 29 行.
NOTIC: [8] Undefined index: deadlinet F:\wamp64\www\hyhw\Hyhw\Runtime\Cache\Admin\486b8ec17cc1d4f043f7f21ccf56c320.php 第 30 行.
INFO: Run Behavior\ParseTemplateBehavior [ RunTime:0.043111s ]
INFO: [ view_parse ] --END-- [ RunTime:0.043209s ]
INFO: [ view_filter ] --START--
INFO: Run Behavior\WriteHtmlCacheBehavior [ RunTime:0.000515s ]
INFO: [ view_filter ] --END-- [ RunTime:0.000599s ]
INFO: [ app_end ] --START--
INFO: Run Behavior\ShowPageTraceBehavior [ RunTime:0.000803s ]
INFO: [ app_end ] --END-- [ RunTime:0.000902s ]

[ 2017-06-02T15:59:46+08:00 ] 127.0.0.1 /index.php/Admin/Advertisement/advertisement_list.html
INFO: [ app_init ] --START--
INFO: Run Behavior\BuildLiteBehavior [ RunTime:0.000022s ]
INFO: [ app_init ] --END-- [ RunTime:0.000462s ]
INFO: [ app_begin ] --START--
INFO: Run Behavior\ReadHtmlCacheBehavior [ RunTime:0.000740s ]
INFO: [ app_begin ] --END-- [ RunTime:0.000890s ]
SQL: SHOW COLUMNS FROM `hyhw_advertisement` [ RunTime:0.0013s ]
SQL: SHOW COLUMNS FROM `hyhw_advertisement` [ RunTime:0.0005s ]
SQL: SELECT COUNT(*) AS tp_count FROM `hyhw_advertisement` LIMIT 1   [ RunTime:0.0002s ]
NOTIC: [2] implode(): Invalid arguments passed F:\wamp64\www\hyhw\Hyhw\Admin\Model\CommonModel.class.php 第 27 行.
SQL: SELECT * FROM `hyhw_advertisement` LIMIT 0,10   [ RunTime:0.0002s ]
INFO: [ view_parse ] --START--
INFO: [ template_filter ] --START--
INFO: Run Behavior\ContentReplaceBehavior [ RunTime:0.000096s ]
INFO: [ template_filter ] --END-- [ RunTime:0.000201s ]
NOTIC: [8] Undefined index: txtKeywords F:\wamp64\www\hyhw\Hyhw\Runtime\Cache\Admin\5f358a237ae536b697ff9177f7c43df5.php 第 27 行.
NOTIC: [8] Undefined index: ddlCategoryId F:\wamp64\www\hyhw\Hyhw\Runtime\Cache\Admin\5f358a237ae536b697ff9177f7c43df5.php 第 28 行.
NOTIC: [8] Undefined index: startt F:\wamp64\www\hyhw\Hyhw\Runtime\Cache\Admin\5f358a237ae536b697ff9177f7c43df5.php 第 29 行.
NOTIC: [8] Undefined index: deadlinet F:\wamp64\www\hyhw\Hyhw\Runtime\Cache\Admin\5f358a237ae536b697ff9177f7c43df5.php 第 30 行.
SQL: SHOW COLUMNS FROM `hyhw_adv_place` [ RunTime:0.0011s ]
SQL: SELECT * FROM `hyhw_adv_place` WHERE `id` = 22 LIMIT 1   [ RunTime:0.0002s ]
INFO: Run Behavior\ParseTemplateBehavior [ RunTime:0.012166s ]
INFO: [ view_parse ] --END-- [ RunTime:0.012259s ]
INFO: [ view_filter ] --START--
INFO: Run Behavior\WriteHtmlCacheBehavior [ RunTime:0.000542s ]
INFO: [ view_filter ] --END-- [ RunTime:0.000628s ]
INFO: [ app_end ] --START--
INFO: Run Behavior\ShowPageTraceBehavior [ RunTime:0.000840s ]
INFO: [ app_end ] --END-- [ RunTime:0.000956s ]

[ 2017-06-02T15:59:47+08:00 ] 127.0.0.1 /index.php/Admin/Advertisement/advertisement_cat_list.html
INFO: [ app_init ] --START--
INFO: Run Behavior\BuildLiteBehavior [ RunTime:0.000033s ]
INFO: [ app_init ] --END-- [ RunTime:0.000636s ]
INFO: [ app_begin ] --START--
INFO: Run Behavior\ReadHtmlCacheBehavior [ RunTime:0.000702s ]
INFO: [ app_begin ] --END-- [ RunTime:0.000818s ]
SQL: SHOW COLUMNS FROM `hyhw_adv_place` [ RunTime:0.0012s ]
SQL: SHOW COLUMNS FROM `hyhw_adv_place` [ RunTime:0.0004s ]
SQL: SELECT COUNT(*) AS tp_count FROM `hyhw_adv_place` LIMIT 1   [ RunTime:0.0002s ]
NOTIC: [2] implode(): Invalid arguments passed F:\wamp64\www\hyhw\Hyhw\Admin\Model\CommonModel.class.php 第 27 行.
SQL: SELECT * FROM `hyhw_adv_place` LIMIT 0,10   [ RunTime:0.0003s ]
INFO: [ view_parse ] --START--
INFO: [ template_filter ] --START--
INFO: Run Behavior\ContentReplaceBehavior [ RunTime:0.000094s ]
INFO: [ template_filter ] --END-- [ RunTime:0.000188s ]
NOTIC: [8] Undefined index: txtKeywords F:\wamp64\www\hyhw\Hyhw\Runtime\Cache\Admin\486b8ec17cc1d4f043f7f21ccf56c320.php 第 27 行.
NOTIC: [8] Undefined index: ddlCategoryId F:\wamp64\www\hyhw\Hyhw\Runtime\Cache\Admin\486b8ec17cc1d4f043f7f21ccf56c320.php 第 28 行.
NOTIC: [8] Undefined index: startt F:\wamp64\www\hyhw\Hyhw\Runtime\Cache\Admin\486b8ec17cc1d4f043f7f21ccf56c320.php 第 29 行.
NOTIC: [8] Undefined index: deadlinet F:\wamp64\www\hyhw\Hyhw\Runtime\Cache\Admin\486b8ec17cc1d4f043f7f21ccf56c320.php 第 30 行.
INFO: Run Behavior\ParseTemplateBehavior [ RunTime:0.009128s ]
INFO: [ view_parse ] --END-- [ RunTime:0.009249s ]
INFO: [ view_filter ] --START--
INFO: Run Behavior\WriteHtmlCacheBehavior [ RunTime:0.000949s ]
INFO: [ view_filter ] --END-- [ RunTime:0.001042s ]
INFO: [ app_end ] --START--
INFO: Run Behavior\ShowPageTraceBehavior [ RunTime:0.000689s ]
INFO: [ app_end ] --END-- [ RunTime:0.000791s ]

