[ 2017-06-09T08:58:19+08:00 ] 127.0.0.1 /
INFO: [ app_init ] --START--
INFO: Run Behavior\BuildLiteBehavior [ RunTime:0.000069s ]
INFO: [ app_init ] --END-- [ RunTime:0.009088s ]
INFO: [ app_begin ] --START--
INFO: Run Behavior\ReadHtmlCacheBehavior [ RunTime:0.001865s ]
INFO: [ app_begin ] --END-- [ RunTime:0.002138s ]
SQL: SHOW COLUMNS FROM `hyhw_country_typelist` [ RunTime:0.0014s ]
SQL: SELECT * FROM `hyhw_country_typelist` WHERE ( pid=0 and cid<>3 ) LIMIT 17   [ RunTime:0.0005s ]
SQL: SHOW COLUMNS FROM `hyhw_country_project_content` [ RunTime:0.0015s ]
SQL: SELECT * FROM `hyhw_country_project_content` WHERE ( is_hot=1 )  [ RunTime:0.0006s ]
INFO: [ view_parse ] --START--
INFO: [ template_filter ] --START--
INFO: Run Behavior\ContentReplaceBehavior [ RunTime:0.000156s ]
INFO: [ template_filter ] --END-- [ RunTime:0.000258s ]
INFO: Run Behavior\ParseTemplateBehavior [ RunTime:0.086717s ]
INFO: [ view_parse ] --END-- [ RunTime:0.086841s ]
INFO: [ view_filter ] --START--
INFO: Run Behavior\WriteHtmlCacheBehavior [ RunTime:0.023876s ]
INFO: [ view_filter ] --END-- [ RunTime:0.023979s ]
INFO: [ app_end ] --START--
INFO: Run Behavior\ShowPageTraceBehavior [ RunTime:0.011685s ]
INFO: [ app_end ] --END-- [ RunTime:0.011811s ]

[ 2017-06-09T13:47:14+08:00 ] 127.0.0.1 /
INFO: [ app_init ] --START--
INFO: Run Behavior\BuildLiteBehavior [ RunTime:0.000026s ]
INFO: [ app_init ] --END-- [ RunTime:0.000722s ]
INFO: [ app_begin ] --START--
INFO: Run Behavior\ReadHtmlCacheBehavior [ RunTime:0.000662s ]
INFO: [ app_begin ] --END-- [ RunTime:0.000770s ]
SQL: SHOW COLUMNS FROM `hyhw_country_typelist` [ RunTime:0.0013s ]
SQL: SELECT * FROM `hyhw_country_typelist` WHERE ( pid=0 and cid<>3 ) LIMIT 17   [ RunTime:0.0008s ]
SQL: SHOW COLUMNS FROM `hyhw_country_project_content` [ RunTime:0.0013s ]
SQL: SELECT * FROM `hyhw_country_project_content` WHERE ( is_hot=1 )  [ RunTime:0.0004s ]
INFO: [ view_parse ] --START--
INFO: [ template_filter ] --START--
INFO: Run Behavior\ContentReplaceBehavior [ RunTime:0.000162s ]
INFO: [ template_filter ] --END-- [ RunTime:0.000265s ]
INFO: Run Behavior\ParseTemplateBehavior [ RunTime:0.023295s ]
INFO: [ view_parse ] --END-- [ RunTime:0.023404s ]
INFO: [ view_filter ] --START--
INFO: Run Behavior\WriteHtmlCacheBehavior [ RunTime:0.000563s ]
INFO: [ view_filter ] --END-- [ RunTime:0.000702s ]
INFO: [ app_end ] --START--
INFO: Run Behavior\ShowPageTraceBehavior [ RunTime:0.000988s ]
INFO: [ app_end ] --END-- [ RunTime:0.001169s ]

[ 2017-06-09T13:47:18+08:00 ] 127.0.0.1 /
INFO: [ app_init ] --START--
INFO: Run Behavior\BuildLiteBehavior [ RunTime:0.000021s ]
INFO: [ app_init ] --END-- [ RunTime:0.000493s ]
INFO: [ app_begin ] --START--
INFO: Run Behavior\ReadHtmlCacheBehavior [ RunTime:0.000645s ]
INFO: [ app_begin ] --END-- [ RunTime:0.000739s ]
SQL: SHOW COLUMNS FROM `hyhw_country_typelist` [ RunTime:0.0017s ]
SQL: SELECT * FROM `hyhw_country_typelist` WHERE ( pid=0 and cid<>3 ) LIMIT 17   [ RunTime:0.0004s ]
SQL: SHOW COLUMNS FROM `hyhw_country_project_content` [ RunTime:0.0012s ]
SQL: SELECT * FROM `hyhw_country_project_content` WHERE ( is_hot=1 )  [ RunTime:0.0004s ]
INFO: [ view_parse ] --START--
INFO: [ template_filter ] --START--
INFO: Run Behavior\ContentReplaceBehavior [ RunTime:0.000162s ]
INFO: [ template_filter ] --END-- [ RunTime:0.000271s ]
INFO: Run Behavior\ParseTemplateBehavior [ RunTime:0.022912s ]
INFO: [ view_parse ] --END-- [ RunTime:0.023013s ]
INFO: [ view_filter ] --START--
INFO: Run Behavior\WriteHtmlCacheBehavior [ RunTime:0.000520s ]
INFO: [ view_filter ] --END-- [ RunTime:0.000609s ]
INFO: [ app_end ] --START--
INFO: Run Behavior\ShowPageTraceBehavior [ RunTime:0.000972s ]
INFO: [ app_end ] --END-- [ RunTime:0.001140s ]

[ 2017-06-09T13:50:01+08:00 ] 127.0.0.1 /
INFO: [ app_init ] --START--
INFO: Run Behavior\BuildLiteBehavior [ RunTime:0.000022s ]
INFO: [ app_init ] --END-- [ RunTime:0.000503s ]
INFO: [ app_begin ] --START--
INFO: Run Behavior\ReadHtmlCacheBehavior [ RunTime:0.000727s ]
INFO: [ app_begin ] --END-- [ RunTime:0.000897s ]
SQL: SHOW COLUMNS FROM `hyhw_country_typelist` [ RunTime:0.0017s ]
SQL: SELECT * FROM `hyhw_country_typelist` WHERE ( pid=0 and cid<>3 ) LIMIT 17   [ RunTime:0.0005s ]
SQL: SHOW COLUMNS FROM `hyhw_country_project_content` [ RunTime:0.0012s ]
SQL: SELECT * FROM `hyhw_country_project_content` WHERE ( is_hot=1 )  [ RunTime:0.0004s ]
INFO: [ view_parse ] --START--
INFO: [ template_filter ] --START--
INFO: Run Behavior\ContentReplaceBehavior [ RunTime:0.000255s ]
INFO: [ template_filter ] --END-- [ RunTime:0.000450s ]
INFO: Run Behavior\ParseTemplateBehavior [ RunTime:0.034547s ]
INFO: [ view_parse ] --END-- [ RunTime:0.034695s ]
INFO: [ view_filter ] --START--
INFO: Run Behavior\WriteHtmlCacheBehavior [ RunTime:0.000580s ]
INFO: [ view_filter ] --END-- [ RunTime:0.000677s ]
INFO: [ app_end ] --START--
INFO: Run Behavior\ShowPageTraceBehavior [ RunTime:0.000968s ]
INFO: [ app_end ] --END-- [ RunTime:0.001138s ]

[ 2017-06-09T13:50:09+08:00 ] 127.0.0.1 /
INFO: [ app_init ] --START--
INFO: Run Behavior\BuildLiteBehavior [ RunTime:0.000021s ]
INFO: [ app_init ] --END-- [ RunTime:0.000475s ]
INFO: [ app_begin ] --START--
INFO: Run Behavior\ReadHtmlCacheBehavior [ RunTime:0.000621s ]
INFO: [ app_begin ] --END-- [ RunTime:0.000720s ]
SQL: SHOW COLUMNS FROM `hyhw_country_typelist` [ RunTime:0.0011s ]
SQL: SELECT * FROM `hyhw_country_typelist` WHERE ( pid=0 and cid<>3 ) LIMIT 17   [ RunTime:0.0004s ]
SQL: SHOW COLUMNS FROM `hyhw_country_project_content` [ RunTime:0.0013s ]
SQL: SELECT * FROM `hyhw_country_project_content` WHERE ( is_hot=1 )  [ RunTime:0.0004s ]
INFO: [ view_parse ] --START--
INFO: [ template_filter ] --START--
INFO: Run Behavior\ContentReplaceBehavior [ RunTime:0.000170s ]
INFO: [ template_filter ] --END-- [ RunTime:0.000287s ]
INFO: Run Behavior\ParseTemplateBehavior [ RunTime:0.026260s ]
INFO: [ view_parse ] --END-- [ RunTime:0.026372s ]
INFO: [ view_filter ] --START--
INFO: Run Behavior\WriteHtmlCacheBehavior [ RunTime:0.000598s ]
INFO: [ view_filter ] --END-- [ RunTime:0.000693s ]
INFO: [ app_end ] --START--
INFO: Run Behavior\ShowPageTraceBehavior [ RunTime:0.000983s ]
INFO: [ app_end ] --END-- [ RunTime:0.001162s ]

[ 2017-06-09T13:50:20+08:00 ] 127.0.0.1 /
INFO: [ app_init ] --START--
INFO: Run Behavior\BuildLiteBehavior [ RunTime:0.000023s ]
INFO: [ app_init ] --END-- [ RunTime:0.000494s ]
INFO: [ app_begin ] --START--
INFO: Run Behavior\ReadHtmlCacheBehavior [ RunTime:0.000622s ]
INFO: [ app_begin ] --END-- [ RunTime:0.000717s ]
SQL: SHOW COLUMNS FROM `hyhw_country_typelist` [ RunTime:0.0005s ]
SQL: SELECT * FROM `hyhw_country_typelist` WHERE ( pid=0 and cid<>3 ) LIMIT 17   [ RunTime:0.0004s ]
SQL: SHOW COLUMNS FROM `hyhw_country_project_content` [ RunTime:0.0008s ]
SQL: SELECT * FROM `hyhw_country_project_content` WHERE ( is_hot=1 )  [ RunTime:0.0005s ]
INFO: [ view_parse ] --START--
INFO: [ template_filter ] --START--
INFO: Run Behavior\ContentReplaceBehavior [ RunTime:0.000161s ]
INFO: [ template_filter ] --END-- [ RunTime:0.000272s ]
INFO: Run Behavior\ParseTemplateBehavior [ RunTime:0.026806s ]
INFO: [ view_parse ] --END-- [ RunTime:0.026923s ]
INFO: [ view_filter ] --START--
INFO: Run Behavior\WriteHtmlCacheBehavior [ RunTime:0.000553s ]
INFO: [ view_filter ] --END-- [ RunTime:0.000654s ]
INFO: [ app_end ] --START--
INFO: Run Behavior\ShowPageTraceBehavior [ RunTime:0.000817s ]
INFO: [ app_end ] --END-- [ RunTime:0.000952s ]

