[ 2017-06-13T09:38:37+08:00 ] 127.0.0.1 /
INFO: [ app_init ] --START--
INFO: Run Behavior\BuildLiteBehavior [ RunTime:0.000048s ]
INFO: [ app_init ] --END-- [ RunTime:0.001066s ]
INFO: [ app_begin ] --START--
INFO: Run Behavior\ReadHtmlCacheBehavior [ RunTime:0.001024s ]
INFO: [ app_begin ] --END-- [ RunTime:0.001170s ]
SQL: SHOW COLUMNS FROM `hyhw_country_typelist` [ RunTime:0.0012s ]
SQL: SELECT * FROM `hyhw_country_typelist` WHERE ( pid=0 and cid<>3 ) LIMIT 17   [ RunTime:0.0004s ]
SQL: SHOW COLUMNS FROM `hyhw_country_project_content` [ RunTime:0.0013s ]
SQL: SELECT * FROM `hyhw_country_project_content` WHERE ( is_hot=1 )  [ RunTime:0.0008s ]
INFO: [ view_parse ] --START--
INFO: [ template_filter ] --START--
INFO: Run Behavior\ContentReplaceBehavior [ RunTime:0.000182s ]
INFO: [ template_filter ] --END-- [ RunTime:0.000334s ]
INFO: Run Behavior\ParseTemplateBehavior [ RunTime:0.083554s ]
INFO: [ view_parse ] --END-- [ RunTime:0.083709s ]
INFO: [ view_filter ] --START--
INFO: Run Behavior\WriteHtmlCacheBehavior [ RunTime:0.007361s ]
INFO: [ view_filter ] --END-- [ RunTime:0.007469s ]
INFO: [ app_end ] --START--
INFO: Run Behavior\ShowPageTraceBehavior [ RunTime:0.011662s ]
INFO: [ app_end ] --END-- [ RunTime:0.011785s ]

