[ 2017-06-01T10:31:59+08:00 ] 127.0.0.1 /
INFO: [ app_init ] --START--
INFO: Run Behavior\BuildLiteBehavior [ RunTime:0.000023s ]
INFO: [ app_init ] --END-- [ RunTime:0.000508s ]
INFO: [ app_begin ] --START--
INFO: Run Behavior\ReadHtmlCacheBehavior [ RunTime:0.000538s ]
INFO: [ app_begin ] --END-- [ RunTime:0.000668s ]
SQL: SHOW COLUMNS FROM `hyhw_country_typelist` [ RunTime:0.0185s ]
SQL: SELECT * FROM `hyhw_country_typelist` WHERE ( pid=0 and cid<>3 ) LIMIT 17   [ RunTime:0.0004s ]
SQL: SHOW COLUMNS FROM `hyhw_country_project_content` [ RunTime:0.0013s ]
SQL: SELECT * FROM `hyhw_country_project_content` WHERE ( is_hot=1 )  [ RunTime:0.0004s ]
INFO: [ view_parse ] --START--
INFO: [ template_filter ] --START--
INFO: Run Behavior\ContentReplaceBehavior [ RunTime:0.000160s ]
INFO: [ template_filter ] --END-- [ RunTime:0.000287s ]
INFO: Run Behavior\ParseTemplateBehavior [ RunTime:0.045138s ]
INFO: [ view_parse ] --END-- [ RunTime:0.045243s ]
INFO: [ view_filter ] --START--
INFO: Run Behavior\WriteHtmlCacheBehavior [ RunTime:0.000572s ]
INFO: [ view_filter ] --END-- [ RunTime:0.000661s ]
INFO: [ app_end ] --START--
INFO: Run Behavior\ShowPageTraceBehavior [ RunTime:0.000597s ]
INFO: [ app_end ] --END-- [ RunTime:0.000707s ]

[ 2017-06-01T10:54:53+08:00 ] 127.0.0.1 /
INFO: [ app_init ] --START--
INFO: Run Behavior\BuildLiteBehavior [ RunTime:0.000052s ]
INFO: [ app_init ] --END-- [ RunTime:0.000660s ]
INFO: [ app_begin ] --START--
INFO: Run Behavior\ReadHtmlCacheBehavior [ RunTime:0.000566s ]
INFO: [ app_begin ] --END-- [ RunTime:0.000661s ]
SQL: SHOW COLUMNS FROM `hyhw_country_typelist` [ RunTime:0.0300s ]
SQL: SELECT * FROM `hyhw_country_typelist` WHERE ( pid=0 and cid<>3 ) LIMIT 17   [ RunTime:0.0006s ]
SQL: SHOW COLUMNS FROM `hyhw_country_project_content` [ RunTime:0.0343s ]
SQL: SELECT * FROM `hyhw_country_project_content` WHERE ( is_hot=1 )  [ RunTime:0.0026s ]
INFO: [ view_parse ] --START--
INFO: [ template_filter ] --START--
INFO: Run Behavior\ContentReplaceBehavior [ RunTime:0.000258s ]
INFO: [ template_filter ] --END-- [ RunTime:0.000460s ]
INFO: Run Behavior\ParseTemplateBehavior [ RunTime:0.023588s ]
INFO: [ view_parse ] --END-- [ RunTime:0.023690s ]
INFO: [ view_filter ] --START--
INFO: Run Behavior\WriteHtmlCacheBehavior [ RunTime:0.000483s ]
INFO: [ view_filter ] --END-- [ RunTime:0.000571s ]
INFO: [ app_end ] --START--
INFO: Run Behavior\ShowPageTraceBehavior [ RunTime:0.000598s ]
INFO: [ app_end ] --END-- [ RunTime:0.000701s ]

[ 2017-06-01T10:54:56+08:00 ] 127.0.0.1 /
INFO: [ app_init ] --START--
INFO: Run Behavior\BuildLiteBehavior [ RunTime:0.000038s ]
INFO: [ app_init ] --END-- [ RunTime:0.000570s ]
INFO: [ app_begin ] --START--
INFO: Run Behavior\ReadHtmlCacheBehavior [ RunTime:0.000463s ]
INFO: [ app_begin ] --END-- [ RunTime:0.000571s ]
SQL: SHOW COLUMNS FROM `hyhw_country_typelist` [ RunTime:0.0018s ]
SQL: SELECT * FROM `hyhw_country_typelist` WHERE ( pid=0 and cid<>3 ) LIMIT 17   [ RunTime:0.0007s ]
SQL: SHOW COLUMNS FROM `hyhw_country_project_content` [ RunTime:0.0016s ]
SQL: SELECT * FROM `hyhw_country_project_content` WHERE ( is_hot=1 )  [ RunTime:0.0004s ]
INFO: [ view_parse ] --START--
INFO: [ template_filter ] --START--
INFO: Run Behavior\ContentReplaceBehavior [ RunTime:0.000160s ]
INFO: [ template_filter ] --END-- [ RunTime:0.000273s ]
INFO: Run Behavior\ParseTemplateBehavior [ RunTime:0.023837s ]
INFO: [ view_parse ] --END-- [ RunTime:0.023978s ]
INFO: [ view_filter ] --START--
INFO: Run Behavior\WriteHtmlCacheBehavior [ RunTime:0.000525s ]
INFO: [ view_filter ] --END-- [ RunTime:0.000685s ]
INFO: [ app_end ] --START--
INFO: Run Behavior\ShowPageTraceBehavior [ RunTime:0.000604s ]
INFO: [ app_end ] --END-- [ RunTime:0.000758s ]

[ 2017-06-01T10:54:57+08:00 ] 127.0.0.1 /
INFO: [ app_init ] --START--
INFO: Run Behavior\BuildLiteBehavior [ RunTime:0.000152s ]
INFO: [ app_init ] --END-- [ RunTime:0.000898s ]
INFO: [ app_begin ] --START--
INFO: Run Behavior\ReadHtmlCacheBehavior [ RunTime:0.000576s ]
INFO: [ app_begin ] --END-- [ RunTime:0.000724s ]
SQL: SHOW COLUMNS FROM `hyhw_country_typelist` [ RunTime:0.0019s ]
SQL: SELECT * FROM `hyhw_country_typelist` WHERE ( pid=0 and cid<>3 ) LIMIT 17   [ RunTime:0.0008s ]
SQL: SHOW COLUMNS FROM `hyhw_country_project_content` [ RunTime:0.0018s ]
SQL: SELECT * FROM `hyhw_country_project_content` WHERE ( is_hot=1 )  [ RunTime:0.0007s ]
INFO: [ view_parse ] --START--
INFO: [ template_filter ] --START--
INFO: Run Behavior\ContentReplaceBehavior [ RunTime:0.000152s ]
INFO: [ template_filter ] --END-- [ RunTime:0.000254s ]
INFO: Run Behavior\ParseTemplateBehavior [ RunTime:0.024494s ]
INFO: [ view_parse ] --END-- [ RunTime:0.024603s ]
INFO: [ view_filter ] --START--
INFO: Run Behavior\WriteHtmlCacheBehavior [ RunTime:0.000368s ]
INFO: [ view_filter ] --END-- [ RunTime:0.000454s ]
INFO: [ app_end ] --START--
INFO: Run Behavior\ShowPageTraceBehavior [ RunTime:0.000653s ]
INFO: [ app_end ] --END-- [ RunTime:0.000795s ]

[ 2017-06-01T10:56:02+08:00 ] 127.0.0.1 /
INFO: [ app_init ] --START--
INFO: Run Behavior\BuildLiteBehavior [ RunTime:0.000040s ]
INFO: [ app_init ] --END-- [ RunTime:0.001364s ]
INFO: [ app_begin ] --START--
INFO: Run Behavior\ReadHtmlCacheBehavior [ RunTime:0.000535s ]
INFO: [ app_begin ] --END-- [ RunTime:0.000648s ]
SQL: SHOW COLUMNS FROM `hyhw_country_typelist` [ RunTime:0.0012s ]
SQL: SELECT * FROM `hyhw_country_typelist` WHERE ( pid=0 and cid<>3 ) LIMIT 17   [ RunTime:0.0008s ]
SQL: SHOW COLUMNS FROM `hyhw_country_project_content` [ RunTime:0.0018s ]
SQL: SELECT * FROM `hyhw_country_project_content` WHERE ( is_hot=1 )  [ RunTime:0.0004s ]
INFO: [ view_parse ] --START--
INFO: [ template_filter ] --START--
INFO: Run Behavior\ContentReplaceBehavior [ RunTime:0.000253s ]
INFO: [ template_filter ] --END-- [ RunTime:0.000434s ]
INFO: Run Behavior\ParseTemplateBehavior [ RunTime:0.029405s ]
INFO: [ view_parse ] --END-- [ RunTime:0.029509s ]
INFO: [ view_filter ] --START--
INFO: Run Behavior\WriteHtmlCacheBehavior [ RunTime:0.000436s ]
INFO: [ view_filter ] --END-- [ RunTime:0.000521s ]
INFO: [ app_end ] --START--
INFO: Run Behavior\ShowPageTraceBehavior [ RunTime:0.000577s ]
INFO: [ app_end ] --END-- [ RunTime:0.000679s ]

[ 2017-06-01T10:58:38+08:00 ] 127.0.0.1 /
INFO: [ app_init ] --START--
INFO: Run Behavior\BuildLiteBehavior [ RunTime:0.000036s ]
INFO: [ app_init ] --END-- [ RunTime:0.000771s ]
INFO: [ app_begin ] --START--
INFO: Run Behavior\ReadHtmlCacheBehavior [ RunTime:0.000644s ]
INFO: [ app_begin ] --END-- [ RunTime:0.000742s ]
SQL: SHOW COLUMNS FROM `hyhw_country_typelist` [ RunTime:0.0029s ]
SQL: SELECT * FROM `hyhw_country_typelist` WHERE ( pid=0 and cid<>3 ) LIMIT 17   [ RunTime:0.0007s ]
SQL: SHOW COLUMNS FROM `hyhw_country_project_content` [ RunTime:0.0013s ]
SQL: SELECT * FROM `hyhw_country_project_content` WHERE ( is_hot=1 )  [ RunTime:0.0004s ]
INFO: [ view_parse ] --START--
INFO: [ template_filter ] --START--
INFO: Run Behavior\ContentReplaceBehavior [ RunTime:0.000254s ]
INFO: [ template_filter ] --END-- [ RunTime:0.000427s ]
INFO: Run Behavior\ParseTemplateBehavior [ RunTime:0.035255s ]
INFO: [ view_parse ] --END-- [ RunTime:0.035397s ]
INFO: [ view_filter ] --START--
INFO: Run Behavior\WriteHtmlCacheBehavior [ RunTime:0.000684s ]
INFO: [ view_filter ] --END-- [ RunTime:0.000837s ]
INFO: [ app_end ] --START--
INFO: Run Behavior\ShowPageTraceBehavior [ RunTime:0.001012s ]
INFO: [ app_end ] --END-- [ RunTime:0.001183s ]

[ 2017-06-01T10:58:42+08:00 ] 127.0.0.1 /index.php/Home/Index/countries_page/cid/6.html
INFO: [ app_init ] --START--
INFO: Run Behavior\BuildLiteBehavior [ RunTime:0.000024s ]
INFO: [ app_init ] --END-- [ RunTime:0.000674s ]
INFO: [ app_begin ] --START--
INFO: Run Behavior\ReadHtmlCacheBehavior [ RunTime:0.000535s ]
INFO: [ app_begin ] --END-- [ RunTime:0.000644s ]
SQL: SHOW COLUMNS FROM `hyhw_country_typelist` [ RunTime:0.0011s ]
SQL: SELECT * FROM `hyhw_country_typelist` WHERE ( pid=0 and cid<>3 ) LIMIT 17   [ RunTime:0.0004s ]
SQL: SHOW COLUMNS FROM `hyhw_country_project_content` [ RunTime:0.0011s ]
SQL: SELECT * FROM `hyhw_country_project_content` WHERE ( is_hot=1 )  [ RunTime:0.0004s ]
SQL: SELECT * FROM `hyhw_country_typelist` WHERE ( cid=6 ) LIMIT 1   [ RunTime:0.0002s ]
SQL: SELECT * FROM `hyhw_country_project_content` WHERE ( p_id=1 AND cid=6 )  [ RunTime:0.0003s ]
SQL: SELECT * FROM `hyhw_country_project_content` WHERE ( p_id=2 AND cid=6 )  [ RunTime:0.0003s ]
SQL: SELECT * FROM `hyhw_country_project_content` WHERE ( p_id=3 AND cid=6 )  [ RunTime:0.0009s ]
SQL: SHOW COLUMNS FROM `hyhw_country_info` [ RunTime:0.2460s ]
SQL: SELECT * FROM `hyhw_country_info` WHERE ( cid=6 )  [ RunTime:0.0012s ]
INFO: [ view_parse ] --START--
INFO: [ template_filter ] --START--
INFO: Run Behavior\ContentReplaceBehavior [ RunTime:0.000306s ]
INFO: [ template_filter ] --END-- [ RunTime:0.000491s ]
INFO: Run Behavior\ParseTemplateBehavior [ RunTime:0.081895s ]
INFO: [ view_parse ] --END-- [ RunTime:0.082235s ]
INFO: [ view_filter ] --START--
INFO: Run Behavior\WriteHtmlCacheBehavior [ RunTime:0.000341s ]
INFO: [ view_filter ] --END-- [ RunTime:0.000430s ]
INFO: [ app_end ] --START--
INFO: Run Behavior\ShowPageTraceBehavior [ RunTime:0.000777s ]
INFO: [ app_end ] --END-- [ RunTime:0.000914s ]

[ 2017-06-01T10:58:44+08:00 ] 127.0.0.1 /index.php/Home/Index/countries_page/cid/1.html
INFO: [ app_init ] --START--
INFO: Run Behavior\BuildLiteBehavior [ RunTime:0.000021s ]
INFO: [ app_init ] --END-- [ RunTime:0.000491s ]
INFO: [ app_begin ] --START--
INFO: Run Behavior\ReadHtmlCacheBehavior [ RunTime:0.000521s ]
INFO: [ app_begin ] --END-- [ RunTime:0.000614s ]
SQL: SHOW COLUMNS FROM `hyhw_country_typelist` [ RunTime:0.0011s ]
SQL: SELECT * FROM `hyhw_country_typelist` WHERE ( pid=0 and cid<>3 ) LIMIT 17   [ RunTime:0.0004s ]
SQL: SHOW COLUMNS FROM `hyhw_country_project_content` [ RunTime:0.0011s ]
SQL: SELECT * FROM `hyhw_country_project_content` WHERE ( is_hot=1 )  [ RunTime:0.0004s ]
SQL: SELECT * FROM `hyhw_country_typelist` WHERE ( cid=1 ) LIMIT 1   [ RunTime:0.0002s ]
SQL: SELECT * FROM `hyhw_country_project_content` WHERE ( p_id=1 AND cid=1 )  [ RunTime:0.0003s ]
SQL: SELECT * FROM `hyhw_country_project_content` WHERE ( p_id=2 AND cid=1 )  [ RunTime:0.0004s ]
SQL: SELECT * FROM `hyhw_country_project_content` WHERE ( p_id=3 AND cid=1 )  [ RunTime:0.0003s ]
SQL: SHOW COLUMNS FROM `hyhw_country_info` [ RunTime:0.0011s ]
SQL: SELECT * FROM `hyhw_country_info` WHERE ( cid=1 )  [ RunTime:0.0003s ]
INFO: [ view_parse ] --START--
INFO: [ template_filter ] --START--
INFO: Run Behavior\ContentReplaceBehavior [ RunTime:0.000189s ]
INFO: [ template_filter ] --END-- [ RunTime:0.000294s ]
INFO: Run Behavior\ParseTemplateBehavior [ RunTime:0.031172s ]
INFO: [ view_parse ] --END-- [ RunTime:0.031277s ]
INFO: [ view_filter ] --START--
INFO: Run Behavior\WriteHtmlCacheBehavior [ RunTime:0.000522s ]
INFO: [ view_filter ] --END-- [ RunTime:0.000613s ]
INFO: [ app_end ] --START--
INFO: Run Behavior\ShowPageTraceBehavior [ RunTime:0.000596s ]
INFO: [ app_end ] --END-- [ RunTime:0.000696s ]

[ 2017-06-01T14:34:49+08:00 ] 127.0.0.1 /
INFO: [ app_init ] --START--
INFO: Run Behavior\BuildLiteBehavior [ RunTime:0.000037s ]
INFO: [ app_init ] --END-- [ RunTime:0.001104s ]
INFO: [ app_begin ] --START--
INFO: Run Behavior\ReadHtmlCacheBehavior [ RunTime:0.000983s ]
INFO: [ app_begin ] --END-- [ RunTime:0.001185s ]
SQL: SHOW COLUMNS FROM `hyhw_country_typelist` [ RunTime:0.0014s ]
SQL: SELECT * FROM `hyhw_country_typelist` WHERE ( pid=0 and cid<>3 ) LIMIT 17   [ RunTime:0.0005s ]
SQL: SHOW COLUMNS FROM `hyhw_country_project_content` [ RunTime:0.0022s ]
SQL: SELECT * FROM `hyhw_country_project_content` WHERE ( is_hot=1 )  [ RunTime:0.0006s ]
INFO: [ view_parse ] --START--
INFO: [ template_filter ] --START--
INFO: Run Behavior\ContentReplaceBehavior [ RunTime:0.000159s ]
INFO: [ template_filter ] --END-- [ RunTime:0.000268s ]
INFO: Run Behavior\ParseTemplateBehavior [ RunTime:0.026777s ]
INFO: [ view_parse ] --END-- [ RunTime:0.026905s ]
INFO: [ view_filter ] --START--
INFO: Run Behavior\WriteHtmlCacheBehavior [ RunTime:0.000552s ]
INFO: [ view_filter ] --END-- [ RunTime:0.000638s ]
INFO: [ app_end ] --START--
INFO: Run Behavior\ShowPageTraceBehavior [ RunTime:0.000845s ]
INFO: [ app_end ] --END-- [ RunTime:0.000991s ]

